<?xml version="1.0" encoding="UTF-8"?>
<robot generator="Robot 4.1 (Python 3.8.10 on linux)" generated="20210908 17:41:23.156" rpa="false" schemaversion="2">
<suite id="s1" name="Tests" source="/home/chernomorov/Desktop/projects/swagger/tests.robot">
<kw name="Open Browser To Login Page" type="SETUP">
<msg timestamp="20210908 17:41:23.177" level="FAIL">No keyword with name 'Open Browser To Login Page' found.</msg>
<status status="FAIL" starttime="20210908 17:41:23.177" endtime="20210908 17:41:23.177"/>
</kw>
<test id="s1-t1" name="Invalid Username">
<status status="FAIL" starttime="20210908 17:41:23.177" endtime="20210908 17:41:23.177">Parent suite setup failed:
No keyword with name 'Open Browser To Login Page' found.</status>
</test>
<test id="s1-t2" name="Invalid Password">
<status status="FAIL" starttime="20210908 17:41:23.178" endtime="20210908 17:41:23.178">Parent suite setup failed:
No keyword with name 'Open Browser To Login Page' found.</status>
</test>
<test id="s1-t3" name="Invalid Username And Password">
<status status="FAIL" starttime="20210908 17:41:23.178" endtime="20210908 17:41:23.179">Parent suite setup failed:
No keyword with name 'Open Browser To Login Page' found.</status>
</test>
<test id="s1-t4" name="Empty Username">
<status status="FAIL" starttime="20210908 17:41:23.180" endtime="20210908 17:41:23.180">Parent suite setup failed:
No keyword with name 'Open Browser To Login Page' found.</status>
</test>
<test id="s1-t5" name="Empty Password">
<status status="FAIL" starttime="20210908 17:41:23.181" endtime="20210908 17:41:23.181">Parent suite setup failed:
No keyword with name 'Open Browser To Login Page' found.</status>
</test>
<test id="s1-t6" name="Empty Username And Password">
<status status="FAIL" starttime="20210908 17:41:23.182" endtime="20210908 17:41:23.182">Parent suite setup failed:
No keyword with name 'Open Browser To Login Page' found.</status>
</test>
<kw name="Close Browser" type="TEARDOWN">
<msg timestamp="20210908 17:41:23.184" level="FAIL">No keyword with name 'Close Browser' found.</msg>
<status status="FAIL" starttime="20210908 17:41:23.184" endtime="20210908 17:41:23.184">No keyword with name 'Close Browser' found.</status>
</kw>
<status status="FAIL" starttime="20210908 17:41:23.156" endtime="20210908 17:41:23.184">Suite setup failed:
No keyword with name 'Open Browser To Login Page' found.

Also suite teardown failed:
No keyword with name 'Close Browser' found.</status>
</suite>
<statistics>
<total>
<stat pass="0" fail="6" skip="0">All Tests</stat>
</total>
<tag>
</tag>
<suite>
<stat pass="0" fail="6" skip="0" id="s1" name="Tests">Tests</stat>
</suite>
</statistics>
<errors>
<msg timestamp="20210908 17:41:23.175" level="ERROR">Error in file '/home/chernomorov/Desktop/projects/swagger/tests.robot' on line 6: Resource file 'resource.txt' does not exist.</msg>
</errors>
</robot>
