<?xml version="1.0" encoding="UTF-8"?>
<robot generator="Robot 4.1 (Python 3.8.10 on linux)" generated="20210909 09:09:17.414" rpa="false" schemaversion="2">
<suite id="s1" name="Tests" source="/home/andrew/Рабочий стол/Andrei_Che/swagger/tests.robot">
<test id="s1-t1" name="Quick Get Request Test">
<status status="FAIL" starttime="20210909 09:09:17.461" endtime="20210909 09:09:17.462">Test case contains no keywords.</status>
</test>
<test id="s1-t2" name="${response}= GET https://petstore.swagger.io/v2/user/string expected_status=200">
<status status="FAIL" starttime="20210909 09:09:17.465" endtime="20210909 09:09:17.466">Test case contains no keywords.</status>
</test>
<status status="FAIL" starttime="20210909 09:09:17.415" endtime="20210909 09:09:17.467"/>
</suite>
<statistics>
<total>
<stat pass="0" fail="2" skip="0">All Tests</stat>
</total>
<tag>
</tag>
<suite>
<stat pass="0" fail="2" skip="0" id="s1" name="Tests">Tests</stat>
</suite>
</statistics>
<errors>
<msg timestamp="20210909 09:09:17.460" level="ERROR">Error in file '/home/andrew/Рабочий стол/Andrei_Che/swagger/tests.robot' on line 3: Importing library 'RequestsLibrary' failed: ModuleNotFoundError: No module named 'RequestsLibrary'
Traceback (most recent call last):
  None
PYTHONPATH:
  /home/andrew/.local/bin
  /usr/lib/python38.zip
  /usr/lib/python3.8
  /usr/lib/python3.8/lib-dynload
  /home/andrew/.local/lib/python3.8/site-packages
  /usr/local/lib/python3.8/dist-packages
  /usr/lib/python3/dist-packages</msg>
</errors>
</robot>
