<?xml version="1.0" encoding="UTF-8"?>
<robot generator="Robot 4.1.1 (Python 3.8.10 on linux)" generated="20210913 17:04:16.266" rpa="false" schemaversion="2">
<suite id="s1" name="Pet Tests" source="/home/chernomorov/Desktop/projects/swagger/Robot_Framework/pet_tests.robot">
<test id="s1-t1" name="Swagger add new pet Test">
<kw name="POST" library="RequestsLibrary">
<var>${response}</var>
<arg>https://petstore.swagger.io/v2/pet</arg>
<arg>data= ${data_pet}</arg>
<arg>headers=${headers}</arg>
<doc>Sends a POST request.</doc>
<msg timestamp="20210913 17:04:17.638" level="INFO">POST Request : url=https://petstore.swagger.io/v2/pet 
 path_url=/v2/pet 
 headers={'User-Agent': 'python-requests/2.26.0', 'Accept-Encoding': 'gzip, deflate', 'Accept': '*/*', 'Connection': 'keep-alive', 'Content-Type': 'application/json', 'Content-Length': '157'} 
 body= {"id": 0, "category": {"id": 0, "name": "string"}, "name": "doggie", "photoUrls": ["string"], "tags": [{"id": 0, "name": "string" }], "status": "available"} 
 </msg>
<msg timestamp="20210913 17:04:17.638" level="INFO">POST Response : url=https://petstore.swagger.io/v2/pet 
 status=200, reason=OK 
 headers={'Date': 'Mon, 13 Sep 2021 14:04:17 GMT', 'Content-Type': 'application/json', 'Transfer-Encoding': 'chunked', 'Connection': 'keep-alive', 'Access-Control-Allow-Origin': '*', 'Access-Control-Allow-Methods': 'GET, POST, DELETE, PUT', 'Access-Control-Allow-Headers': 'Content-Type, api_key, Authorization', 'Server': 'Jetty(9.2.9.v20150224)'} 
 body={"id":9222968140497184386,"category":{"id":0,"name":"string"},"name":"doggie","photoUrls":["string"],"tags":[{"id":0,"name":"string"}],"status":"available"} 
 </msg>
<msg timestamp="20210913 17:04:17.638" level="INFO">${response} = &lt;Response [200]&gt;</msg>
<status status="PASS" starttime="20210913 17:04:16.333" endtime="20210913 17:04:17.638"/>
</kw>
<status status="PASS" starttime="20210913 17:04:16.332" endtime="20210913 17:04:17.639"/>
</test>
<test id="s1-t2" name="Swagger update pet Test">
<kw name="PUT" library="RequestsLibrary">
<var>${response}</var>
<arg>https://petstore.swagger.io/v2/pet</arg>
<arg>data= ${data_pet}</arg>
<arg>headers=${headers}</arg>
<doc>Sends a PUT request.</doc>
<msg timestamp="20210913 17:04:18.694" level="INFO">PUT Request : url=https://petstore.swagger.io/v2/pet 
 path_url=/v2/pet 
 headers={'User-Agent': 'python-requests/2.26.0', 'Accept-Encoding': 'gzip, deflate', 'Accept': '*/*', 'Connection': 'keep-alive', 'Content-Type': 'application/json', 'Content-Length': '157'} 
 body= {"id": 0, "category": {"id": 0, "name": "string"}, "name": "doggie", "photoUrls": ["string"], "tags": [{"id": 0, "name": "string" }], "status": "available"} 
 </msg>
<msg timestamp="20210913 17:04:18.694" level="INFO">PUT Response : url=https://petstore.swagger.io/v2/pet 
 status=200, reason=OK 
 headers={'Date': 'Mon, 13 Sep 2021 14:04:18 GMT', 'Content-Type': 'application/json', 'Transfer-Encoding': 'chunked', 'Connection': 'keep-alive', 'Access-Control-Allow-Origin': '*', 'Access-Control-Allow-Methods': 'GET, POST, DELETE, PUT', 'Access-Control-Allow-Headers': 'Content-Type, api_key, Authorization', 'Server': 'Jetty(9.2.9.v20150224)'} 
 body={"id":9222968140497184220,"category":{"id":0,"name":"string"},"name":"doggie","photoUrls":["string"],"tags":[{"id":0,"name":"string"}],"status":"available"} 
 </msg>
<msg timestamp="20210913 17:04:18.694" level="INFO">${response} = &lt;Response [200]&gt;</msg>
<status status="PASS" starttime="20210913 17:04:17.640" endtime="20210913 17:04:18.694"/>
</kw>
<status status="PASS" starttime="20210913 17:04:17.639" endtime="20210913 17:04:18.694"/>
</test>
<test id="s1-t3" name="Swagger find pet Test">
<kw name="GET" library="RequestsLibrary">
<var>${response}</var>
<arg>https://petstore.swagger.io/v2/pet/findByStatus</arg>
<doc>Sends a GET request.</doc>
<msg timestamp="20210913 17:04:19.744" level="INFO">GET Request : url=https://petstore.swagger.io/v2/pet/findByStatus 
 path_url=/v2/pet/findByStatus 
 headers={'User-Agent': 'python-requests/2.26.0', 'Accept-Encoding': 'gzip, deflate', 'Accept': '*/*', 'Connection': 'keep-alive'} 
 body=None 
 </msg>
<msg timestamp="20210913 17:04:19.744" level="INFO">GET Response : url=https://petstore.swagger.io/v2/pet/findByStatus 
 status=200, reason=OK 
 headers={'Date': 'Mon, 13 Sep 2021 14:04:19 GMT', 'Content-Type': 'application/json', 'Transfer-Encoding': 'chunked', 'Connection': 'keep-alive', 'Access-Control-Allow-Origin': '*', 'Access-Control-Allow-Methods': 'GET, POST, DELETE, PUT', 'Access-Control-Allow-Headers': 'Content-Type, api_key, Authorization', 'Server': 'Jetty(9.2.9.v20150224)'} 
 body=[] 
 </msg>
<msg timestamp="20210913 17:04:19.745" level="INFO">${response} = &lt;Response [200]&gt;</msg>
<status status="PASS" starttime="20210913 17:04:18.696" endtime="20210913 17:04:19.745"/>
</kw>
<status status="PASS" starttime="20210913 17:04:18.695" endtime="20210913 17:04:19.745"/>
</test>
<test id="s1-t4" name="Swagger find pet by id Test">
<kw name="GET" library="RequestsLibrary">
<var>${response}</var>
<arg>https://petstore.swagger.io/v2/pet/1</arg>
<doc>Sends a GET request.</doc>
<msg timestamp="20210913 17:04:20.822" level="INFO">GET Request : url=https://petstore.swagger.io/v2/pet/1 
 path_url=/v2/pet/1 
 headers={'User-Agent': 'python-requests/2.26.0', 'Accept-Encoding': 'gzip, deflate', 'Accept': '*/*', 'Connection': 'keep-alive'} 
 body=None 
 </msg>
<msg timestamp="20210913 17:04:20.822" level="INFO">GET Response : url=https://petstore.swagger.io/v2/pet/1 
 status=200, reason=OK 
 headers={'Date': 'Mon, 13 Sep 2021 14:04:20 GMT', 'Content-Type': 'application/json', 'Transfer-Encoding': 'chunked', 'Connection': 'keep-alive', 'Access-Control-Allow-Origin': '*', 'Access-Control-Allow-Methods': 'GET, POST, DELETE, PUT', 'Access-Control-Allow-Headers': 'Content-Type, api_key, Authorization', 'Server': 'Jetty(9.2.9.v20150224)'} 
 body={"id":1,"category":{"id":0},"name":"pet001","photoUrls":[],"tags":[],"status":"ok"} 
 </msg>
<msg timestamp="20210913 17:04:20.823" level="INFO">${response} = &lt;Response [200]&gt;</msg>
<status status="PASS" starttime="20210913 17:04:19.746" endtime="20210913 17:04:20.823"/>
</kw>
<status status="PASS" starttime="20210913 17:04:19.745" endtime="20210913 17:04:20.823"/>
</test>
<test id="s1-t5" name="Swagger update pet by form Test">
<kw name="Pass Execution" library="BuiltIn">
<arg>HTTPError: 404 Client Error: Not Found for url: https://petstore.swagger.io/v2/pet/1</arg>
<doc>Skips rest of the current test, setup, or teardown with PASS status.</doc>
<msg timestamp="20210913 17:04:20.825" level="INFO">Execution passed with message:
HTTPError: 404 Client Error: Not Found for url: https://petstore.swagger.io/v2/pet/1</msg>
<status status="PASS" starttime="20210913 17:04:20.824" endtime="20210913 17:04:20.825"/>
</kw>
<status status="PASS" starttime="20210913 17:04:20.824" endtime="20210913 17:04:20.826">HTTPError: 404 Client Error: Not Found for url: https://petstore.swagger.io/v2/pet/1</status>
</test>
<test id="s1-t6" name="Swagger delete pet Test">
<kw name="Skip" library="BuiltIn">
<arg>('HTTPError: 404 Client Error: Not Found for url: https://petstore.swagger.io/v2/pet/5')</arg>
<doc>Skips the rest of the current test.</doc>
<msg timestamp="20210913 17:04:20.827" level="SKIP">('HTTPError: 404 Client Error: Not Found for url: https://petstore.swagger.io/v2/pet/5')</msg>
<status status="SKIP" starttime="20210913 17:04:20.827" endtime="20210913 17:04:20.827"/>
</kw>
<kw name="DELETE" library="RequestsLibrary">
<var>${response}</var>
<arg>https://petstore.swagger.io/v2/pet/5</arg>
<doc>Sends a DELETE request.</doc>
<status status="NOT RUN" starttime="20210913 17:04:20.827" endtime="20210913 17:04:20.827"/>
</kw>
<status status="SKIP" starttime="20210913 17:04:20.826" endtime="20210913 17:04:20.827">('HTTPError: 404 Client Error: Not Found for url: https://petstore.swagger.io/v2/pet/5')</status>
</test>
<test id="s1-t7" name="Swagger update image Test">
<kw name="Skip" library="BuiltIn">
<arg>('HTTPError: 415 Client Error: Unsupported Media Type for url: https://petstore.swagger.io/v2/pet/3/uploadImage')</arg>
<doc>Skips the rest of the current test.</doc>
<msg timestamp="20210913 17:04:20.829" level="SKIP">('HTTPError: 415 Client Error: Unsupported Media Type for url: https://petstore.swagger.io/v2/pet/3/uploadImage')</msg>
<status status="SKIP" starttime="20210913 17:04:20.828" endtime="20210913 17:04:20.829"/>
</kw>
<kw name="POST" library="RequestsLibrary">
<var>${response}</var>
<arg>https://petstore.swagger.io/v2/pet/3/uploadImage</arg>
<doc>Sends a POST request.</doc>
<status status="NOT RUN" starttime="20210913 17:04:20.829" endtime="20210913 17:04:20.829"/>
</kw>
<status status="SKIP" starttime="20210913 17:04:20.828" endtime="20210913 17:04:20.829">('HTTPError: 415 Client Error: Unsupported Media Type for url: https://petstore.swagger.io/v2/pet/3/uploadImage')</status>
</test>
<doc>Example using the space separated format.
Checking the information provided in the
Robot Framework documentation.</doc>
<status status="PASS" starttime="20210913 17:04:16.267" endtime="20210913 17:04:20.830"/>
</suite>
<statistics>
<total>
<stat pass="5" fail="0" skip="2">All Tests</stat>
</total>
<tag>
</tag>
<suite>
<stat pass="5" fail="0" skip="2" id="s1" name="Pet Tests">Pet Tests</stat>
</suite>
</statistics>
<errors>
</errors>
</robot>
