<?xml version="1.0" encoding="UTF-8"?>
<robot generator="Robot 4.1 (Python 3.8.10 on linux)" generated="20210914 08:09:39.216" rpa="false" schemaversion="2">
<suite id="s1" name="Store Tests" source="/home/andrew/Рабочий стол/Andrei_Che/swagger/Robot_Framework/store_tests.robot">
<kw name="Setup Store Tests" type="SETUP">
<msg timestamp="20210914 08:09:39.328" level="TRACE">Arguments: [  ]</msg>
<kw name="Evaluate" library="BuiltIn">
<var>${order_id}</var>
<arg>random.randint(1,10)</arg>
<arg>random</arg>
<doc>Evaluates the given expression in Python and returns the result.</doc>
<msg timestamp="20210914 08:09:39.328" level="TRACE">Arguments: [ 'random.randint(1,10)' | 'random' ]</msg>
<msg timestamp="20210914 08:09:39.329" level="TRACE">Return: 9</msg>
<msg timestamp="20210914 08:09:39.329" level="INFO">${order_id} = 9</msg>
<status status="PASS" starttime="20210914 08:09:39.328" endtime="20210914 08:09:39.329"/>
</kw>
<kw name="Set Suite Variable" library="BuiltIn">
<arg>${order_id}</arg>
<arg>${order_id}</arg>
<doc>Makes a variable available everywhere within the scope of the current suite.</doc>
<msg timestamp="20210914 08:09:39.329" level="TRACE">Arguments: [ '${order_id}' | '${order_id}' ]</msg>
<msg timestamp="20210914 08:09:39.330" level="INFO">${order_id} = 9</msg>
<msg timestamp="20210914 08:09:39.330" level="TRACE">Return: None</msg>
<status status="PASS" starttime="20210914 08:09:39.329" endtime="20210914 08:09:39.330"/>
</kw>
<kw name="Evaluate" library="BuiltIn">
<var>${data_order}</var>
<arg>{"id": ${order_id}, "petId": 0, "quantity": 0, "shipDate": "2021-09-10T12:12:18.589Z", "status": "placed", "complete": True}</arg>
<doc>Evaluates the given expression in Python and returns the result.</doc>
<msg timestamp="20210914 08:09:39.330" level="TRACE">Arguments: [ '{"id": 9, "petId": 0, "quantity": 0, "shipDate": "2021-09-10T12:12:18.589Z", "status": "placed", "complete": True}' ]</msg>
<msg timestamp="20210914 08:09:39.331" level="TRACE">Return: {'complete': True,
 'id': 9,
 'petId': 0,
 'quantity': 0,
 'shipDate': '2021-09-10T12:12:18.589Z',
 'status': 'placed'}</msg>
<msg timestamp="20210914 08:09:39.331" level="INFO">${data_order} = {'id': 9, 'petId': 0, 'quantity': 0, 'shipDate': '2021-09-10T12:12:18.589Z', 'status': 'placed', 'complete': True}</msg>
<status status="PASS" starttime="20210914 08:09:39.330" endtime="20210914 08:09:39.331"/>
</kw>
<kw name="Set Suite Variable" library="BuiltIn">
<arg>${data_order}</arg>
<arg>${data_order}</arg>
<doc>Makes a variable available everywhere within the scope of the current suite.</doc>
<msg timestamp="20210914 08:09:39.331" level="TRACE">Arguments: [ '${data_order}' | '${data_order}' ]</msg>
<msg timestamp="20210914 08:09:39.332" level="INFO">${data_order} = {'id': 9, 'petId': 0, 'quantity': 0, 'shipDate': '2021-09-10T12:12:18.589Z', 'status': 'placed', 'complete': True}</msg>
<msg timestamp="20210914 08:09:39.332" level="TRACE">Return: None</msg>
<status status="PASS" starttime="20210914 08:09:39.331" endtime="20210914 08:09:39.332"/>
</kw>
<msg timestamp="20210914 08:09:39.332" level="TRACE">Return: None</msg>
<status status="PASS" starttime="20210914 08:09:39.328" endtime="20210914 08:09:39.332"/>
</kw>
<test id="s1-t1" name="Swagger store inventory Test">
<kw name="GET" library="RequestsLibrary">
<var>${response}</var>
<arg>https://petstore.swagger.io/v2/store/inventory</arg>
<doc>Sends a GET request.</doc>
<msg timestamp="20210914 08:09:39.333" level="TRACE">Arguments: [ 'https://petstore.swagger.io/v2/store/inventory' ]</msg>
<msg timestamp="20210914 08:09:39.335" level="DEBUG">Starting new HTTPS connection (1): petstore.swagger.io:443</msg>
<msg timestamp="20210914 08:09:39.922" level="DEBUG">https://petstore.swagger.io:443 "GET /v2/store/inventory HTTP/1.1" 200 None</msg>
<msg timestamp="20210914 08:09:39.926" level="INFO">GET Request : url=https://petstore.swagger.io/v2/store/inventory 
 path_url=/v2/store/inventory 
 headers={'User-Agent': 'python-requests/2.22.0', 'Accept-Encoding': 'gzip, deflate', 'Accept': '*/*', 'Connection': 'keep-alive'} 
 body=None 
 </msg>
<msg timestamp="20210914 08:09:39.927" level="INFO">GET Response : url=https://petstore.swagger.io/v2/store/inventory 
 status=200, reason=OK 
 headers={'Date': 'Tue, 14 Sep 2021 05:09:39 GMT', 'Content-Type': 'application/json', 'Transfer-Encoding': 'chunked', 'Connection': 'keep-alive', 'Access-Control-Allow-Origin': '*', 'Access-Control-Allow-Methods': 'GET, POST, DELETE, PUT', 'Access-Control-Allow-Headers': 'Content-Type, api_key, Authorization', 'Server': 'Jetty(9.2.9.v20150224)'} 
 body={"sold":8,"string":257,"pending":3,"available":723,"StatusJvR":2,"status":1} 
 </msg>
<msg timestamp="20210914 08:09:39.928" level="TRACE">Return: &lt;Response [200]&gt;</msg>
<msg timestamp="20210914 08:09:39.928" level="INFO">${response} = &lt;Response [200]&gt;</msg>
<status status="PASS" starttime="20210914 08:09:39.333" endtime="20210914 08:09:39.928"/>
</kw>
<status status="PASS" starttime="20210914 08:09:39.332" endtime="20210914 08:09:39.929"/>
</test>
<test id="s1-t2" name="Swagger store oder Test">
<kw name="POST" library="RequestsLibrary">
<var>${response}</var>
<arg>https://petstore.swagger.io/v2/store/order</arg>
<arg>json=${data_order}</arg>
<arg>headers=&amp;{headers}</arg>
<doc>Sends a POST request.</doc>
<msg timestamp="20210914 08:09:39.933" level="TRACE">Arguments: [ 'https://petstore.swagger.io/v2/store/order' | json={'complete': True,
 'id': 9,
 'petId': 0,
 'quantity': 0,
 'shipDate': '2021-09-10T12:12:18.589Z',
 'status': 'placed'} | headers={'Content-Type': 'application/json'} ]</msg>
<msg timestamp="20210914 08:09:39.936" level="DEBUG">Starting new HTTPS connection (1): petstore.swagger.io:443</msg>
<msg timestamp="20210914 08:09:40.511" level="DEBUG">https://petstore.swagger.io:443 "POST /v2/store/order HTTP/1.1" 200 None</msg>
<msg timestamp="20210914 08:09:40.513" level="INFO">POST Request : url=https://petstore.swagger.io/v2/store/order 
 path_url=/v2/store/order 
 headers={'User-Agent': 'python-requests/2.22.0', 'Accept-Encoding': 'gzip, deflate', 'Accept': '*/*', 'Connection': 'keep-alive', 'Content-Type': 'application/json', 'Content-Length': '114'} 
 body=b'{"id": 9, "petId": 0, "quantity": 0, "shipDate": "2021-09-10T12:12:18.589Z", "status": "placed", "complete": true}' 
 </msg>
<msg timestamp="20210914 08:09:40.514" level="INFO">POST Response : url=https://petstore.swagger.io/v2/store/order 
 status=200, reason=OK 
 headers={'Date': 'Tue, 14 Sep 2021 05:09:40 GMT', 'Content-Type': 'application/json', 'Transfer-Encoding': 'chunked', 'Connection': 'keep-alive', 'Access-Control-Allow-Origin': '*', 'Access-Control-Allow-Methods': 'GET, POST, DELETE, PUT', 'Access-Control-Allow-Headers': 'Content-Type, api_key, Authorization', 'Server': 'Jetty(9.2.9.v20150224)'} 
 body={"id":9,"petId":0,"quantity":0,"shipDate":"2021-09-10T12:12:18.589+0000","status":"placed","complete":true} 
 </msg>
<msg timestamp="20210914 08:09:40.514" level="TRACE">Return: &lt;Response [200]&gt;</msg>
<msg timestamp="20210914 08:09:40.514" level="INFO">${response} = &lt;Response [200]&gt;</msg>
<status status="PASS" starttime="20210914 08:09:39.932" endtime="20210914 08:09:40.515"/>
</kw>
<kw name="Sleep" library="BuiltIn">
<arg>2 sec</arg>
<doc>Pauses the test executed for the given time.</doc>
<msg timestamp="20210914 08:09:40.515" level="TRACE">Arguments: [ '2 sec' ]</msg>
<msg timestamp="20210914 08:09:42.516" level="INFO">Slept 2 seconds</msg>
<msg timestamp="20210914 08:09:42.516" level="TRACE">Return: None</msg>
<status status="PASS" starttime="20210914 08:09:40.515" endtime="20210914 08:09:42.516"/>
</kw>
<status status="PASS" starttime="20210914 08:09:39.931" endtime="20210914 08:09:42.517"/>
</test>
<test id="s1-t3" name="Swagger store oder id Test">
<kw name="Skip" library="BuiltIn">
<arg>"HTTPError: 404 Client Error: Not Found for url: https://petstore.swagger.io/v2/store/order/4"</arg>
<doc>Skips the rest of the current test.</doc>
<msg timestamp="20210914 08:09:42.521" level="TRACE">Arguments: [ '"HTTPError: 404 Client Error: Not Found for url: https://petstore.swagger.io/v2/store/order/4"' ]</msg>
<msg timestamp="20210914 08:09:42.522" level="SKIP">"HTTPError: 404 Client Error: Not Found for url: https://petstore.swagger.io/v2/store/order/4"</msg>
<msg timestamp="20210914 08:09:42.522" level="DEBUG">Traceback (most recent call last):
  None</msg>
<status status="SKIP" starttime="20210914 08:09:42.520" endtime="20210914 08:09:42.523"/>
</kw>
<kw name="GET" library="RequestsLibrary">
<var>${response}</var>
<arg>https://petstore.swagger.io/v2/store/order/${order_id}</arg>
<arg>json=${data_order}</arg>
<doc>Sends a GET request.</doc>
<status status="NOT RUN" starttime="20210914 08:09:42.524" endtime="20210914 08:09:42.524"/>
</kw>
<status status="SKIP" starttime="20210914 08:09:42.518" endtime="20210914 08:09:42.524">"HTTPError: 404 Client Error: Not Found for url: https://petstore.swagger.io/v2/store/order/4"</status>
</test>
<test id="s1-t4" name="Swagger store oder delete Test">
<kw name="Skip" library="BuiltIn">
<arg>"HTTPError: 404 Client Error: Not Found for url: https://petstore.swagger.io/v2/store/order/4"</arg>
<doc>Skips the rest of the current test.</doc>
<msg timestamp="20210914 08:09:42.526" level="TRACE">Arguments: [ '"HTTPError: 404 Client Error: Not Found for url: https://petstore.swagger.io/v2/store/order/4"' ]</msg>
<msg timestamp="20210914 08:09:42.526" level="SKIP">"HTTPError: 404 Client Error: Not Found for url: https://petstore.swagger.io/v2/store/order/4"</msg>
<msg timestamp="20210914 08:09:42.526" level="DEBUG">Traceback (most recent call last):
  None</msg>
<status status="SKIP" starttime="20210914 08:09:42.526" endtime="20210914 08:09:42.526"/>
</kw>
<kw name="DELETE" library="RequestsLibrary">
<var>${response}</var>
<arg>https://petstore.swagger.io/v2/store/order/${order_id}</arg>
<arg>json=${data_order}</arg>
<doc>Sends a DELETE request.</doc>
<status status="NOT RUN" starttime="20210914 08:09:42.527" endtime="20210914 08:09:42.527"/>
</kw>
<status status="SKIP" starttime="20210914 08:09:42.525" endtime="20210914 08:09:42.527">"HTTPError: 404 Client Error: Not Found for url: https://petstore.swagger.io/v2/store/order/4"</status>
</test>
<doc>Example using the space separated format.
Checking the information provided in the
Robot Framework documentation.</doc>
<status status="PASS" starttime="20210914 08:09:39.217" endtime="20210914 08:09:42.528"/>
</suite>
<statistics>
<total>
<stat pass="2" fail="0" skip="2">All Tests</stat>
</total>
<tag>
</tag>
<suite>
<stat pass="2" fail="0" skip="2" id="s1" name="Store Tests">Store Tests</stat>
</suite>
</statistics>
<errors>
</errors>
</robot>
