<?xml version="1.0" encoding="UTF-8"?>
<robot generator="Robot 4.1.1 (Python 3.8.10 on linux)" generated="20210910 16:23:07.197" rpa="false" schemaversion="2">
<suite id="s1" name="Pet Tests" source="/home/chernomorov/Desktop/projects/swagger/Robot_Framework/pet_tests.robot">
<test id="s1-t1" name="Swagger add new pet Test">
<kw name="Create Dictionary" library="BuiltIn">
<var>${headers}</var>
<arg>Content-Type=application/json; charset=utf-8</arg>
<doc>Creates and returns a dictionary based on the given ``items``.</doc>
<msg timestamp="20210910 16:23:07.266" level="INFO">${headers} = {'Content-Type': 'application/json; charset=utf-8'}</msg>
<status status="PASS" starttime="20210910 16:23:07.266" endtime="20210910 16:23:07.266"/>
</kw>
<kw name="POST" library="RequestsLibrary">
<var>${response}</var>
<arg>https://petstore.swagger.io/v2/pet</arg>
<arg>data= ${data_pet}</arg>
<arg>headers=${headers}</arg>
<doc>Sends a POST request.</doc>
<msg timestamp="20210910 16:23:08.299" level="INFO">POST Request : url=https://petstore.swagger.io/v2/pet 
 path_url=/v2/pet 
 headers={'User-Agent': 'python-requests/2.26.0', 'Accept-Encoding': 'gzip, deflate', 'Accept': '*/*', 'Connection': 'keep-alive', 'Content-Type': 'application/json; charset=utf-8', 'Content-Length': '157'} 
 body= {"id": 0, "category": {"id": 0, "name": "string"}, "name": "doggie", "photoUrls": ["string"], "tags": [{"id": 0, "name": "string" }], "status": "available"} 
 </msg>
<msg timestamp="20210910 16:23:08.299" level="INFO">POST Response : url=https://petstore.swagger.io/v2/pet 
 status=200, reason=OK 
 headers={'Date': 'Fri, 10 Sep 2021 13:23:08 GMT', 'Content-Type': 'application/json', 'Transfer-Encoding': 'chunked', 'Connection': 'keep-alive', 'Access-Control-Allow-Origin': '*', 'Access-Control-Allow-Methods': 'GET, POST, DELETE, PUT', 'Access-Control-Allow-Headers': 'Content-Type, api_key, Authorization', 'Server': 'Jetty(9.2.9.v20150224)'} 
 body={"id":9223372036854775807,"category":{"id":0,"name":"string"},"name":"doggie","photoUrls":["string"],"tags":[{"id":0,"name":"string"}],"status":"available"} 
 </msg>
<msg timestamp="20210910 16:23:08.300" level="INFO">${response} = &lt;Response [200]&gt;</msg>
<status status="PASS" starttime="20210910 16:23:07.266" endtime="20210910 16:23:08.300"/>
</kw>
<status status="PASS" starttime="20210910 16:23:07.265" endtime="20210910 16:23:08.300"/>
</test>
<test id="s1-t2" name="Swagger update pet Test">
<kw name="Create Dictionary" library="BuiltIn">
<var>${headers}</var>
<arg>Content-Type=application/json; charset=utf-8</arg>
<doc>Creates and returns a dictionary based on the given ``items``.</doc>
<msg timestamp="20210910 16:23:08.304" level="INFO">${headers} = {'Content-Type': 'application/json; charset=utf-8'}</msg>
<status status="PASS" starttime="20210910 16:23:08.303" endtime="20210910 16:23:08.304"/>
</kw>
<kw name="PUT" library="RequestsLibrary">
<var>${response}</var>
<arg>https://petstore.swagger.io/v2/pet</arg>
<arg>data= ${data_pet}</arg>
<arg>headers=${headers}</arg>
<doc>Sends a PUT request.</doc>
<msg timestamp="20210910 16:23:09.295" level="INFO">PUT Request : url=https://petstore.swagger.io/v2/pet 
 path_url=/v2/pet 
 headers={'User-Agent': 'python-requests/2.26.0', 'Accept-Encoding': 'gzip, deflate', 'Accept': '*/*', 'Connection': 'keep-alive', 'Content-Type': 'application/json; charset=utf-8', 'Content-Length': '157'} 
 body= {"id": 0, "category": {"id": 0, "name": "string"}, "name": "doggie", "photoUrls": ["string"], "tags": [{"id": 0, "name": "string" }], "status": "available"} 
 </msg>
<msg timestamp="20210910 16:23:09.295" level="INFO">PUT Response : url=https://petstore.swagger.io/v2/pet 
 status=200, reason=OK 
 headers={'Date': 'Fri, 10 Sep 2021 13:23:09 GMT', 'Content-Type': 'application/json', 'Transfer-Encoding': 'chunked', 'Connection': 'keep-alive', 'Access-Control-Allow-Origin': '*', 'Access-Control-Allow-Methods': 'GET, POST, DELETE, PUT', 'Access-Control-Allow-Headers': 'Content-Type, api_key, Authorization', 'Server': 'Jetty(9.2.9.v20150224)'} 
 body={"id":9223372036854775807,"category":{"id":0,"name":"string"},"name":"doggie","photoUrls":["string"],"tags":[{"id":0,"name":"string"}],"status":"available"} 
 </msg>
<msg timestamp="20210910 16:23:09.296" level="INFO">${response} = &lt;Response [200]&gt;</msg>
<status status="PASS" starttime="20210910 16:23:08.304" endtime="20210910 16:23:09.297"/>
</kw>
<status status="PASS" starttime="20210910 16:23:08.301" endtime="20210910 16:23:09.297"/>
</test>
<test id="s1-t3" name="Swagger find pet Test">
<kw name="Create Dictionary" library="BuiltIn">
<var>${headers}</var>
<arg>Content-Type=application/json; charset=utf-8</arg>
<doc>Creates and returns a dictionary based on the given ``items``.</doc>
<msg timestamp="20210910 16:23:09.298" level="INFO">${headers} = {'Content-Type': 'application/json; charset=utf-8'}</msg>
<status status="PASS" starttime="20210910 16:23:09.298" endtime="20210910 16:23:09.298"/>
</kw>
<kw name="GET" library="RequestsLibrary">
<var>${response}</var>
<arg>https://petstore.swagger.io/v2/pet/findByStatus</arg>
<doc>Sends a GET request.</doc>
<msg timestamp="20210910 16:23:10.268" level="INFO">GET Request : url=https://petstore.swagger.io/v2/pet/findByStatus 
 path_url=/v2/pet/findByStatus 
 headers={'User-Agent': 'python-requests/2.26.0', 'Accept-Encoding': 'gzip, deflate', 'Accept': '*/*', 'Connection': 'keep-alive'} 
 body=None 
 </msg>
<msg timestamp="20210910 16:23:10.269" level="INFO">GET Response : url=https://petstore.swagger.io/v2/pet/findByStatus 
 status=200, reason=OK 
 headers={'Date': 'Fri, 10 Sep 2021 13:23:10 GMT', 'Content-Type': 'application/json', 'Transfer-Encoding': 'chunked', 'Connection': 'keep-alive', 'Access-Control-Allow-Origin': '*', 'Access-Control-Allow-Methods': 'GET, POST, DELETE, PUT', 'Access-Control-Allow-Headers': 'Content-Type, api_key, Authorization', 'Server': 'Jetty(9.2.9.v20150224)'} 
 body=[] 
 </msg>
<msg timestamp="20210910 16:23:10.269" level="INFO">${response} = &lt;Response [200]&gt;</msg>
<status status="PASS" starttime="20210910 16:23:09.298" endtime="20210910 16:23:10.269"/>
</kw>
<status status="PASS" starttime="20210910 16:23:09.297" endtime="20210910 16:23:10.270"/>
</test>
<test id="s1-t4" name="Swagger find pet by id Test">
<kw name="Create Dictionary" library="BuiltIn">
<var>${headers}</var>
<arg>Content-Type=application/json; charset=utf-8</arg>
<doc>Creates and returns a dictionary based on the given ``items``.</doc>
<msg timestamp="20210910 16:23:10.271" level="INFO">${headers} = {'Content-Type': 'application/json; charset=utf-8'}</msg>
<status status="PASS" starttime="20210910 16:23:10.270" endtime="20210910 16:23:10.271"/>
</kw>
<kw name="GET" library="RequestsLibrary">
<var>${response}</var>
<arg>https://petstore.swagger.io/v2/pet/1</arg>
<doc>Sends a GET request.</doc>
<msg timestamp="20210910 16:23:11.283" level="INFO">GET Request : url=https://petstore.swagger.io/v2/pet/1 
 path_url=/v2/pet/1 
 headers={'User-Agent': 'python-requests/2.26.0', 'Accept-Encoding': 'gzip, deflate', 'Accept': '*/*', 'Connection': 'keep-alive'} 
 body=None 
 </msg>
<msg timestamp="20210910 16:23:11.284" level="INFO">GET Response : url=https://petstore.swagger.io/v2/pet/1 
 status=200, reason=OK 
 headers={'Date': 'Fri, 10 Sep 2021 13:23:11 GMT', 'Content-Type': 'application/json', 'Transfer-Encoding': 'chunked', 'Connection': 'keep-alive', 'Access-Control-Allow-Origin': '*', 'Access-Control-Allow-Methods': 'GET, POST, DELETE, PUT', 'Access-Control-Allow-Headers': 'Content-Type, api_key, Authorization', 'Server': 'Jetty(9.2.9.v20150224)'} 
 body={"id":1,"category":{"id":0},"name":"pet001","photoUrls":[],"tags":[],"status":"ok"} 
 </msg>
<msg timestamp="20210910 16:23:11.284" level="INFO">${response} = &lt;Response [200]&gt;</msg>
<status status="PASS" starttime="20210910 16:23:10.271" endtime="20210910 16:23:11.285"/>
</kw>
<status status="PASS" starttime="20210910 16:23:10.270" endtime="20210910 16:23:11.285"/>
</test>
<doc>Example using the space separated format.
Checking the information provided in the
Robot Framework documentation.</doc>
<status status="PASS" starttime="20210910 16:23:07.198" endtime="20210910 16:23:11.286"/>
</suite>
<statistics>
<total>
<stat pass="4" fail="0" skip="0">All Tests</stat>
</total>
<tag>
</tag>
<suite>
<stat pass="4" fail="0" skip="0" id="s1" name="Pet Tests">Pet Tests</stat>
</suite>
</statistics>
<errors>
</errors>
</robot>
