<?xml version="1.0" encoding="UTF-8"?>
<robot generator="Robot 4.1.1 (Python 3.8.10 on linux)" generated="20210915 17:46:05.743" rpa="false" schemaversion="2">
<suite id="s1" name="Store Tests" source="/home/chernomorov/Desktop/projects/swagger/Robot_Framework/store_tests.robot">
<kw name="Setup Store Tests" type="SETUP">
<msg timestamp="20210915 17:46:05.822" level="TRACE">Arguments: [  ]</msg>
<kw name="Evaluate" library="BuiltIn">
<var>${order_id}</var>
<arg>random.randint(1,10)</arg>
<arg>random</arg>
<doc>Evaluates the given expression in Python and returns the result.</doc>
<msg timestamp="20210915 17:46:05.822" level="TRACE">Arguments: [ 'random.randint(1,10)' | 'random' ]</msg>
<msg timestamp="20210915 17:46:05.822" level="TRACE">Return: 3</msg>
<msg timestamp="20210915 17:46:05.822" level="INFO">${order_id} = 3</msg>
<status status="PASS" starttime="20210915 17:46:05.822" endtime="20210915 17:46:05.822"/>
</kw>
<kw name="Set Suite Variable" library="BuiltIn">
<arg>${order_id}</arg>
<arg>${order_id}</arg>
<doc>Makes a variable available everywhere within the scope of the current suite.</doc>
<msg timestamp="20210915 17:46:05.823" level="TRACE">Arguments: [ '${order_id}' | '${order_id}' ]</msg>
<msg timestamp="20210915 17:46:05.823" level="INFO">${order_id} = 3</msg>
<msg timestamp="20210915 17:46:05.823" level="TRACE">Return: None</msg>
<status status="PASS" starttime="20210915 17:46:05.823" endtime="20210915 17:46:05.823"/>
</kw>
<kw name="Evaluate" library="BuiltIn">
<var>${data_order}</var>
<arg>{"id": ${order_id}, "petId": 0, "quantity": 0, "shipDate": "2021-09-10T12:12:18.589Z", "status": "placed", "complete": True}</arg>
<doc>Evaluates the given expression in Python and returns the result.</doc>
<msg timestamp="20210915 17:46:05.823" level="TRACE">Arguments: [ '{"id": 3, "petId": 0, "quantity": 0, "shipDate": "2021-09-10T12:12:18.589Z", "status": "placed", "complete": True}' ]</msg>
<msg timestamp="20210915 17:46:05.824" level="TRACE">Return: {'complete': True,
 'id': 3,
 'petId': 0,
 'quantity': 0,
 'shipDate': '2021-09-10T12:12:18.589Z',
 'status': 'placed'}</msg>
<msg timestamp="20210915 17:46:05.824" level="INFO">${data_order} = {'id': 3, 'petId': 0, 'quantity': 0, 'shipDate': '2021-09-10T12:12:18.589Z', 'status': 'placed', 'complete': True}</msg>
<status status="PASS" starttime="20210915 17:46:05.823" endtime="20210915 17:46:05.824"/>
</kw>
<kw name="Set Suite Variable" library="BuiltIn">
<arg>${data_order}</arg>
<arg>${data_order}</arg>
<doc>Makes a variable available everywhere within the scope of the current suite.</doc>
<msg timestamp="20210915 17:46:05.824" level="TRACE">Arguments: [ '${data_order}' | '${data_order}' ]</msg>
<msg timestamp="20210915 17:46:05.824" level="INFO">${data_order} = {'id': 3, 'petId': 0, 'quantity': 0, 'shipDate': '2021-09-10T12:12:18.589Z', 'status': 'placed', 'complete': True}</msg>
<msg timestamp="20210915 17:46:05.824" level="TRACE">Return: None</msg>
<status status="PASS" starttime="20210915 17:46:05.824" endtime="20210915 17:46:05.824"/>
</kw>
<msg timestamp="20210915 17:46:05.824" level="TRACE">Return: None</msg>
<status status="PASS" starttime="20210915 17:46:05.822" endtime="20210915 17:46:05.824"/>
</kw>
<test id="s1-t1" name="Swagger store inventory Test">
<kw name="GET" library="RequestsLibrary">
<var>${response}</var>
<arg>https://petstore.swagger.io/v2/store/inventory</arg>
<doc>Sends a GET request.</doc>
<msg timestamp="20210915 17:46:05.825" level="TRACE">Arguments: [ 'https://petstore.swagger.io/v2/store/inventory' ]</msg>
<msg timestamp="20210915 17:46:05.828" level="DEBUG">Starting new HTTPS connection (1): petstore.swagger.io:443</msg>
<msg timestamp="20210915 17:46:06.986" level="DEBUG">https://petstore.swagger.io:443 "GET /v2/store/inventory HTTP/1.1" 200 None</msg>
<msg timestamp="20210915 17:46:06.987" level="INFO">GET Request : url=https://petstore.swagger.io/v2/store/inventory 
 path_url=/v2/store/inventory 
 headers={'User-Agent': 'python-requests/2.26.0', 'Accept-Encoding': 'gzip, deflate', 'Accept': '*/*', 'Connection': 'keep-alive'} 
 body=None 
 </msg>
<msg timestamp="20210915 17:46:06.987" level="INFO">GET Response : url=https://petstore.swagger.io/v2/store/inventory 
 status=200, reason=OK 
 headers={'Date': 'Wed, 15 Sep 2021 14:46:06 GMT', 'Content-Type': 'application/json', 'Transfer-Encoding': 'chunked', 'Connection': 'keep-alive', 'Access-Control-Allow-Origin': '*', 'Access-Control-Allow-Methods': 'GET, POST, DELETE, PUT', 'Access-Control-Allow-Headers': 'Content-Type, api_key, Authorization', 'Server': 'Jetty(9.2.9.v20150224)'} 
 body={"sold":13,"Kreupel":1,"string":216,"Onbekend-2":1,"pending":3,"available":696,"Onbekend-4":1,"Onbekend-3":1,"Kreupel-2":1,"Kreupel-3":1,"Kreupel-4":1,"1":4,"Verkocht":1,"Gestorven-4":1,"Onbekend":1,"Gestorven-3":1,"Verkocht-3":1,"Gestorven-2":1,"Verkocht-4":1,"Verkocht-2":1,"not available":2,"ok":6,"OK":1,"Gestorven":1} 
 </msg>
<msg timestamp="20210915 17:46:06.988" level="TRACE">Return: &lt;Response [200]&gt;</msg>
<msg timestamp="20210915 17:46:06.988" level="INFO">${response} = &lt;Response [200]&gt;</msg>
<status status="PASS" starttime="20210915 17:46:05.825" endtime="20210915 17:46:06.988"/>
</kw>
<kw name="Status Should Be" library="RequestsLibrary">
<arg>OK</arg>
<arg>${response}</arg>
<doc>Fails if response status code is different than the expected.</doc>
<msg timestamp="20210915 17:46:06.988" level="TRACE">Arguments: [ 'OK' | &lt;Response [200]&gt; ]</msg>
<msg timestamp="20210915 17:46:06.988" level="TRACE">Return: None</msg>
<status status="PASS" starttime="20210915 17:46:06.988" endtime="20210915 17:46:06.988"/>
</kw>
<kw name="Log To Console" library="BuiltIn">
<arg>${response.status_code}</arg>
<doc>Logs the given message to the console.</doc>
<msg timestamp="20210915 17:46:06.989" level="TRACE">Arguments: [ 200 ]</msg>
<msg timestamp="20210915 17:46:06.989" level="TRACE">Return: None</msg>
<status status="PASS" starttime="20210915 17:46:06.989" endtime="20210915 17:46:06.990"/>
</kw>
<status status="PASS" starttime="20210915 17:46:05.825" endtime="20210915 17:46:06.990"/>
</test>
<test id="s1-t2" name="Swagger store oder Test">
<kw name="POST" library="RequestsLibrary">
<var>${response}</var>
<arg>https://petstore.swagger.io/v2/store/order</arg>
<arg>json=${data_order}</arg>
<arg>headers=&amp;{headers}</arg>
<doc>Sends a POST request.</doc>
<msg timestamp="20210915 17:46:06.991" level="TRACE">Arguments: [ 'https://petstore.swagger.io/v2/store/order' | json={'complete': True,
 'id': 3,
 'petId': 0,
 'quantity': 0,
 'shipDate': '2021-09-10T12:12:18.589Z',
 'status': 'placed'} | headers={'Content-Type': 'application/json'} ]</msg>
<msg timestamp="20210915 17:46:06.993" level="DEBUG">Starting new HTTPS connection (1): petstore.swagger.io:443</msg>
<msg timestamp="20210915 17:46:08.117" level="DEBUG">https://petstore.swagger.io:443 "POST /v2/store/order HTTP/1.1" 200 None</msg>
<msg timestamp="20210915 17:46:08.118" level="INFO">POST Request : url=https://petstore.swagger.io/v2/store/order 
 path_url=/v2/store/order 
 headers={'User-Agent': 'python-requests/2.26.0', 'Accept-Encoding': 'gzip, deflate', 'Accept': '*/*', 'Connection': 'keep-alive', 'Content-Type': 'application/json', 'Content-Length': '114'} 
 body=b'{"id": 3, "petId": 0, "quantity": 0, "shipDate": "2021-09-10T12:12:18.589Z", "status": "placed", "complete": true}' 
 </msg>
<msg timestamp="20210915 17:46:08.118" level="INFO">POST Response : url=https://petstore.swagger.io/v2/store/order 
 status=200, reason=OK 
 headers={'Date': 'Wed, 15 Sep 2021 14:46:08 GMT', 'Content-Type': 'application/json', 'Transfer-Encoding': 'chunked', 'Connection': 'keep-alive', 'Access-Control-Allow-Origin': '*', 'Access-Control-Allow-Methods': 'GET, POST, DELETE, PUT', 'Access-Control-Allow-Headers': 'Content-Type, api_key, Authorization', 'Server': 'Jetty(9.2.9.v20150224)'} 
 body={"id":3,"petId":0,"quantity":0,"shipDate":"2021-09-10T12:12:18.589+0000","status":"placed","complete":true} 
 </msg>
<msg timestamp="20210915 17:46:08.118" level="TRACE">Return: &lt;Response [200]&gt;</msg>
<msg timestamp="20210915 17:46:08.118" level="INFO">${response} = &lt;Response [200]&gt;</msg>
<status status="PASS" starttime="20210915 17:46:06.991" endtime="20210915 17:46:08.119"/>
</kw>
<kw name="Status Should Be" library="RequestsLibrary">
<arg>OK</arg>
<arg>${response}</arg>
<doc>Fails if response status code is different than the expected.</doc>
<msg timestamp="20210915 17:46:08.119" level="TRACE">Arguments: [ 'OK' | &lt;Response [200]&gt; ]</msg>
<msg timestamp="20210915 17:46:08.119" level="TRACE">Return: None</msg>
<status status="PASS" starttime="20210915 17:46:08.119" endtime="20210915 17:46:08.119"/>
</kw>
<kw name="Log To Console" library="BuiltIn">
<arg>${response.status_code}</arg>
<doc>Logs the given message to the console.</doc>
<msg timestamp="20210915 17:46:08.120" level="TRACE">Arguments: [ 200 ]</msg>
<msg timestamp="20210915 17:46:08.120" level="TRACE">Return: None</msg>
<status status="PASS" starttime="20210915 17:46:08.120" endtime="20210915 17:46:08.120"/>
</kw>
<status status="PASS" starttime="20210915 17:46:06.990" endtime="20210915 17:46:08.121"/>
</test>
<test id="s1-t3" name="Swagger store oder id Test">
<kw name="GET" library="RequestsLibrary">
<var>${response}</var>
<arg>https://petstore.swagger.io/v2/store/order/${order_id}</arg>
<arg>json=${data_order}</arg>
<doc>Sends a GET request.</doc>
<msg timestamp="20210915 17:46:08.122" level="TRACE">Arguments: [ 'https://petstore.swagger.io/v2/store/order/3' | json={'complete': True,
 'id': 3,
 'petId': 0,
 'quantity': 0,
 'shipDate': '2021-09-10T12:12:18.589Z',
 'status': 'placed'} ]</msg>
<msg timestamp="20210915 17:46:08.124" level="DEBUG">Starting new HTTPS connection (1): petstore.swagger.io:443</msg>
<msg timestamp="20210915 17:46:09.276" level="DEBUG">https://petstore.swagger.io:443 "GET /v2/store/order/3 HTTP/1.1" 200 None</msg>
<msg timestamp="20210915 17:46:09.277" level="INFO">GET Request : url=https://petstore.swagger.io/v2/store/order/3 
 path_url=/v2/store/order/3 
 headers={'User-Agent': 'python-requests/2.26.0', 'Accept-Encoding': 'gzip, deflate', 'Accept': '*/*', 'Connection': 'keep-alive', 'Content-Length': '114', 'Content-Type': 'application/json'} 
 body=b'{"id": 3, "petId": 0, "quantity": 0, "shipDate": "2021-09-10T12:12:18.589Z", "status": "placed", "complete": true}' 
 </msg>
<msg timestamp="20210915 17:46:09.277" level="INFO">GET Response : url=https://petstore.swagger.io/v2/store/order/3 
 status=200, reason=OK 
 headers={'Date': 'Wed, 15 Sep 2021 14:46:09 GMT', 'Content-Type': 'application/json', 'Transfer-Encoding': 'chunked', 'Connection': 'close', 'Access-Control-Allow-Origin': '*', 'Access-Control-Allow-Methods': 'GET, POST, DELETE, PUT', 'Access-Control-Allow-Headers': 'Content-Type, api_key, Authorization', 'Server': 'Jetty(9.2.9.v20150224)'} 
 body={"id":3,"petId":0,"quantity":0,"shipDate":"2021-09-10T12:12:18.589+0000","status":"placed","complete":true} 
 </msg>
<msg timestamp="20210915 17:46:09.277" level="TRACE">Return: &lt;Response [200]&gt;</msg>
<msg timestamp="20210915 17:46:09.277" level="INFO">${response} = &lt;Response [200]&gt;</msg>
<status status="PASS" starttime="20210915 17:46:08.121" endtime="20210915 17:46:09.277"/>
</kw>
<kw name="Status Should Be" library="RequestsLibrary">
<arg>OK</arg>
<arg>${response}</arg>
<doc>Fails if response status code is different than the expected.</doc>
<msg timestamp="20210915 17:46:09.278" level="TRACE">Arguments: [ 'OK' | &lt;Response [200]&gt; ]</msg>
<msg timestamp="20210915 17:46:09.278" level="TRACE">Return: None</msg>
<status status="PASS" starttime="20210915 17:46:09.278" endtime="20210915 17:46:09.278"/>
</kw>
<kw name="Log To Console" library="BuiltIn">
<arg>https://petstore.swagger.io/v2/store/order/${order_id}</arg>
<doc>Logs the given message to the console.</doc>
<msg timestamp="20210915 17:46:09.278" level="TRACE">Arguments: [ 'https://petstore.swagger.io/v2/store/order/3' ]</msg>
<msg timestamp="20210915 17:46:09.279" level="TRACE">Return: None</msg>
<status status="PASS" starttime="20210915 17:46:09.278" endtime="20210915 17:46:09.279"/>
</kw>
<status status="PASS" starttime="20210915 17:46:08.121" endtime="20210915 17:46:09.279"/>
</test>
<test id="s1-t4" name="Swagger store oder delete Test">
<kw name="DELETE" library="RequestsLibrary">
<var>${response}</var>
<arg>https://petstore.swagger.io/v2/store/order/${order_id}</arg>
<arg>json=${data_order}</arg>
<doc>Sends a DELETE request.</doc>
<msg timestamp="20210915 17:46:09.280" level="TRACE">Arguments: [ 'https://petstore.swagger.io/v2/store/order/3' | json={'complete': True,
 'id': 3,
 'petId': 0,
 'quantity': 0,
 'shipDate': '2021-09-10T12:12:18.589Z',
 'status': 'placed'} ]</msg>
<msg timestamp="20210915 17:46:09.282" level="DEBUG">Starting new HTTPS connection (1): petstore.swagger.io:443</msg>
<msg timestamp="20210915 17:46:10.461" level="DEBUG">https://petstore.swagger.io:443 "DELETE /v2/store/order/3 HTTP/1.1" 200 None</msg>
<msg timestamp="20210915 17:46:10.462" level="INFO">DELETE Request : url=https://petstore.swagger.io/v2/store/order/3 
 path_url=/v2/store/order/3 
 headers={'User-Agent': 'python-requests/2.26.0', 'Accept-Encoding': 'gzip, deflate', 'Accept': '*/*', 'Connection': 'keep-alive', 'Content-Length': '114', 'Content-Type': 'application/json'} 
 body=b'{"id": 3, "petId": 0, "quantity": 0, "shipDate": "2021-09-10T12:12:18.589Z", "status": "placed", "complete": true}' 
 </msg>
<msg timestamp="20210915 17:46:10.462" level="INFO">DELETE Response : url=https://petstore.swagger.io/v2/store/order/3 
 status=200, reason=OK 
 headers={'Date': 'Wed, 15 Sep 2021 14:46:10 GMT', 'Content-Type': 'application/json', 'Transfer-Encoding': 'chunked', 'Connection': 'keep-alive', 'Access-Control-Allow-Origin': '*', 'Access-Control-Allow-Methods': 'GET, POST, DELETE, PUT', 'Access-Control-Allow-Headers': 'Content-Type, api_key, Authorization', 'Server': 'Jetty(9.2.9.v20150224)'} 
 body={"code":200,"type":"unknown","message":"3"} 
 </msg>
<msg timestamp="20210915 17:46:10.462" level="TRACE">Return: &lt;Response [200]&gt;</msg>
<msg timestamp="20210915 17:46:10.462" level="INFO">${response} = &lt;Response [200]&gt;</msg>
<status status="PASS" starttime="20210915 17:46:09.280" endtime="20210915 17:46:10.462"/>
</kw>
<kw name="Status Should Be" library="RequestsLibrary">
<arg>OK</arg>
<arg>${response}</arg>
<doc>Fails if response status code is different than the expected.</doc>
<msg timestamp="20210915 17:46:10.463" level="TRACE">Arguments: [ 'OK' | &lt;Response [200]&gt; ]</msg>
<msg timestamp="20210915 17:46:10.463" level="TRACE">Return: None</msg>
<status status="PASS" starttime="20210915 17:46:10.462" endtime="20210915 17:46:10.463"/>
</kw>
<kw name="Log To Console" library="BuiltIn">
<arg>https://petstore.swagger.io/v2/store/order/${order_id}</arg>
<doc>Logs the given message to the console.</doc>
<msg timestamp="20210915 17:46:10.463" level="TRACE">Arguments: [ 'https://petstore.swagger.io/v2/store/order/3' ]</msg>
<msg timestamp="20210915 17:46:10.464" level="TRACE">Return: None</msg>
<status status="PASS" starttime="20210915 17:46:10.463" endtime="20210915 17:46:10.464"/>
</kw>
<status status="PASS" starttime="20210915 17:46:09.279" endtime="20210915 17:46:10.464"/>
</test>
<doc>Example using the space separated format.
Checking the information provided in the
Robot Framework documentation.</doc>
<status status="PASS" starttime="20210915 17:46:05.744" endtime="20210915 17:46:10.465"/>
</suite>
<statistics>
<total>
<stat pass="4" fail="0" skip="0">All Tests</stat>
</total>
<tag>
</tag>
<suite>
<stat pass="4" fail="0" skip="0" id="s1" name="Store Tests">Store Tests</stat>
</suite>
</statistics>
<errors>
</errors>
</robot>
