<?xml version="1.0" encoding="UTF-8"?>
<robot generator="Robot 4.1 (Python 3.8.10 on linux)" generated="20210911 11:44:47.617" rpa="false" schemaversion="2">
<suite id="s1" name="Pet Tests" source="/home/andrew/Рабочий стол/Andrei_Che/swagger/Robot_Framework/pet_tests.robot">
<test id="s1-t1" name="Swagger add new pet Test">
<kw name="POST" library="RequestsLibrary">
<var>${response}</var>
<arg>https://petstore.swagger.io/v2/pet</arg>
<arg>data= ${data_pet}</arg>
<arg>headers=${headers}</arg>
<doc>Sends a POST request.</doc>
<msg timestamp="20210911 11:44:47.737" level="TRACE">Arguments: [ 'https://petstore.swagger.io/v2/pet' | data=' {"id": 0, "category": {"id": 0, "name": "string"}, "name": "doggie", "photoUrls": ["string"], "tags": [{"id": 0, "name": "string" }], "status": "available"}' | headers={'Content-Type': 'application/json'} ]</msg>
<msg timestamp="20210911 11:44:47.739" level="DEBUG">Starting new HTTPS connection (1): petstore.swagger.io:443</msg>
<msg timestamp="20210911 11:44:48.350" level="DEBUG">https://petstore.swagger.io:443 "POST /v2/pet HTTP/1.1" 200 None</msg>
<msg timestamp="20210911 11:44:48.353" level="INFO">POST Request : url=https://petstore.swagger.io/v2/pet 
 path_url=/v2/pet 
 headers={'User-Agent': 'python-requests/2.22.0', 'Accept-Encoding': 'gzip, deflate', 'Accept': '*/*', 'Connection': 'keep-alive', 'Content-Type': 'application/json', 'Content-Length': '157'} 
 body= {"id": 0, "category": {"id": 0, "name": "string"}, "name": "doggie", "photoUrls": ["string"], "tags": [{"id": 0, "name": "string" }], "status": "available"} 
 </msg>
<msg timestamp="20210911 11:44:48.353" level="INFO">POST Response : url=https://petstore.swagger.io/v2/pet 
 status=200, reason=OK 
 headers={'Date': 'Sat, 11 Sep 2021 08:44:48 GMT', 'Content-Type': 'application/json', 'Transfer-Encoding': 'chunked', 'Connection': 'keep-alive', 'Access-Control-Allow-Origin': '*', 'Access-Control-Allow-Methods': 'GET, POST, DELETE, PUT', 'Access-Control-Allow-Headers': 'Content-Type, api_key, Authorization', 'Server': 'Jetty(9.2.9.v20150224)'} 
 body={"id":9223372036854775807,"category":{"id":0,"name":"string"},"name":"doggie","photoUrls":["string"],"tags":[{"id":0,"name":"string"}],"status":"available"} 
 </msg>
<msg timestamp="20210911 11:44:48.354" level="TRACE">Return: &lt;Response [200]&gt;</msg>
<msg timestamp="20210911 11:44:48.354" level="INFO">${response} = &lt;Response [200]&gt;</msg>
<status status="PASS" starttime="20210911 11:44:47.736" endtime="20210911 11:44:48.354"/>
</kw>
<status status="PASS" starttime="20210911 11:44:47.735" endtime="20210911 11:44:48.355"/>
</test>
<test id="s1-t2" name="Swagger update pet Test">
<kw name="PUT" library="RequestsLibrary">
<var>${response}</var>
<arg>https://petstore.swagger.io/v2/pet</arg>
<arg>data= ${data_pet}</arg>
<arg>headers=${headers}</arg>
<doc>Sends a PUT request.</doc>
<msg timestamp="20210911 11:44:48.358" level="TRACE">Arguments: [ 'https://petstore.swagger.io/v2/pet' | data=' {"id": 0, "category": {"id": 0, "name": "string"}, "name": "doggie", "photoUrls": ["string"], "tags": [{"id": 0, "name": "string" }], "status": "available"}' | headers={'Content-Type': 'application/json'} ]</msg>
<msg timestamp="20210911 11:44:48.361" level="DEBUG">Starting new HTTPS connection (1): petstore.swagger.io:443</msg>
<msg timestamp="20210911 11:44:48.904" level="DEBUG">https://petstore.swagger.io:443 "PUT /v2/pet HTTP/1.1" 200 None</msg>
<msg timestamp="20210911 11:44:48.907" level="INFO">PUT Request : url=https://petstore.swagger.io/v2/pet 
 path_url=/v2/pet 
 headers={'User-Agent': 'python-requests/2.22.0', 'Accept-Encoding': 'gzip, deflate', 'Accept': '*/*', 'Connection': 'keep-alive', 'Content-Type': 'application/json', 'Content-Length': '157'} 
 body= {"id": 0, "category": {"id": 0, "name": "string"}, "name": "doggie", "photoUrls": ["string"], "tags": [{"id": 0, "name": "string" }], "status": "available"} 
 </msg>
<msg timestamp="20210911 11:44:48.908" level="INFO">PUT Response : url=https://petstore.swagger.io/v2/pet 
 status=200, reason=OK 
 headers={'Date': 'Sat, 11 Sep 2021 08:44:48 GMT', 'Content-Type': 'application/json', 'Transfer-Encoding': 'chunked', 'Connection': 'keep-alive', 'Access-Control-Allow-Origin': '*', 'Access-Control-Allow-Methods': 'GET, POST, DELETE, PUT', 'Access-Control-Allow-Headers': 'Content-Type, api_key, Authorization', 'Server': 'Jetty(9.2.9.v20150224)'} 
 body={"id":9223372036854775807,"category":{"id":0,"name":"string"},"name":"doggie","photoUrls":["string"],"tags":[{"id":0,"name":"string"}],"status":"available"} 
 </msg>
<msg timestamp="20210911 11:44:48.908" level="TRACE">Return: &lt;Response [200]&gt;</msg>
<msg timestamp="20210911 11:44:48.908" level="INFO">${response} = &lt;Response [200]&gt;</msg>
<status status="PASS" starttime="20210911 11:44:48.357" endtime="20210911 11:44:48.908"/>
</kw>
<status status="PASS" starttime="20210911 11:44:48.356" endtime="20210911 11:44:48.909"/>
</test>
<test id="s1-t3" name="Swagger find pet Test">
<kw name="GET" library="RequestsLibrary">
<var>${response}</var>
<arg>https://petstore.swagger.io/v2/pet/findByStatus</arg>
<doc>Sends a GET request.</doc>
<msg timestamp="20210911 11:44:48.912" level="TRACE">Arguments: [ 'https://petstore.swagger.io/v2/pet/findByStatus' ]</msg>
<msg timestamp="20210911 11:44:48.915" level="DEBUG">Starting new HTTPS connection (1): petstore.swagger.io:443</msg>
<msg timestamp="20210911 11:44:49.487" level="DEBUG">https://petstore.swagger.io:443 "GET /v2/pet/findByStatus HTTP/1.1" 200 None</msg>
<msg timestamp="20210911 11:44:49.489" level="INFO">GET Request : url=https://petstore.swagger.io/v2/pet/findByStatus 
 path_url=/v2/pet/findByStatus 
 headers={'User-Agent': 'python-requests/2.22.0', 'Accept-Encoding': 'gzip, deflate', 'Accept': '*/*', 'Connection': 'keep-alive'} 
 body=None 
 </msg>
<msg timestamp="20210911 11:44:49.489" level="INFO">GET Response : url=https://petstore.swagger.io/v2/pet/findByStatus 
 status=200, reason=OK 
 headers={'Date': 'Sat, 11 Sep 2021 08:44:49 GMT', 'Content-Type': 'application/json', 'Transfer-Encoding': 'chunked', 'Connection': 'keep-alive', 'Access-Control-Allow-Origin': '*', 'Access-Control-Allow-Methods': 'GET, POST, DELETE, PUT', 'Access-Control-Allow-Headers': 'Content-Type, api_key, Authorization', 'Server': 'Jetty(9.2.9.v20150224)'} 
 body=[] 
 </msg>
<msg timestamp="20210911 11:44:49.490" level="TRACE">Return: &lt;Response [200]&gt;</msg>
<msg timestamp="20210911 11:44:49.490" level="INFO">${response} = &lt;Response [200]&gt;</msg>
<status status="PASS" starttime="20210911 11:44:48.911" endtime="20210911 11:44:49.490"/>
</kw>
<status status="PASS" starttime="20210911 11:44:48.910" endtime="20210911 11:44:49.491"/>
</test>
<test id="s1-t4" name="Swagger find pet by id Test">
<kw name="Skip" library="BuiltIn">
<doc>Skips the rest of the current test.</doc>
<msg timestamp="20210911 11:44:49.496" level="TRACE">Arguments: [  ]</msg>
<msg timestamp="20210911 11:44:49.497" level="SKIP">Skipped with Skip keyword.</msg>
<msg timestamp="20210911 11:44:49.497" level="DEBUG">Traceback (most recent call last):
  None</msg>
<status status="SKIP" starttime="20210911 11:44:49.495" endtime="20210911 11:44:49.497"/>
</kw>
<kw name="Create Dictionary" library="BuiltIn">
<var>${headers}</var>
<arg>Content-Type=application/json; charset=utf-8</arg>
<doc>Creates and returns a dictionary based on the given ``items``.</doc>
<status status="NOT RUN" starttime="20210911 11:44:49.498" endtime="20210911 11:44:49.498"/>
</kw>
<kw name="GET" library="RequestsLibrary">
<var>${response}</var>
<arg>https://petstore.swagger.io/v2/pet/1</arg>
<doc>Sends a GET request.</doc>
<status status="NOT RUN" starttime="20210911 11:44:49.498" endtime="20210911 11:44:49.501"/>
</kw>
<status status="SKIP" starttime="20210911 11:44:49.492" endtime="20210911 11:44:49.501">Skipped with Skip keyword.</status>
</test>
<test id="s1-t5" name="Swagger update pet by form Test">
<kw name="Pass Execution" library="BuiltIn">
<arg>This test may fail due to a small number of requests to the server</arg>
<doc>Skips rest of the current test, setup, or teardown with PASS status.</doc>
<msg timestamp="20210911 11:44:49.503" level="TRACE">Arguments: [ 'This test may fail due to a small number of requests to the server' ]</msg>
<msg timestamp="20210911 11:44:49.505" level="INFO">Execution passed with message:
This test may fail due to a small number of requests to the server</msg>
<status status="PASS" starttime="20210911 11:44:49.503" endtime="20210911 11:44:49.507"/>
</kw>
<status status="PASS" starttime="20210911 11:44:49.502" endtime="20210911 11:44:49.507">This test may fail due to a small number of requests to the server</status>
</test>
<test id="s1-t6" name="Swagger delete pet Test">
<kw name="Pass Execution" library="BuiltIn">
<arg>This test may fail due to a small number of requests to the server</arg>
<doc>Skips rest of the current test, setup, or teardown with PASS status.</doc>
<msg timestamp="20210911 11:44:49.513" level="TRACE">Arguments: [ 'This test may fail due to a small number of requests to the server' ]</msg>
<msg timestamp="20210911 11:44:49.513" level="INFO">Execution passed with message:
This test may fail due to a small number of requests to the server</msg>
<status status="PASS" starttime="20210911 11:44:49.513" endtime="20210911 11:44:49.513"/>
</kw>
<status status="PASS" starttime="20210911 11:44:49.508" endtime="20210911 11:44:49.514">This test may fail due to a small number of requests to the server</status>
</test>
<test id="s1-t7" name="Swagger update image Test">
<kw name="Pass Execution" library="BuiltIn">
<arg>This test may fail due to a small number of requests to the server</arg>
<doc>Skips rest of the current test, setup, or teardown with PASS status.</doc>
<msg timestamp="20210911 11:44:49.516" level="TRACE">Arguments: [ 'This test may fail due to a small number of requests to the server' ]</msg>
<msg timestamp="20210911 11:44:49.516" level="INFO">Execution passed with message:
This test may fail due to a small number of requests to the server</msg>
<status status="PASS" starttime="20210911 11:44:49.516" endtime="20210911 11:44:49.517"/>
</kw>
<status status="PASS" starttime="20210911 11:44:49.515" endtime="20210911 11:44:49.518">This test may fail due to a small number of requests to the server</status>
</test>
<doc>Example using the space separated format.
Checking the information provided in the
Robot Framework documentation.</doc>
<status status="PASS" starttime="20210911 11:44:47.619" endtime="20210911 11:44:49.520"/>
</suite>
<statistics>
<total>
<stat pass="6" fail="0" skip="1">All Tests</stat>
</total>
<tag>
</tag>
<suite>
<stat pass="6" fail="0" skip="1" id="s1" name="Pet Tests">Pet Tests</stat>
</suite>
</statistics>
<errors>
</errors>
</robot>
