<?xml version="1.0" encoding="UTF-8"?>
<robot generator="Robot 4.1 (Python 3.8.10 on linux)" generated="20210914 11:32:19.257" rpa="false" schemaversion="2">
<suite id="s1" name="Pet Tests" source="/home/andrew/Рабочий стол/Andrei_Che/swagger/Robot_Framework/pet_tests.robot">
<test id="s1-t1" name="Swagger add new pet Test">
<kw name="POST" library="RequestsLibrary">
<var>${response}</var>
<arg>https://petstore.swagger.io/v2/pet</arg>
<arg>data= ${data_pet}</arg>
<arg>headers=${headers}</arg>
<doc>Sends a POST request.</doc>
<msg timestamp="20210914 11:32:19.380" level="TRACE">Arguments: [ 'https://petstore.swagger.io/v2/pet' | data=' {"id": 0, "category": {"id": 0, "name": "string"}, "name": "doggie", "photoUrls": ["string"], "tags": [{"id": 0, "name": "string" }], "status": "available"}' | headers={'Content-Type': 'application/json'} ]</msg>
<msg timestamp="20210914 11:32:19.385" level="DEBUG">Starting new HTTPS connection (1): petstore.swagger.io:443</msg>
<msg timestamp="20210914 11:32:20.324" level="DEBUG">https://petstore.swagger.io:443 "POST /v2/pet HTTP/1.1" 200 None</msg>
<msg timestamp="20210914 11:32:20.327" level="INFO">POST Request : url=https://petstore.swagger.io/v2/pet 
 path_url=/v2/pet 
 headers={'User-Agent': 'python-requests/2.22.0', 'Accept-Encoding': 'gzip, deflate', 'Accept': '*/*', 'Connection': 'keep-alive', 'Content-Type': 'application/json', 'Content-Length': '157'} 
 body= {"id": 0, "category": {"id": 0, "name": "string"}, "name": "doggie", "photoUrls": ["string"], "tags": [{"id": 0, "name": "string" }], "status": "available"} 
 </msg>
<msg timestamp="20210914 11:32:20.327" level="INFO">POST Response : url=https://petstore.swagger.io/v2/pet 
 status=200, reason=OK 
 headers={'Date': 'Tue, 14 Sep 2021 08:32:20 GMT', 'Content-Type': 'application/json', 'Transfer-Encoding': 'chunked', 'Connection': 'keep-alive', 'Access-Control-Allow-Origin': '*', 'Access-Control-Allow-Methods': 'GET, POST, DELETE, PUT', 'Access-Control-Allow-Headers': 'Content-Type, api_key, Authorization', 'Server': 'Jetty(9.2.9.v20150224)'} 
 body={"id":9223372000001082784,"category":{"id":0,"name":"string"},"name":"doggie","photoUrls":["string"],"tags":[{"id":0,"name":"string"}],"status":"available"} 
 </msg>
<msg timestamp="20210914 11:32:20.327" level="TRACE">Return: &lt;Response [200]&gt;</msg>
<msg timestamp="20210914 11:32:20.328" level="INFO">${response} = &lt;Response [200]&gt;</msg>
<status status="PASS" starttime="20210914 11:32:19.378" endtime="20210914 11:32:20.328"/>
</kw>
<status status="PASS" starttime="20210914 11:32:19.376" endtime="20210914 11:32:20.328"/>
</test>
<test id="s1-t2" name="Swagger update pet Test">
<kw name="PUT" library="RequestsLibrary">
<var>${response}</var>
<arg>https://petstore.swagger.io/v2/pet</arg>
<arg>data= ${data_pet}</arg>
<arg>headers=${headers}</arg>
<doc>Sends a PUT request.</doc>
<msg timestamp="20210914 11:32:20.332" level="TRACE">Arguments: [ 'https://petstore.swagger.io/v2/pet' | data=' {"id": 0, "category": {"id": 0, "name": "string"}, "name": "doggie", "photoUrls": ["string"], "tags": [{"id": 0, "name": "string" }], "status": "available"}' | headers={'Content-Type': 'application/json'} ]</msg>
<msg timestamp="20210914 11:32:20.336" level="DEBUG">Starting new HTTPS connection (1): petstore.swagger.io:443</msg>
<msg timestamp="20210914 11:32:21.127" level="DEBUG">https://petstore.swagger.io:443 "PUT /v2/pet HTTP/1.1" 200 None</msg>
<msg timestamp="20210914 11:32:21.131" level="INFO">PUT Request : url=https://petstore.swagger.io/v2/pet 
 path_url=/v2/pet 
 headers={'User-Agent': 'python-requests/2.22.0', 'Accept-Encoding': 'gzip, deflate', 'Accept': '*/*', 'Connection': 'keep-alive', 'Content-Type': 'application/json', 'Content-Length': '157'} 
 body= {"id": 0, "category": {"id": 0, "name": "string"}, "name": "doggie", "photoUrls": ["string"], "tags": [{"id": 0, "name": "string" }], "status": "available"} 
 </msg>
<msg timestamp="20210914 11:32:21.131" level="INFO">PUT Response : url=https://petstore.swagger.io/v2/pet 
 status=200, reason=OK 
 headers={'Date': 'Tue, 14 Sep 2021 08:32:21 GMT', 'Content-Type': 'application/json', 'Transfer-Encoding': 'chunked', 'Connection': 'keep-alive', 'Access-Control-Allow-Origin': '*', 'Access-Control-Allow-Methods': 'GET, POST, DELETE, PUT', 'Access-Control-Allow-Headers': 'Content-Type, api_key, Authorization', 'Server': 'Jetty(9.2.9.v20150224)'} 
 body={"id":9223372036854775807,"category":{"id":0,"name":"string"},"name":"doggie","photoUrls":["string"],"tags":[{"id":0,"name":"string"}],"status":"available"} 
 </msg>
<msg timestamp="20210914 11:32:21.131" level="TRACE">Return: &lt;Response [200]&gt;</msg>
<msg timestamp="20210914 11:32:21.132" level="INFO">${response} = &lt;Response [200]&gt;</msg>
<status status="PASS" starttime="20210914 11:32:20.331" endtime="20210914 11:32:21.132"/>
</kw>
<status status="PASS" starttime="20210914 11:32:20.330" endtime="20210914 11:32:21.133"/>
</test>
<test id="s1-t3" name="Swagger find pet Test">
<kw name="GET" library="RequestsLibrary">
<var>${response}</var>
<arg>https://petstore.swagger.io/v2/pet/findByStatus</arg>
<doc>Sends a GET request.</doc>
<msg timestamp="20210914 11:32:21.136" level="TRACE">Arguments: [ 'https://petstore.swagger.io/v2/pet/findByStatus' ]</msg>
<msg timestamp="20210914 11:32:21.138" level="DEBUG">Starting new HTTPS connection (1): petstore.swagger.io:443</msg>
<msg timestamp="20210914 11:32:21.734" level="DEBUG">https://petstore.swagger.io:443 "GET /v2/pet/findByStatus HTTP/1.1" 200 None</msg>
<msg timestamp="20210914 11:32:21.738" level="INFO">GET Request : url=https://petstore.swagger.io/v2/pet/findByStatus 
 path_url=/v2/pet/findByStatus 
 headers={'User-Agent': 'python-requests/2.22.0', 'Accept-Encoding': 'gzip, deflate', 'Accept': '*/*', 'Connection': 'keep-alive'} 
 body=None 
 </msg>
<msg timestamp="20210914 11:32:21.738" level="INFO">GET Response : url=https://petstore.swagger.io/v2/pet/findByStatus 
 status=200, reason=OK 
 headers={'Date': 'Tue, 14 Sep 2021 08:32:21 GMT', 'Content-Type': 'application/json', 'Transfer-Encoding': 'chunked', 'Connection': 'keep-alive', 'Access-Control-Allow-Origin': '*', 'Access-Control-Allow-Methods': 'GET, POST, DELETE, PUT', 'Access-Control-Allow-Headers': 'Content-Type, api_key, Authorization', 'Server': 'Jetty(9.2.9.v20150224)'} 
 body=[] 
 </msg>
<msg timestamp="20210914 11:32:21.739" level="TRACE">Return: &lt;Response [200]&gt;</msg>
<msg timestamp="20210914 11:32:21.739" level="INFO">${response} = &lt;Response [200]&gt;</msg>
<status status="PASS" starttime="20210914 11:32:21.136" endtime="20210914 11:32:21.739"/>
</kw>
<status status="PASS" starttime="20210914 11:32:21.134" endtime="20210914 11:32:21.740"/>
</test>
<test id="s1-t4" name="Swagger find pet by id Test">
<kw name="GET" library="RequestsLibrary">
<var>${response}</var>
<arg>https://petstore.swagger.io/v2/pet/1</arg>
<doc>Sends a GET request.</doc>
<msg timestamp="20210914 11:32:21.742" level="TRACE">Arguments: [ 'https://petstore.swagger.io/v2/pet/1' ]</msg>
<msg timestamp="20210914 11:32:21.745" level="DEBUG">Starting new HTTPS connection (1): petstore.swagger.io:443</msg>
<msg timestamp="20210914 11:32:22.350" level="DEBUG">https://petstore.swagger.io:443 "GET /v2/pet/1 HTTP/1.1" 200 None</msg>
<msg timestamp="20210914 11:32:22.353" level="INFO">GET Request : url=https://petstore.swagger.io/v2/pet/1 
 path_url=/v2/pet/1 
 headers={'User-Agent': 'python-requests/2.22.0', 'Accept-Encoding': 'gzip, deflate', 'Accept': '*/*', 'Connection': 'keep-alive'} 
 body=None 
 </msg>
<msg timestamp="20210914 11:32:22.354" level="INFO">GET Response : url=https://petstore.swagger.io/v2/pet/1 
 status=200, reason=OK 
 headers={'Date': 'Tue, 14 Sep 2021 08:32:22 GMT', 'Content-Type': 'application/json', 'Transfer-Encoding': 'chunked', 'Connection': 'keep-alive', 'Access-Control-Allow-Origin': '*', 'Access-Control-Allow-Methods': 'GET, POST, DELETE, PUT', 'Access-Control-Allow-Headers': 'Content-Type, api_key, Authorization', 'Server': 'Jetty(9.2.9.v20150224)'} 
 body={"id":1,"category":{"id":0,"name":"string"},"name":"doggie","photoUrls":["string"],"tags":[{"id":0,"name":"string"}],"status":"available"} 
 </msg>
<msg timestamp="20210914 11:32:22.355" level="TRACE">Return: &lt;Response [200]&gt;</msg>
<msg timestamp="20210914 11:32:22.355" level="INFO">${response} = &lt;Response [200]&gt;</msg>
<status status="PASS" starttime="20210914 11:32:21.742" endtime="20210914 11:32:22.355"/>
</kw>
<status status="PASS" starttime="20210914 11:32:21.741" endtime="20210914 11:32:22.356"/>
</test>
<test id="s1-t5" name="Swagger update pet by form Test">
<kw name="Pass Execution" library="BuiltIn">
<arg>HTTPError: 404 Client Error: Not Found for url: https://petstore.swagger.io/v2/pet/1</arg>
<doc>Skips rest of the current test, setup, or teardown with PASS status.</doc>
<msg timestamp="20210914 11:32:22.357" level="TRACE">Arguments: [ 'HTTPError: 404 Client Error: Not Found for url: https://petstore.swagger.io/v2/pet/1' ]</msg>
<msg timestamp="20210914 11:32:22.358" level="INFO">Execution passed with message:
HTTPError: 404 Client Error: Not Found for url: https://petstore.swagger.io/v2/pet/1</msg>
<status status="PASS" starttime="20210914 11:32:22.357" endtime="20210914 11:32:22.359"/>
</kw>
<status status="PASS" starttime="20210914 11:32:22.356" endtime="20210914 11:32:22.359">HTTPError: 404 Client Error: Not Found for url: https://petstore.swagger.io/v2/pet/1</status>
</test>
<test id="s1-t6" name="Swagger delete pet Test">
<kw name="Skip" library="BuiltIn">
<arg>('HTTPError: 404 Client Error: Not Found for url: https://petstore.swagger.io/v2/pet/5')</arg>
<doc>Skips the rest of the current test.</doc>
<msg timestamp="20210914 11:32:22.361" level="TRACE">Arguments: [ "('HTTPError: 404 Client Error: Not Found for url: https://petstore.swagger.io/v2/pet/5')" ]</msg>
<msg timestamp="20210914 11:32:22.361" level="SKIP">('HTTPError: 404 Client Error: Not Found for url: https://petstore.swagger.io/v2/pet/5')</msg>
<msg timestamp="20210914 11:32:22.361" level="DEBUG">Traceback (most recent call last):
  None</msg>
<status status="SKIP" starttime="20210914 11:32:22.361" endtime="20210914 11:32:22.361"/>
</kw>
<kw name="DELETE" library="RequestsLibrary">
<var>${response}</var>
<arg>https://petstore.swagger.io/v2/pet/5</arg>
<doc>Sends a DELETE request.</doc>
<status status="NOT RUN" starttime="20210914 11:32:22.362" endtime="20210914 11:32:22.362"/>
</kw>
<status status="SKIP" starttime="20210914 11:32:22.360" endtime="20210914 11:32:22.362">('HTTPError: 404 Client Error: Not Found for url: https://petstore.swagger.io/v2/pet/5')</status>
</test>
<test id="s1-t7" name="Swagger update image Test">
<kw name="Skip" library="BuiltIn">
<arg>'HTTPError: 415 Client Error: Unsupported Media Type for url: https://petstore.swagger.io/v2/pet/2/uploadImage'</arg>
<doc>Skips the rest of the current test.</doc>
<msg timestamp="20210914 11:32:22.364" level="TRACE">Arguments: [ "'HTTPError: 415 Client Error: Unsupported Media Type for url: https://petstore.swagger.io/v2/pet/2/uploadImage'" ]</msg>
<msg timestamp="20210914 11:32:22.364" level="SKIP">'HTTPError: 415 Client Error: Unsupported Media Type for url: https://petstore.swagger.io/v2/pet/2/uploadImage'</msg>
<msg timestamp="20210914 11:32:22.364" level="DEBUG">Traceback (most recent call last):
  None</msg>
<status status="SKIP" starttime="20210914 11:32:22.364" endtime="20210914 11:32:22.364"/>
</kw>
<kw name="POST" library="RequestsLibrary">
<var>${response}</var>
<arg>https://petstore.swagger.io/v2/pet/2/uploadImage</arg>
<doc>Sends a POST request.</doc>
<status status="NOT RUN" starttime="20210914 11:32:22.365" endtime="20210914 11:32:22.365"/>
</kw>
<status status="SKIP" starttime="20210914 11:32:22.363" endtime="20210914 11:32:22.365">'HTTPError: 415 Client Error: Unsupported Media Type for url: https://petstore.swagger.io/v2/pet/2/uploadImage'</status>
</test>
<doc>Example using the space separated format.
Checking the information provided in the
Robot Framework documentation.</doc>
<status status="PASS" starttime="20210914 11:32:19.259" endtime="20210914 11:32:22.366"/>
</suite>
<statistics>
<total>
<stat pass="5" fail="0" skip="2">All Tests</stat>
</total>
<tag>
</tag>
<suite>
<stat pass="5" fail="0" skip="2" id="s1" name="Pet Tests">Pet Tests</stat>
</suite>
</statistics>
<errors>
</errors>
</robot>
