<?xml version="1.0" encoding="UTF-8"?>
<robot generator="Robot 4.1.1 (Python 3.8.10 on linux)" generated="20210910 14:30:33.235" rpa="false" schemaversion="2">
<suite id="s1" name="Users Tests" source="/home/chernomorov/Desktop/projects/swagger/Robot_Framework/users_tests.robot">
<test id="s1-t1" name="Swagger user get username Test">
<kw name="GET" library="RequestsLibrary">
<var>${response}</var>
<arg>https://petstore.swagger.io/v2/user/string</arg>
<doc>Sends a GET request.</doc>
<msg timestamp="20210910 14:30:34.343" level="INFO">GET Request : url=https://petstore.swagger.io/v2/user/string 
 path_url=/v2/user/string 
 headers={'User-Agent': 'python-requests/2.26.0', 'Accept-Encoding': 'gzip, deflate', 'Accept': '*/*', 'Connection': 'keep-alive'} 
 body=None 
 </msg>
<msg timestamp="20210910 14:30:34.343" level="INFO">GET Response : url=https://petstore.swagger.io/v2/user/string 
 status=200, reason=OK 
 headers={'Date': 'Fri, 10 Sep 2021 11:30:34 GMT', 'Content-Type': 'application/json', 'Transfer-Encoding': 'chunked', 'Connection': 'keep-alive', 'Access-Control-Allow-Origin': '*', 'Access-Control-Allow-Methods': 'GET, POST, DELETE, PUT', 'Access-Control-Allow-Headers': 'Content-Type, api_key, Authorization', 'Server': 'Jetty(9.2.9.v20150224)'} 
 body={"id":9223372000666090453,"username":"string","firstName":"string","lastName":"string","email":"string","password":"string","phone":"string","userStatus":0} 
 </msg>
<msg timestamp="20210910 14:30:34.344" level="INFO">${response} = &lt;Response [200]&gt;</msg>
<status status="PASS" starttime="20210910 14:30:33.303" endtime="20210910 14:30:34.344"/>
</kw>
<status status="PASS" starttime="20210910 14:30:33.303" endtime="20210910 14:30:34.344"/>
</test>
<test id="s1-t2" name="Swagger user post createWithList Test">
<kw name="Create Dictionary" library="BuiltIn">
<var>${headers}</var>
<arg>Content-Type=application/json; charset=utf-8</arg>
<doc>Creates and returns a dictionary based on the given ``items``.</doc>
<msg timestamp="20210910 14:30:34.346" level="INFO">${headers} = {'Content-Type': 'application/json; charset=utf-8'}</msg>
<status status="PASS" starttime="20210910 14:30:34.345" endtime="20210910 14:30:34.346"/>
</kw>
<kw name="POST" library="RequestsLibrary">
<var>${response}</var>
<arg>https://petstore.swagger.io/v2/user/createWithList</arg>
<arg>data= ${data_list}</arg>
<arg>headers=${headers}</arg>
<doc>Sends a POST request.</doc>
<msg timestamp="20210910 14:30:35.363" level="INFO">POST Request : url=https://petstore.swagger.io/v2/user/createWithList 
 path_url=/v2/user/createWithList 
 headers={'User-Agent': 'python-requests/2.26.0', 'Accept-Encoding': 'gzip, deflate', 'Accept': '*/*', 'Connection': 'keep-alive', 'Content-Type': 'application/json; charset=utf-8', 'Content-Length': '156'} 
 body= [{"id": 0, "username": "string", "firstName": "string", "lastName": "string", "email": "string", "password": "string", "phone": "string", "userStatus": 0}] 
 </msg>
<msg timestamp="20210910 14:30:35.363" level="INFO">POST Response : url=https://petstore.swagger.io/v2/user/createWithList 
 status=200, reason=OK 
 headers={'Date': 'Fri, 10 Sep 2021 11:30:35 GMT', 'Content-Type': 'application/json', 'Transfer-Encoding': 'chunked', 'Connection': 'keep-alive', 'Access-Control-Allow-Origin': '*', 'Access-Control-Allow-Methods': 'GET, POST, DELETE, PUT', 'Access-Control-Allow-Headers': 'Content-Type, api_key, Authorization', 'Server': 'Jetty(9.2.9.v20150224)'} 
 body={"code":200,"type":"unknown","message":"ok"} 
 </msg>
<msg timestamp="20210910 14:30:35.364" level="INFO">${response} = &lt;Response [200]&gt;</msg>
<status status="PASS" starttime="20210910 14:30:34.346" endtime="20210910 14:30:35.364"/>
</kw>
<status status="PASS" starttime="20210910 14:30:34.345" endtime="20210910 14:30:35.364"/>
</test>
<test id="s1-t3" name="Swagger user put username Test">
<kw name="Create Dictionary" library="BuiltIn">
<var>${headers}</var>
<arg>Content-Type=application/json; charset=utf-8</arg>
<doc>Creates and returns a dictionary based on the given ``items``.</doc>
<msg timestamp="20210910 14:30:35.368" level="INFO">${headers} = {'Content-Type': 'application/json; charset=utf-8'}</msg>
<status status="PASS" starttime="20210910 14:30:35.367" endtime="20210910 14:30:35.368"/>
</kw>
<kw name="PUT" library="RequestsLibrary">
<var>${response}</var>
<arg>https://petstore.swagger.io/v2/user/string</arg>
<arg>data=${data}</arg>
<arg>headers=${headers}</arg>
<doc>Sends a PUT request.</doc>
<msg timestamp="20210910 14:30:36.431" level="INFO">PUT Request : url=https://petstore.swagger.io/v2/user/string 
 path_url=/v2/user/string 
 headers={'User-Agent': 'python-requests/2.26.0', 'Accept-Encoding': 'gzip, deflate', 'Accept': '*/*', 'Connection': 'keep-alive', 'Content-Type': 'application/json; charset=utf-8', 'Content-Length': '153'} 
 body={"id": 0, "username": "string", "firstName": "string", "lastName": "string", "email": "string", "password": "string", "phone": "string", "userStatus": 0} 
 </msg>
<msg timestamp="20210910 14:30:36.431" level="INFO">PUT Response : url=https://petstore.swagger.io/v2/user/string 
 status=200, reason=OK 
 headers={'Date': 'Fri, 10 Sep 2021 11:30:36 GMT', 'Content-Type': 'application/json', 'Transfer-Encoding': 'chunked', 'Connection': 'keep-alive', 'Access-Control-Allow-Origin': '*', 'Access-Control-Allow-Methods': 'GET, POST, DELETE, PUT', 'Access-Control-Allow-Headers': 'Content-Type, api_key, Authorization', 'Server': 'Jetty(9.2.9.v20150224)'} 
 body={"code":200,"type":"unknown","message":"9223372000666118134"} 
 </msg>
<msg timestamp="20210910 14:30:36.432" level="INFO">${response} = &lt;Response [200]&gt;</msg>
<status status="PASS" starttime="20210910 14:30:35.368" endtime="20210910 14:30:36.432"/>
</kw>
<status status="PASS" starttime="20210910 14:30:35.365" endtime="20210910 14:30:36.432"/>
</test>
<test id="s1-t4" name="Swagger user del username Test">
<kw name="Create Dictionary" library="BuiltIn">
<var>${headers}</var>
<arg>Content-Type=application/json; charset=utf-8</arg>
<doc>Creates and returns a dictionary based on the given ``items``.</doc>
<msg timestamp="20210910 14:30:36.436" level="INFO">${headers} = {'Content-Type': 'application/json; charset=utf-8'}</msg>
<status status="PASS" starttime="20210910 14:30:36.435" endtime="20210910 14:30:36.436"/>
</kw>
<kw name="DELETE" library="RequestsLibrary">
<var>${response}</var>
<arg>https://petstore.swagger.io/v2/user/string</arg>
<arg>headers=${headers}</arg>
<doc>Sends a DELETE request.</doc>
<msg timestamp="20210910 14:30:37.490" level="INFO">DELETE Request : url=https://petstore.swagger.io/v2/user/string 
 path_url=/v2/user/string 
 headers={'User-Agent': 'python-requests/2.26.0', 'Accept-Encoding': 'gzip, deflate', 'Accept': '*/*', 'Connection': 'keep-alive', 'Content-Type': 'application/json; charset=utf-8', 'Content-Length': '0'} 
 body=None 
 </msg>
<msg timestamp="20210910 14:30:37.491" level="INFO">DELETE Response : url=https://petstore.swagger.io/v2/user/string 
 status=200, reason=OK 
 headers={'Date': 'Fri, 10 Sep 2021 11:30:37 GMT', 'Content-Type': 'application/json', 'Transfer-Encoding': 'chunked', 'Connection': 'keep-alive', 'Access-Control-Allow-Origin': '*', 'Access-Control-Allow-Methods': 'GET, POST, DELETE, PUT', 'Access-Control-Allow-Headers': 'Content-Type, api_key, Authorization', 'Server': 'Jetty(9.2.9.v20150224)'} 
 body={"code":200,"type":"unknown","message":"string"} 
 </msg>
<msg timestamp="20210910 14:30:37.491" level="INFO">${response} = &lt;Response [200]&gt;</msg>
<status status="PASS" starttime="20210910 14:30:36.436" endtime="20210910 14:30:37.491"/>
</kw>
<status status="PASS" starttime="20210910 14:30:36.433" endtime="20210910 14:30:37.491"/>
</test>
<test id="s1-t5" name="Swagger user login Test">
<kw name="Create Dictionary" library="BuiltIn">
<var>${headers}</var>
<arg>Content-Type=application/json; charset=utf-8</arg>
<doc>Creates and returns a dictionary based on the given ``items``.</doc>
<msg timestamp="20210910 14:30:37.493" level="INFO">${headers} = {'Content-Type': 'application/json; charset=utf-8'}</msg>
<status status="PASS" starttime="20210910 14:30:37.492" endtime="20210910 14:30:37.493"/>
</kw>
<kw name="GET" library="RequestsLibrary">
<var>${response}</var>
<arg>https://petstore.swagger.io/v2/user/login</arg>
<arg>headers=${headers}</arg>
<arg>data=${data_to_login}</arg>
<doc>Sends a GET request.</doc>
<msg timestamp="20210910 14:30:38.514" level="INFO">GET Request : url=https://petstore.swagger.io/v2/user/login 
 path_url=/v2/user/login 
 headers={'User-Agent': 'python-requests/2.26.0', 'Accept-Encoding': 'gzip, deflate', 'Accept': '*/*', 'Connection': 'keep-alive', 'Content-Type': 'application/json; charset=utf-8', 'Content-Length': '46'} 
 body=[{"username": "string", "password": "string"}] 
 </msg>
<msg timestamp="20210910 14:30:38.514" level="INFO">GET Response : url=https://petstore.swagger.io/v2/user/login 
 status=200, reason=OK 
 headers={'Date': 'Fri, 10 Sep 2021 11:30:38 GMT', 'Content-Type': 'application/json', 'Transfer-Encoding': 'chunked', 'Connection': 'close', 'Access-Control-Allow-Origin': '*', 'Access-Control-Allow-Methods': 'GET, POST, DELETE, PUT', 'Access-Control-Allow-Headers': 'Content-Type, api_key, Authorization', 'X-Expires-After': 'Fri Sep 10 12:30:38 UTC 2021', 'X-Rate-Limit': '5000', 'Server': 'Jetty(9.2.9.v20150224)'} 
 body={"code":200,"type":"unknown","message":"logged in user session:1631273438458"} 
 </msg>
<msg timestamp="20210910 14:30:38.515" level="INFO">${response} = &lt;Response [200]&gt;</msg>
<status status="PASS" starttime="20210910 14:30:37.493" endtime="20210910 14:30:38.515"/>
</kw>
<status status="PASS" starttime="20210910 14:30:37.491" endtime="20210910 14:30:38.516"/>
</test>
<doc>Example using the space separated format.
Checking the information provided in the
Robot Framework documentation.</doc>
<status status="PASS" starttime="20210910 14:30:33.236" endtime="20210910 14:30:38.519"/>
</suite>
<statistics>
<total>
<stat pass="5" fail="0" skip="0">All Tests</stat>
</total>
<tag>
</tag>
<suite>
<stat pass="5" fail="0" skip="0" id="s1" name="Users Tests">Users Tests</stat>
</suite>
</statistics>
<errors>
</errors>
</robot>
