<?xml version="1.0" encoding="UTF-8"?>
<robot generator="Robot 4.1.1 (Python 3.8.10 on linux)" generated="20210910 12:55:26.238" rpa="false" schemaversion="2">
<suite id="s1" name="Example" source="/home/chernomorov/Desktop/projects/swagger/Robot_Framework/example.robot">
<test id="s1-t1" name="Swagger user get username Test">
<kw name="GET" library="RequestsLibrary">
<var>${response}</var>
<arg>https://petstore.swagger.io/v2/user/string</arg>
<doc>Sends a GET request.</doc>
<msg timestamp="20210910 12:55:27.358" level="INFO">GET Request : url=https://petstore.swagger.io/v2/user/string 
 path_url=/v2/user/string 
 headers={'User-Agent': 'python-requests/2.26.0', 'Accept-Encoding': 'gzip, deflate', 'Accept': '*/*', 'Connection': 'keep-alive'} 
 body=None 
 </msg>
<msg timestamp="20210910 12:55:27.359" level="INFO">GET Response : url=https://petstore.swagger.io/v2/user/string 
 status=200, reason=OK 
 headers={'Date': 'Fri, 10 Sep 2021 09:55:27 GMT', 'Content-Type': 'application/json', 'Transfer-Encoding': 'chunked', 'Connection': 'keep-alive', 'Access-Control-Allow-Origin': '*', 'Access-Control-Allow-Methods': 'GET, POST, DELETE, PUT', 'Access-Control-Allow-Headers': 'Content-Type, api_key, Authorization', 'Server': 'Jetty(9.2.9.v20150224)'} 
 body={"id":9223372000666090360,"username":"string","firstName":"string","lastName":"string","email":"string","password":"string","phone":"string","userStatus":0} 
 </msg>
<msg timestamp="20210910 12:55:27.359" level="INFO">${response} = &lt;Response [200]&gt;</msg>
<status status="PASS" starttime="20210910 12:55:26.309" endtime="20210910 12:55:27.359"/>
</kw>
<status status="PASS" starttime="20210910 12:55:26.308" endtime="20210910 12:55:27.359"/>
</test>
<test id="s1-t2" name="Swagger user post createWithList Test">
<kw name="POST" library="RequestsLibrary">
<var>${response}</var>
<arg>https://petstore.swagger.io/v2/user/createWithList</arg>
<arg>headers=</arg>
<arg>${headers}</arg>
<arg>data=</arg>
<arg>${data}</arg>
<doc>Sends a POST request.</doc>
<msg timestamp="20210910 12:55:27.361" level="FAIL">Keyword 'RequestsLibrary.POST' got positional argument after named arguments.</msg>
<status status="FAIL" starttime="20210910 12:55:27.360" endtime="20210910 12:55:27.361"/>
</kw>
<kw name="${code}= converse to string">
<arg>${response.status_code}</arg>
<status status="NOT RUN" starttime="20210910 12:55:27.362" endtime="20210910 12:55:27.362"/>
</kw>
<kw name="Should Be Equal" library="BuiltIn">
<arg>${code}</arg>
<arg>200</arg>
<doc>Fails if the given objects are unequal.</doc>
<status status="NOT RUN" starttime="20210910 12:55:27.362" endtime="20210910 12:55:27.362"/>
</kw>
<status status="FAIL" starttime="20210910 12:55:27.360" endtime="20210910 12:55:27.362">Keyword 'RequestsLibrary.POST' got positional argument after named arguments.</status>
</test>
<doc>Example using the space separated format.
Checking the information provided in the
Robot Framework documentation.</doc>
<status status="FAIL" starttime="20210910 12:55:26.239" endtime="20210910 12:55:27.363"/>
</suite>
<statistics>
<total>
<stat pass="1" fail="1" skip="0">All Tests</stat>
</total>
<tag>
</tag>
<suite>
<stat pass="1" fail="1" skip="0" id="s1" name="Example">Example</stat>
</suite>
</statistics>
<errors>
</errors>
</robot>
