<?xml version="1.0" encoding="UTF-8"?>
<robot generator="Robot 4.1.1 (Python 3.8.10 on linux)" generated="20210914 15:06:37.740" rpa="false" schemaversion="2">
<suite id="s1" name="Store Tests" source="/home/chernomorov/Desktop/projects/swagger/Robot_Framework/store_tests.robot">
<kw name="Setup Store Tests" type="SETUP">
<msg timestamp="20210914 15:06:37.804" level="TRACE">Arguments: [  ]</msg>
<kw name="Evaluate" library="BuiltIn">
<var>${order_id}</var>
<arg>random.randint(1,10)</arg>
<arg>random</arg>
<doc>Evaluates the given expression in Python and returns the result.</doc>
<msg timestamp="20210914 15:06:37.804" level="TRACE">Arguments: [ 'random.randint(1,10)' | 'random' ]</msg>
<msg timestamp="20210914 15:06:37.805" level="TRACE">Return: 4</msg>
<msg timestamp="20210914 15:06:37.805" level="INFO">${order_id} = 4</msg>
<status status="PASS" starttime="20210914 15:06:37.804" endtime="20210914 15:06:37.805"/>
</kw>
<kw name="Set Suite Variable" library="BuiltIn">
<arg>${order_id}</arg>
<arg>${order_id}</arg>
<doc>Makes a variable available everywhere within the scope of the current suite.</doc>
<msg timestamp="20210914 15:06:37.805" level="TRACE">Arguments: [ '${order_id}' | '${order_id}' ]</msg>
<msg timestamp="20210914 15:06:37.805" level="INFO">${order_id} = 4</msg>
<msg timestamp="20210914 15:06:37.805" level="TRACE">Return: None</msg>
<status status="PASS" starttime="20210914 15:06:37.805" endtime="20210914 15:06:37.805"/>
</kw>
<kw name="Evaluate" library="BuiltIn">
<var>${data_order}</var>
<arg>{"id": ${order_id}, "petId": 0, "quantity": 0, "shipDate": "2021-09-10T12:12:18.589Z", "status": "placed", "complete": True}</arg>
<doc>Evaluates the given expression in Python and returns the result.</doc>
<msg timestamp="20210914 15:06:37.805" level="TRACE">Arguments: [ '{"id": 4, "petId": 0, "quantity": 0, "shipDate": "2021-09-10T12:12:18.589Z", "status": "placed", "complete": True}' ]</msg>
<msg timestamp="20210914 15:06:37.806" level="TRACE">Return: {'complete': True,
 'id': 4,
 'petId': 0,
 'quantity': 0,
 'shipDate': '2021-09-10T12:12:18.589Z',
 'status': 'placed'}</msg>
<msg timestamp="20210914 15:06:37.806" level="INFO">${data_order} = {'id': 4, 'petId': 0, 'quantity': 0, 'shipDate': '2021-09-10T12:12:18.589Z', 'status': 'placed', 'complete': True}</msg>
<status status="PASS" starttime="20210914 15:06:37.805" endtime="20210914 15:06:37.806"/>
</kw>
<kw name="Set Suite Variable" library="BuiltIn">
<arg>${data_order}</arg>
<arg>${data_order}</arg>
<doc>Makes a variable available everywhere within the scope of the current suite.</doc>
<msg timestamp="20210914 15:06:37.806" level="TRACE">Arguments: [ '${data_order}' | '${data_order}' ]</msg>
<msg timestamp="20210914 15:06:37.806" level="INFO">${data_order} = {'id': 4, 'petId': 0, 'quantity': 0, 'shipDate': '2021-09-10T12:12:18.589Z', 'status': 'placed', 'complete': True}</msg>
<msg timestamp="20210914 15:06:37.806" level="TRACE">Return: None</msg>
<status status="PASS" starttime="20210914 15:06:37.806" endtime="20210914 15:06:37.806"/>
</kw>
<msg timestamp="20210914 15:06:37.806" level="TRACE">Return: None</msg>
<status status="PASS" starttime="20210914 15:06:37.804" endtime="20210914 15:06:37.806"/>
</kw>
<test id="s1-t1" name="Swagger store inventory Test">
<kw name="GET" library="RequestsLibrary">
<var>${response}</var>
<arg>https://petstore.swagger.io/v2/store/inventory</arg>
<doc>Sends a GET request.</doc>
<msg timestamp="20210914 15:06:37.807" level="TRACE">Arguments: [ 'https://petstore.swagger.io/v2/store/inventory' ]</msg>
<msg timestamp="20210914 15:06:37.809" level="DEBUG">Starting new HTTPS connection (1): petstore.swagger.io:443</msg>
<msg timestamp="20210914 15:06:38.858" level="DEBUG">https://petstore.swagger.io:443 "GET /v2/store/inventory HTTP/1.1" 200 None</msg>
<msg timestamp="20210914 15:06:38.861" level="INFO">GET Request : url=https://petstore.swagger.io/v2/store/inventory 
 path_url=/v2/store/inventory 
 headers={'User-Agent': 'python-requests/2.26.0', 'Accept-Encoding': 'gzip, deflate', 'Accept': '*/*', 'Connection': 'keep-alive'} 
 body=None 
 </msg>
<msg timestamp="20210914 15:06:38.861" level="INFO">GET Response : url=https://petstore.swagger.io/v2/store/inventory 
 status=200, reason=OK 
 headers={'Date': 'Tue, 14 Sep 2021 12:06:38 GMT', 'Content-Type': 'application/json', 'Transfer-Encoding': 'chunked', 'Connection': 'keep-alive', 'Access-Control-Allow-Origin': '*', 'Access-Control-Allow-Methods': 'GET, POST, DELETE, PUT', 'Access-Control-Allow-Headers': 'Content-Type, api_key, Authorization', 'Server': 'Jetty(9.2.9.v20150224)'} 
 body={"sold":30,"string":139,"unavailable":2,"Nonavailable":1,"pending":18,"available":488,"AVAILABLE":8,"gestorven":1,"Verkocht":1,"teststa5":241,"Atendido":1,"StatusJvR":8,"ok":6,"OK":1,"free":1,"Dog":1,"onbekend":1} 
 </msg>
<msg timestamp="20210914 15:06:38.862" level="TRACE">Return: &lt;Response [200]&gt;</msg>
<msg timestamp="20210914 15:06:38.862" level="INFO">${response} = &lt;Response [200]&gt;</msg>
<status status="PASS" starttime="20210914 15:06:37.807" endtime="20210914 15:06:38.862"/>
</kw>
<status status="PASS" starttime="20210914 15:06:37.806" endtime="20210914 15:06:38.863"/>
</test>
<test id="s1-t2" name="Swagger store oder Test">
<kw name="POST" library="RequestsLibrary">
<var>${response}</var>
<arg>https://petstore.swagger.io/v2/store/order</arg>
<arg>json=${data_order}</arg>
<arg>headers=&amp;{headers}</arg>
<doc>Sends a POST request.</doc>
<msg timestamp="20210914 15:06:38.865" level="TRACE">Arguments: [ 'https://petstore.swagger.io/v2/store/order' | json={'complete': True,
 'id': 4,
 'petId': 0,
 'quantity': 0,
 'shipDate': '2021-09-10T12:12:18.589Z',
 'status': 'placed'} | headers={'Content-Type': 'application/json'} ]</msg>
<msg timestamp="20210914 15:06:38.866" level="DEBUG">Starting new HTTPS connection (1): petstore.swagger.io:443</msg>
<msg timestamp="20210914 15:06:39.933" level="DEBUG">https://petstore.swagger.io:443 "POST /v2/store/order HTTP/1.1" 200 None</msg>
<msg timestamp="20210914 15:06:39.936" level="INFO">POST Request : url=https://petstore.swagger.io/v2/store/order 
 path_url=/v2/store/order 
 headers={'User-Agent': 'python-requests/2.26.0', 'Accept-Encoding': 'gzip, deflate', 'Accept': '*/*', 'Connection': 'keep-alive', 'Content-Type': 'application/json', 'Content-Length': '114'} 
 body=b'{"id": 4, "petId": 0, "quantity": 0, "shipDate": "2021-09-10T12:12:18.589Z", "status": "placed", "complete": true}' 
 </msg>
<msg timestamp="20210914 15:06:39.936" level="INFO">POST Response : url=https://petstore.swagger.io/v2/store/order 
 status=200, reason=OK 
 headers={'Date': 'Tue, 14 Sep 2021 12:06:39 GMT', 'Content-Type': 'application/json', 'Transfer-Encoding': 'chunked', 'Connection': 'keep-alive', 'Access-Control-Allow-Origin': '*', 'Access-Control-Allow-Methods': 'GET, POST, DELETE, PUT', 'Access-Control-Allow-Headers': 'Content-Type, api_key, Authorization', 'Server': 'Jetty(9.2.9.v20150224)'} 
 body={"id":4,"petId":0,"quantity":0,"shipDate":"2021-09-10T12:12:18.589+0000","status":"placed","complete":true} 
 </msg>
<msg timestamp="20210914 15:06:39.936" level="TRACE">Return: &lt;Response [200]&gt;</msg>
<msg timestamp="20210914 15:06:39.936" level="INFO">${response} = &lt;Response [200]&gt;</msg>
<status status="PASS" starttime="20210914 15:06:38.864" endtime="20210914 15:06:39.936"/>
</kw>
<status status="PASS" starttime="20210914 15:06:38.863" endtime="20210914 15:06:39.937"/>
</test>
<test id="s1-t3" name="Swagger store oder id Test">
<kw name="Skip" library="BuiltIn">
<arg>"HTTPError: 404 Client Error: Not Found for url: https://petstore.swagger.io/v2/store/order/${order_id}"</arg>
<doc>Skips the rest of the current test.</doc>
<msg timestamp="20210914 15:06:39.941" level="TRACE">Arguments: [ '"HTTPError: 404 Client Error: Not Found for url: https://petstore.swagger.io/v2/store/order/4"' ]</msg>
<msg timestamp="20210914 15:06:39.942" level="SKIP">"HTTPError: 404 Client Error: Not Found for url: https://petstore.swagger.io/v2/store/order/4"</msg>
<msg timestamp="20210914 15:06:39.942" level="DEBUG">Traceback (most recent call last):
  None</msg>
<status status="SKIP" starttime="20210914 15:06:39.940" endtime="20210914 15:06:39.942"/>
</kw>
<kw name="GET" library="RequestsLibrary">
<var>${response}</var>
<arg>https://petstore.swagger.io/v2/store/order/${order_id}</arg>
<arg>json=${data_order}</arg>
<doc>Sends a GET request.</doc>
<status status="NOT RUN" starttime="20210914 15:06:39.943" endtime="20210914 15:06:39.943"/>
</kw>
<status status="SKIP" starttime="20210914 15:06:39.938" endtime="20210914 15:06:39.944">"HTTPError: 404 Client Error: Not Found for url: https://petstore.swagger.io/v2/store/order/4"</status>
</test>
<test id="s1-t4" name="Swagger store oder delete Test">
<kw name="Skip" library="BuiltIn">
<arg>"HTTPError: 404 Client Error: Not Found for url: https://petstore.swagger.io/v2/store/order/${order_id}"</arg>
<doc>Skips the rest of the current test.</doc>
<msg timestamp="20210914 15:06:39.948" level="TRACE">Arguments: [ '"HTTPError: 404 Client Error: Not Found for url: https://petstore.swagger.io/v2/store/order/4"' ]</msg>
<msg timestamp="20210914 15:06:39.948" level="SKIP">"HTTPError: 404 Client Error: Not Found for url: https://petstore.swagger.io/v2/store/order/4"</msg>
<msg timestamp="20210914 15:06:39.948" level="DEBUG">Traceback (most recent call last):
  None</msg>
<status status="SKIP" starttime="20210914 15:06:39.947" endtime="20210914 15:06:39.948"/>
</kw>
<kw name="DELETE" library="RequestsLibrary">
<var>${response}</var>
<arg>https://petstore.swagger.io/v2/store/order/${order_id}</arg>
<arg>json=${data_order}</arg>
<doc>Sends a DELETE request.</doc>
<status status="NOT RUN" starttime="20210914 15:06:39.949" endtime="20210914 15:06:39.949"/>
</kw>
<status status="SKIP" starttime="20210914 15:06:39.945" endtime="20210914 15:06:39.950">"HTTPError: 404 Client Error: Not Found for url: https://petstore.swagger.io/v2/store/order/4"</status>
</test>
<doc>Example using the space separated format.
Checking the information provided in the
Robot Framework documentation.</doc>
<status status="PASS" starttime="20210914 15:06:37.741" endtime="20210914 15:06:39.952"/>
</suite>
<statistics>
<total>
<stat pass="2" fail="0" skip="2">All Tests</stat>
</total>
<tag>
</tag>
<suite>
<stat pass="2" fail="0" skip="2" id="s1" name="Store Tests">Store Tests</stat>
</suite>
</statistics>
<errors>
</errors>
</robot>
