<?xml version="1.0" encoding="UTF-8"?>
<robot generator="Robot 4.1.1 (Python 3.8.10 on linux)" generated="20210910 15:52:31.153" rpa="false" schemaversion="2">
<suite id="s1" name="Store Tests" source="/home/chernomorov/Desktop/projects/swagger/Robot_Framework/store_tests.robot">
<test id="s1-t1" name="Swagger store inventory Test">
<kw name="Create Dictionary" library="BuiltIn">
<var>${headers}</var>
<arg>Content-Type=application/json; charset=utf-8</arg>
<doc>Creates and returns a dictionary based on the given ``items``.</doc>
<msg timestamp="20210910 15:52:31.233" level="INFO">${headers} = {'Content-Type': 'application/json; charset=utf-8'}</msg>
<status status="PASS" starttime="20210910 15:52:31.233" endtime="20210910 15:52:31.233"/>
</kw>
<kw name="GET" library="RequestsLibrary">
<var>${response}</var>
<arg>https://petstore.swagger.io/v2/store/inventory</arg>
<arg>data= ${data}</arg>
<arg>headers=${headers}</arg>
<doc>Sends a GET request.</doc>
<msg timestamp="20210910 15:52:32.384" level="INFO">GET Request : url=https://petstore.swagger.io/v2/store/inventory 
 path_url=/v2/store/inventory 
 headers={'User-Agent': 'python-requests/2.26.0', 'Accept-Encoding': 'gzip, deflate', 'Accept': '*/*', 'Connection': 'keep-alive', 'Content-Type': 'application/json; charset=utf-8', 'Content-Length': '111'} 
 body= {"sold": randint(1, 10), "string": randint(1, 100), "pending": randint(1, 100), "available": randint(1, 1000)} 
 </msg>
<msg timestamp="20210910 15:52:32.384" level="INFO">GET Response : url=https://petstore.swagger.io/v2/store/inventory 
 status=200, reason=OK 
 headers={'Date': 'Fri, 10 Sep 2021 12:52:32 GMT', 'Content-Type': 'application/json', 'Transfer-Encoding': 'chunked', 'Connection': 'close', 'Access-Control-Allow-Origin': '*', 'Access-Control-Allow-Methods': 'GET, POST, DELETE, PUT', 'Access-Control-Allow-Headers': 'Content-Type, api_key, Authorization', 'Server': 'Jetty(9.2.9.v20150224)'} 
 body={"sold":14,"string":188,"Adopted":1,"Busy":1,"pending":9,"available":710,"{{pet1Status}}":1,"{{pet3Status}}":1,"dog1":1,"avaiable":1,"ok":7,"OK":1,"free":1,"TEXTO MINUSCULO TESTE":1,"status":1} 
 </msg>
<msg timestamp="20210910 15:52:32.384" level="INFO">${response} = &lt;Response [200]&gt;</msg>
<status status="PASS" starttime="20210910 15:52:31.234" endtime="20210910 15:52:32.384"/>
</kw>
<status status="PASS" starttime="20210910 15:52:31.233" endtime="20210910 15:52:32.385"/>
</test>
<test id="s1-t2" name="Swagger ustore oder Test">
<kw name="Create Dictionary" library="BuiltIn">
<var>${headers}</var>
<arg>Content-Type=application/json; charset=utf-8</arg>
<doc>Creates and returns a dictionary based on the given ``items``.</doc>
<msg timestamp="20210910 15:52:32.389" level="INFO">${headers} = {'Content-Type': 'application/json; charset=utf-8'}</msg>
<status status="PASS" starttime="20210910 15:52:32.388" endtime="20210910 15:52:32.389"/>
</kw>
<kw name="POST" library="RequestsLibrary">
<var>${response}</var>
<arg>https://petstore.swagger.io/v2/store/order</arg>
<arg>data= ${data_oder}</arg>
<arg>headers=${headers}</arg>
<doc>Sends a POST request.</doc>
<msg timestamp="20210910 15:52:33.425" level="INFO">POST Request : url=https://petstore.swagger.io/v2/store/order 
 path_url=/v2/store/order 
 headers={'User-Agent': 'python-requests/2.26.0', 'Accept-Encoding': 'gzip, deflate', 'Accept': '*/*', 'Connection': 'keep-alive', 'Content-Type': 'application/json; charset=utf-8', 'Content-Length': '115'} 
 body= {"id": 0, "petId": 0, "quantity": 0, "shipDate": "2021-09-10T12:12:18.589Z", "status": "placed", "complete": true} 
 </msg>
<msg timestamp="20210910 15:52:33.425" level="INFO">POST Response : url=https://petstore.swagger.io/v2/store/order 
 status=200, reason=OK 
 headers={'Date': 'Fri, 10 Sep 2021 12:52:33 GMT', 'Content-Type': 'application/json', 'Transfer-Encoding': 'chunked', 'Connection': 'keep-alive', 'Access-Control-Allow-Origin': '*', 'Access-Control-Allow-Methods': 'GET, POST, DELETE, PUT', 'Access-Control-Allow-Headers': 'Content-Type, api_key, Authorization', 'Server': 'Jetty(9.2.9.v20150224)'} 
 body={"id":9223372036854775807,"petId":0,"quantity":0,"shipDate":"2021-09-10T12:12:18.589+0000","status":"placed","complete":true} 
 </msg>
<msg timestamp="20210910 15:52:33.426" level="INFO">${response} = &lt;Response [200]&gt;</msg>
<status status="PASS" starttime="20210910 15:52:32.390" endtime="20210910 15:52:33.426"/>
</kw>
<status status="PASS" starttime="20210910 15:52:32.386" endtime="20210910 15:52:33.426"/>
</test>
<test id="s1-t3" name="Swagger ustore oder id Test">
<kw name="Create Dictionary" library="BuiltIn">
<var>${headers}</var>
<arg>Content-Type=application/json; charset=utf-8</arg>
<doc>Creates and returns a dictionary based on the given ``items``.</doc>
<msg timestamp="20210910 15:52:33.430" level="INFO">${headers} = {'Content-Type': 'application/json; charset=utf-8'}</msg>
<status status="PASS" starttime="20210910 15:52:33.429" endtime="20210910 15:52:33.430"/>
</kw>
<kw name="GET" library="RequestsLibrary">
<var>${response}</var>
<arg>https://petstore.swagger.io/v2/store/order/2</arg>
<arg>data= ${data_oder}</arg>
<arg>headers=${headers}</arg>
<doc>Sends a GET request.</doc>
<msg timestamp="20210910 15:52:34.450" level="INFO">GET Request : url=https://petstore.swagger.io/v2/store/order/2 
 path_url=/v2/store/order/2 
 headers={'User-Agent': 'python-requests/2.26.0', 'Accept-Encoding': 'gzip, deflate', 'Accept': '*/*', 'Connection': 'keep-alive', 'Content-Type': 'application/json; charset=utf-8', 'Content-Length': '115'} 
 body= {"id": 0, "petId": 0, "quantity": 0, "shipDate": "2021-09-10T12:12:18.589Z", "status": "placed", "complete": true} 
 </msg>
<msg timestamp="20210910 15:52:34.450" level="INFO">GET Response : url=https://petstore.swagger.io/v2/store/order/2 
 status=404, reason=Not Found 
 headers={'Date': 'Fri, 10 Sep 2021 12:52:34 GMT', 'Content-Type': 'application/json', 'Transfer-Encoding': 'chunked', 'Connection': 'close', 'Access-Control-Allow-Origin': '*', 'Access-Control-Allow-Methods': 'GET, POST, DELETE, PUT', 'Access-Control-Allow-Headers': 'Content-Type, api_key, Authorization', 'Server': 'Jetty(9.2.9.v20150224)'} 
 body={"code":1,"type":"error","message":"Order not found"} 
 </msg>
<msg timestamp="20210910 15:52:34.454" level="FAIL">HTTPError: 404 Client Error: Not Found for url: https://petstore.swagger.io/v2/store/order/2</msg>
<status status="FAIL" starttime="20210910 15:52:33.431" endtime="20210910 15:52:34.454"/>
</kw>
<status status="FAIL" starttime="20210910 15:52:33.427" endtime="20210910 15:52:34.455">HTTPError: 404 Client Error: Not Found for url: https://petstore.swagger.io/v2/store/order/2</status>
</test>
<test id="s1-t4" name="Swagger ustore oder delete Test">
<kw name="Create Dictionary" library="BuiltIn">
<var>${headers}</var>
<arg>Content-Type=application/json; charset=utf-8</arg>
<doc>Creates and returns a dictionary based on the given ``items``.</doc>
<msg timestamp="20210910 15:52:34.458" level="INFO">${headers} = {'Content-Type': 'application/json; charset=utf-8'}</msg>
<status status="PASS" starttime="20210910 15:52:34.457" endtime="20210910 15:52:34.458"/>
</kw>
<kw name="DELETE" library="RequestsLibrary">
<var>${response}</var>
<arg>https://petstore.swagger.io/v2/store/order/2</arg>
<arg>data= ${data_oder}</arg>
<arg>headers=${headers}</arg>
<doc>Sends a DELETE request.</doc>
<msg timestamp="20210910 15:52:35.510" level="INFO">DELETE Request : url=https://petstore.swagger.io/v2/store/order/2 
 path_url=/v2/store/order/2 
 headers={'User-Agent': 'python-requests/2.26.0', 'Accept-Encoding': 'gzip, deflate', 'Accept': '*/*', 'Connection': 'keep-alive', 'Content-Type': 'application/json; charset=utf-8', 'Content-Length': '115'} 
 body= {"id": 0, "petId": 0, "quantity": 0, "shipDate": "2021-09-10T12:12:18.589Z", "status": "placed", "complete": true} 
 </msg>
<msg timestamp="20210910 15:52:35.510" level="INFO">DELETE Response : url=https://petstore.swagger.io/v2/store/order/2 
 status=404, reason=Not Found 
 headers={'Date': 'Fri, 10 Sep 2021 12:52:35 GMT', 'Content-Type': 'application/json', 'Transfer-Encoding': 'chunked', 'Connection': 'keep-alive', 'Access-Control-Allow-Origin': '*', 'Access-Control-Allow-Methods': 'GET, POST, DELETE, PUT', 'Access-Control-Allow-Headers': 'Content-Type, api_key, Authorization', 'Server': 'Jetty(9.2.9.v20150224)'} 
 body={"code":404,"type":"unknown","message":"Order Not Found"} 
 </msg>
<msg timestamp="20210910 15:52:35.512" level="FAIL">HTTPError: 404 Client Error: Not Found for url: https://petstore.swagger.io/v2/store/order/2</msg>
<status status="FAIL" starttime="20210910 15:52:34.459" endtime="20210910 15:52:35.512"/>
</kw>
<status status="FAIL" starttime="20210910 15:52:34.456" endtime="20210910 15:52:35.513">HTTPError: 404 Client Error: Not Found for url: https://petstore.swagger.io/v2/store/order/2</status>
</test>
<doc>Example using the space separated format.
Checking the information provided in the
Robot Framework documentation.</doc>
<status status="FAIL" starttime="20210910 15:52:31.154" endtime="20210910 15:52:35.514"/>
</suite>
<statistics>
<total>
<stat pass="2" fail="2" skip="0">All Tests</stat>
</total>
<tag>
</tag>
<suite>
<stat pass="2" fail="2" skip="0" id="s1" name="Store Tests">Store Tests</stat>
</suite>
</statistics>
<errors>
<msg timestamp="20210910 15:52:31.232" level="ERROR">Error in file '/home/chernomorov/Desktop/projects/swagger/Robot_Framework/store_tests.robot' on line 7: Importing library 'AllureReportLibrary' failed: ModuleNotFoundError: No module named 'AllureListener'
Traceback (most recent call last):
  File "/home/chernomorov/Desktop/projects/swagger/venv/lib/python3.8/site-packages/AllureReportLibrary/__init__.py", line 2, in &lt;module&gt;
    from AllureListener import *
PYTHONPATH:
  /home/chernomorov/Desktop/projects/swagger/venv/bin
  /usr/lib/python38.zip
  /usr/lib/python3.8
  /usr/lib/python3.8/lib-dynload
  /home/chernomorov/Desktop/projects/swagger/venv/lib/python3.8/site-packages</msg>
</errors>
</robot>
