<?xml version="1.0" encoding="UTF-8"?>
<robot generator="Robot 4.1.1 (Python 3.8.10 on linux)" generated="20210913 17:18:03.916" rpa="false" schemaversion="2">
<suite id="s1" name="Store Tests" source="/home/chernomorov/Desktop/projects/swagger/Robot_Framework/store_tests.robot">
<test id="s1-t1" name="Swagger store inventory Test">
<kw name="GET" library="RequestsLibrary">
<var>${response}</var>
<arg>https://petstore.swagger.io/v2/store/inventory</arg>
<arg>data= ${data}</arg>
<doc>Sends a GET request.</doc>
<msg timestamp="20210913 17:18:03.983" level="TRACE">Arguments: [ 'https://petstore.swagger.io/v2/store/inventory' | data=' {"sold": randint(1, 10), "string": randint(1, 100), "pending": randint(1, 100), "available": randint(1, 1000)}' ]</msg>
<msg timestamp="20210913 17:18:03.986" level="DEBUG">Starting new HTTPS connection (1): petstore.swagger.io:443</msg>
<msg timestamp="20210913 17:18:05.032" level="DEBUG">https://petstore.swagger.io:443 "GET /v2/store/inventory HTTP/1.1" 200 None</msg>
<msg timestamp="20210913 17:18:05.033" level="INFO">GET Request : url=https://petstore.swagger.io/v2/store/inventory 
 path_url=/v2/store/inventory 
 headers={'User-Agent': 'python-requests/2.26.0', 'Accept-Encoding': 'gzip, deflate', 'Accept': '*/*', 'Connection': 'keep-alive', 'Content-Length': '111'} 
 body= {"sold": randint(1, 10), "string": randint(1, 100), "pending": randint(1, 100), "available": randint(1, 1000)} 
 </msg>
<msg timestamp="20210913 17:18:05.033" level="INFO">GET Response : url=https://petstore.swagger.io/v2/store/inventory 
 status=200, reason=OK 
 headers={'Date': 'Mon, 13 Sep 2021 14:18:04 GMT', 'Content-Type': 'application/json', 'Transfer-Encoding': 'chunked', 'Connection': 'close', 'Access-Control-Allow-Origin': '*', 'Access-Control-Allow-Methods': 'GET, POST, DELETE, PUT', 'Access-Control-Allow-Headers': 'Content-Type, api_key, Authorization', 'Server': 'Jetty(9.2.9.v20150224)'} 
 body={"sold":12,"TestListPetTestStatusCloudNew":1,"string":172,"unavailable":1,"pending":5,"available":762,"StatusJvR":2,"OK":1,"ok":6,"okk":1} 
 </msg>
<msg timestamp="20210913 17:18:05.034" level="TRACE">Return: &lt;Response [200]&gt;</msg>
<msg timestamp="20210913 17:18:05.034" level="INFO">${response} = &lt;Response [200]&gt;</msg>
<status status="PASS" starttime="20210913 17:18:03.983" endtime="20210913 17:18:05.034"/>
</kw>
<status status="PASS" starttime="20210913 17:18:03.982" endtime="20210913 17:18:05.034"/>
</test>
<test id="s1-t2" name="Swagger ustore oder Test">
<kw name="POST" library="RequestsLibrary">
<var>${response}</var>
<arg>https://petstore.swagger.io/v2/store/order</arg>
<arg>data= ${data_oder}</arg>
<arg>headers=${headers}</arg>
<doc>Sends a POST request.</doc>
<msg timestamp="20210913 17:18:05.036" level="TRACE">Arguments: [ 'https://petstore.swagger.io/v2/store/order' | data=' {"id": 0, "petId": 0, "quantity": 0, "shipDate": "2021-09-10T12:12:18.589Z", "status": "placed", "complete": true}' | headers={'Content-Type': 'application/json'} ]</msg>
<msg timestamp="20210913 17:18:05.039" level="DEBUG">Starting new HTTPS connection (1): petstore.swagger.io:443</msg>
<msg timestamp="20210913 17:18:06.103" level="DEBUG">https://petstore.swagger.io:443 "POST /v2/store/order HTTP/1.1" 200 None</msg>
<msg timestamp="20210913 17:18:06.106" level="INFO">POST Request : url=https://petstore.swagger.io/v2/store/order 
 path_url=/v2/store/order 
 headers={'User-Agent': 'python-requests/2.26.0', 'Accept-Encoding': 'gzip, deflate', 'Accept': '*/*', 'Connection': 'keep-alive', 'Content-Type': 'application/json', 'Content-Length': '115'} 
 body= {"id": 0, "petId": 0, "quantity": 0, "shipDate": "2021-09-10T12:12:18.589Z", "status": "placed", "complete": true} 
 </msg>
<msg timestamp="20210913 17:18:06.106" level="INFO">POST Response : url=https://petstore.swagger.io/v2/store/order 
 status=200, reason=OK 
 headers={'Date': 'Mon, 13 Sep 2021 14:18:06 GMT', 'Content-Type': 'application/json', 'Transfer-Encoding': 'chunked', 'Connection': 'keep-alive', 'Access-Control-Allow-Origin': '*', 'Access-Control-Allow-Methods': 'GET, POST, DELETE, PUT', 'Access-Control-Allow-Headers': 'Content-Type, api_key, Authorization', 'Server': 'Jetty(9.2.9.v20150224)'} 
 body={"id":9223372036854775807,"petId":0,"quantity":0,"shipDate":"2021-09-10T12:12:18.589+0000","status":"placed","complete":true} 
 </msg>
<msg timestamp="20210913 17:18:06.106" level="TRACE">Return: &lt;Response [200]&gt;</msg>
<msg timestamp="20210913 17:18:06.106" level="INFO">${response} = &lt;Response [200]&gt;</msg>
<status status="PASS" starttime="20210913 17:18:05.035" endtime="20210913 17:18:06.106"/>
</kw>
<status status="PASS" starttime="20210913 17:18:05.034" endtime="20210913 17:18:06.107"/>
</test>
<test id="s1-t3" name="Swagger ustore oder id Test">
<kw name="Skip" library="BuiltIn">
<arg>(HTTPError: 404 Client Error: Not Found for url: https://petstore.swagger.io/v2/store/order/2)</arg>
<doc>Skips the rest of the current test.</doc>
<msg timestamp="20210913 17:18:06.109" level="TRACE">Arguments: [ '(HTTPError: 404 Client Error: Not Found for url: https://petstore.swagger.io/v2/store/order/2)' ]</msg>
<msg timestamp="20210913 17:18:06.110" level="SKIP">(HTTPError: 404 Client Error: Not Found for url: https://petstore.swagger.io/v2/store/order/2)</msg>
<msg timestamp="20210913 17:18:06.110" level="DEBUG">Traceback (most recent call last):
  None</msg>
<status status="SKIP" starttime="20210913 17:18:06.109" endtime="20210913 17:18:06.110"/>
</kw>
<kw name="GET" library="RequestsLibrary">
<var>${response}</var>
<arg>https://petstore.swagger.io/v2/store/order/2</arg>
<arg>data= ${data_oder}</arg>
<doc>Sends a GET request.</doc>
<status status="NOT RUN" starttime="20210913 17:18:06.110" endtime="20210913 17:18:06.110"/>
</kw>
<status status="SKIP" starttime="20210913 17:18:06.107" endtime="20210913 17:18:06.111">(HTTPError: 404 Client Error: Not Found for url: https://petstore.swagger.io/v2/store/order/2)</status>
</test>
<test id="s1-t4" name="Swagger ustore oder delete Test">
<kw name="Pass Execution" library="BuiltIn">
<arg>('HTTPError: 404 Client Error: Not Found for url: https://petstore.swagger.io/v2/store/order/2')</arg>
<doc>Skips rest of the current test, setup, or teardown with PASS status.</doc>
<msg timestamp="20210913 17:18:06.113" level="TRACE">Arguments: [ "('HTTPError: 404 Client Error: Not Found for url: https://petstore.swagger.io/v2/store/order/2')" ]</msg>
<msg timestamp="20210913 17:18:06.113" level="INFO">Execution passed with message:
('HTTPError: 404 Client Error: Not Found for url: https://petstore.swagger.io/v2/store/order/2')</msg>
<status status="PASS" starttime="20210913 17:18:06.112" endtime="20210913 17:18:06.114"/>
</kw>
<status status="PASS" starttime="20210913 17:18:06.112" endtime="20210913 17:18:06.114">('HTTPError: 404 Client Error: Not Found for url: https://petstore.swagger.io/v2/store/order/2')</status>
</test>
<doc>Example using the space separated format.
Checking the information provided in the
Robot Framework documentation.</doc>
<status status="PASS" starttime="20210913 17:18:03.917" endtime="20210913 17:18:06.116"/>
</suite>
<statistics>
<total>
<stat pass="3" fail="0" skip="1">All Tests</stat>
</total>
<tag>
</tag>
<suite>
<stat pass="3" fail="0" skip="1" id="s1" name="Store Tests">Store Tests</stat>
</suite>
</statistics>
<errors>
</errors>
</robot>
