<?xml version="1.0" encoding="UTF-8"?>
<robot generator="Robot 4.1.1 (Python 3.8.10 on linux)" generated="20210910 14:33:17.891" rpa="false" schemaversion="2">
<suite id="s1" name="Users Tests" source="/home/chernomorov/Desktop/projects/swagger/Robot_Framework/users_tests.robot">
<test id="s1-t1" name="Swagger user get username Test">
<kw name="GET" library="RequestsLibrary">
<var>${response}</var>
<arg>https://petstore.swagger.io/v2/user/string</arg>
<doc>Sends a GET request.</doc>
<msg timestamp="20210910 14:33:19.009" level="INFO">GET Request : url=https://petstore.swagger.io/v2/user/string 
 path_url=/v2/user/string 
 headers={'User-Agent': 'python-requests/2.26.0', 'Accept-Encoding': 'gzip, deflate', 'Accept': '*/*', 'Connection': 'keep-alive'} 
 body=None 
 </msg>
<msg timestamp="20210910 14:33:19.009" level="INFO">GET Response : url=https://petstore.swagger.io/v2/user/string 
 status=200, reason=OK 
 headers={'Date': 'Fri, 10 Sep 2021 11:33:18 GMT', 'Content-Type': 'application/json', 'Transfer-Encoding': 'chunked', 'Connection': 'keep-alive', 'Access-Control-Allow-Origin': '*', 'Access-Control-Allow-Methods': 'GET, POST, DELETE, PUT', 'Access-Control-Allow-Headers': 'Content-Type, api_key, Authorization', 'Server': 'Jetty(9.2.9.v20150224)'} 
 body={"id":9223372000666117126,"username":"string","firstName":"string","lastName":"string","email":"string","password":"string","phone":"string","userStatus":0} 
 </msg>
<msg timestamp="20210910 14:33:19.010" level="INFO">${response} = &lt;Response [200]&gt;</msg>
<status status="PASS" starttime="20210910 14:33:17.964" endtime="20210910 14:33:19.010"/>
</kw>
<status status="PASS" starttime="20210910 14:33:17.964" endtime="20210910 14:33:19.010"/>
</test>
<test id="s1-t2" name="Swagger user post createWithList Test">
<kw name="Create Dictionary" library="BuiltIn">
<var>${headers}</var>
<arg>Content-Type=application/json; charset=utf-8</arg>
<doc>Creates and returns a dictionary based on the given ``items``.</doc>
<msg timestamp="20210910 14:33:19.012" level="INFO">${headers} = {'Content-Type': 'application/json; charset=utf-8'}</msg>
<status status="PASS" starttime="20210910 14:33:19.011" endtime="20210910 14:33:19.012"/>
</kw>
<kw name="POST" library="RequestsLibrary">
<var>${response}</var>
<arg>https://petstore.swagger.io/v2/user/createWithList</arg>
<arg>data= ${data_list}</arg>
<arg>headers=${headers}</arg>
<doc>Sends a POST request.</doc>
<msg timestamp="20210910 14:33:19.982" level="INFO">POST Request : url=https://petstore.swagger.io/v2/user/createWithList 
 path_url=/v2/user/createWithList 
 headers={'User-Agent': 'python-requests/2.26.0', 'Accept-Encoding': 'gzip, deflate', 'Accept': '*/*', 'Connection': 'keep-alive', 'Content-Type': 'application/json; charset=utf-8', 'Content-Length': '156'} 
 body= [{"id": 0, "username": "string", "firstName": "string", "lastName": "string", "email": "string", "password": "string", "phone": "string", "userStatus": 0}] 
 </msg>
<msg timestamp="20210910 14:33:19.982" level="INFO">POST Response : url=https://petstore.swagger.io/v2/user/createWithList 
 status=200, reason=OK 
 headers={'Date': 'Fri, 10 Sep 2021 11:33:19 GMT', 'Content-Type': 'application/json', 'Transfer-Encoding': 'chunked', 'Connection': 'keep-alive', 'Access-Control-Allow-Origin': '*', 'Access-Control-Allow-Methods': 'GET, POST, DELETE, PUT', 'Access-Control-Allow-Headers': 'Content-Type, api_key, Authorization', 'Server': 'Jetty(9.2.9.v20150224)'} 
 body={"code":200,"type":"unknown","message":"ok"} 
 </msg>
<msg timestamp="20210910 14:33:19.982" level="INFO">${response} = &lt;Response [200]&gt;</msg>
<status status="PASS" starttime="20210910 14:33:19.012" endtime="20210910 14:33:19.983"/>
</kw>
<status status="PASS" starttime="20210910 14:33:19.011" endtime="20210910 14:33:19.983"/>
</test>
<test id="s1-t3" name="Swagger user put username Test">
<kw name="Create Dictionary" library="BuiltIn">
<var>${headers}</var>
<arg>Content-Type=application/json; charset=utf-8</arg>
<doc>Creates and returns a dictionary based on the given ``items``.</doc>
<msg timestamp="20210910 14:33:19.987" level="INFO">${headers} = {'Content-Type': 'application/json; charset=utf-8'}</msg>
<status status="PASS" starttime="20210910 14:33:19.986" endtime="20210910 14:33:19.987"/>
</kw>
<kw name="PUT" library="RequestsLibrary">
<var>${response}</var>
<arg>https://petstore.swagger.io/v2/user/string</arg>
<arg>data=${data}</arg>
<arg>headers=${headers}</arg>
<doc>Sends a PUT request.</doc>
<msg timestamp="20210910 14:33:21.040" level="INFO">PUT Request : url=https://petstore.swagger.io/v2/user/string 
 path_url=/v2/user/string 
 headers={'User-Agent': 'python-requests/2.26.0', 'Accept-Encoding': 'gzip, deflate', 'Accept': '*/*', 'Connection': 'keep-alive', 'Content-Type': 'application/json; charset=utf-8', 'Content-Length': '153'} 
 body={"id": 0, "username": "string", "firstName": "string", "lastName": "string", "email": "string", "password": "string", "phone": "string", "userStatus": 0} 
 </msg>
<msg timestamp="20210910 14:33:21.041" level="INFO">PUT Response : url=https://petstore.swagger.io/v2/user/string 
 status=200, reason=OK 
 headers={'Date': 'Fri, 10 Sep 2021 11:33:20 GMT', 'Content-Type': 'application/json', 'Transfer-Encoding': 'chunked', 'Connection': 'keep-alive', 'Access-Control-Allow-Origin': '*', 'Access-Control-Allow-Methods': 'GET, POST, DELETE, PUT', 'Access-Control-Allow-Headers': 'Content-Type, api_key, Authorization', 'Server': 'Jetty(9.2.9.v20150224)'} 
 body={"code":200,"type":"unknown","message":"9223372000666118075"} 
 </msg>
<msg timestamp="20210910 14:33:21.041" level="INFO">${response} = &lt;Response [200]&gt;</msg>
<status status="PASS" starttime="20210910 14:33:19.987" endtime="20210910 14:33:21.041"/>
</kw>
<status status="PASS" starttime="20210910 14:33:19.984" endtime="20210910 14:33:21.042"/>
</test>
<test id="s1-t4" name="Swagger user del username Test">
<kw name="Create Dictionary" library="BuiltIn">
<var>${headers}</var>
<arg>Content-Type=application/json; charset=utf-8</arg>
<doc>Creates and returns a dictionary based on the given ``items``.</doc>
<msg timestamp="20210910 14:33:21.045" level="INFO">${headers} = {'Content-Type': 'application/json; charset=utf-8'}</msg>
<status status="PASS" starttime="20210910 14:33:21.044" endtime="20210910 14:33:21.045"/>
</kw>
<kw name="DELETE" library="RequestsLibrary">
<var>${response}</var>
<arg>https://petstore.swagger.io/v2/user/string</arg>
<arg>headers=${headers}</arg>
<doc>Sends a DELETE request.</doc>
<msg timestamp="20210910 14:33:22.102" level="INFO">DELETE Request : url=https://petstore.swagger.io/v2/user/string 
 path_url=/v2/user/string 
 headers={'User-Agent': 'python-requests/2.26.0', 'Accept-Encoding': 'gzip, deflate', 'Accept': '*/*', 'Connection': 'keep-alive', 'Content-Type': 'application/json; charset=utf-8', 'Content-Length': '0'} 
 body=None 
 </msg>
<msg timestamp="20210910 14:33:22.102" level="INFO">DELETE Response : url=https://petstore.swagger.io/v2/user/string 
 status=200, reason=OK 
 headers={'Date': 'Fri, 10 Sep 2021 11:33:22 GMT', 'Content-Type': 'application/json', 'Transfer-Encoding': 'chunked', 'Connection': 'keep-alive', 'Access-Control-Allow-Origin': '*', 'Access-Control-Allow-Methods': 'GET, POST, DELETE, PUT', 'Access-Control-Allow-Headers': 'Content-Type, api_key, Authorization', 'Server': 'Jetty(9.2.9.v20150224)'} 
 body={"code":200,"type":"unknown","message":"string"} 
 </msg>
<msg timestamp="20210910 14:33:22.103" level="INFO">${response} = &lt;Response [200]&gt;</msg>
<status status="PASS" starttime="20210910 14:33:21.046" endtime="20210910 14:33:22.103"/>
</kw>
<status status="PASS" starttime="20210910 14:33:21.043" endtime="20210910 14:33:22.103"/>
</test>
<test id="s1-t5" name="Swagger user login Test">
<kw name="Create Dictionary" library="BuiltIn">
<var>${headers}</var>
<arg>Content-Type=application/json; charset=utf-8</arg>
<doc>Creates and returns a dictionary based on the given ``items``.</doc>
<msg timestamp="20210910 14:33:22.105" level="INFO">${headers} = {'Content-Type': 'application/json; charset=utf-8'}</msg>
<status status="PASS" starttime="20210910 14:33:22.104" endtime="20210910 14:33:22.105"/>
</kw>
<kw name="GET" library="RequestsLibrary">
<var>${response}</var>
<arg>https://petstore.swagger.io/v2/user/login</arg>
<arg>headers=${headers}</arg>
<arg>data=${data_to_login}</arg>
<doc>Sends a GET request.</doc>
<msg timestamp="20210910 14:33:23.144" level="INFO">GET Request : url=https://petstore.swagger.io/v2/user/login 
 path_url=/v2/user/login 
 headers={'User-Agent': 'python-requests/2.26.0', 'Accept-Encoding': 'gzip, deflate', 'Accept': '*/*', 'Connection': 'keep-alive', 'Content-Type': 'application/json; charset=utf-8', 'Content-Length': '46'} 
 body=[{"username": "string", "password": "string"}] 
 </msg>
<msg timestamp="20210910 14:33:23.144" level="INFO">GET Response : url=https://petstore.swagger.io/v2/user/login 
 status=200, reason=OK 
 headers={'Date': 'Fri, 10 Sep 2021 11:33:23 GMT', 'Content-Type': 'application/json', 'Transfer-Encoding': 'chunked', 'Connection': 'close', 'Access-Control-Allow-Origin': '*', 'Access-Control-Allow-Methods': 'GET, POST, DELETE, PUT', 'Access-Control-Allow-Headers': 'Content-Type, api_key, Authorization', 'X-Expires-After': 'Fri Sep 10 12:33:23 UTC 2021', 'X-Rate-Limit': '5000', 'Server': 'Jetty(9.2.9.v20150224)'} 
 body={"code":200,"type":"unknown","message":"logged in user session:1631273603089"} 
 </msg>
<msg timestamp="20210910 14:33:23.144" level="INFO">${response} = &lt;Response [200]&gt;</msg>
<status status="PASS" starttime="20210910 14:33:22.105" endtime="20210910 14:33:23.144"/>
</kw>
<status status="PASS" starttime="20210910 14:33:22.104" endtime="20210910 14:33:23.145"/>
</test>
<test id="s1-t6" name="Swagger user logout Test">
<kw name="Create Dictionary" library="BuiltIn">
<var>${headers}</var>
<arg>Content-Type=application/json; charset=utf-8</arg>
<doc>Creates and returns a dictionary based on the given ``items``.</doc>
<msg timestamp="20210910 14:33:23.146" level="INFO">${headers} = {'Content-Type': 'application/json; charset=utf-8'}</msg>
<status status="PASS" starttime="20210910 14:33:23.146" endtime="20210910 14:33:23.146"/>
</kw>
<kw name="GET" library="RequestsLibrary">
<var>${response}</var>
<arg>https://petstore.swagger.io/v2/user/logout</arg>
<arg>headers=${headers}</arg>
<arg>data=${data_to_login}</arg>
<doc>Sends a GET request.</doc>
<msg timestamp="20210910 14:33:24.194" level="INFO">GET Request : url=https://petstore.swagger.io/v2/user/logout 
 path_url=/v2/user/logout 
 headers={'User-Agent': 'python-requests/2.26.0', 'Accept-Encoding': 'gzip, deflate', 'Accept': '*/*', 'Connection': 'keep-alive', 'Content-Type': 'application/json; charset=utf-8', 'Content-Length': '46'} 
 body=[{"username": "string", "password": "string"}] 
 </msg>
<msg timestamp="20210910 14:33:24.195" level="INFO">GET Response : url=https://petstore.swagger.io/v2/user/logout 
 status=200, reason=OK 
 headers={'Date': 'Fri, 10 Sep 2021 11:33:24 GMT', 'Content-Type': 'application/json', 'Transfer-Encoding': 'chunked', 'Connection': 'close', 'Access-Control-Allow-Origin': '*', 'Access-Control-Allow-Methods': 'GET, POST, DELETE, PUT', 'Access-Control-Allow-Headers': 'Content-Type, api_key, Authorization', 'Server': 'Jetty(9.2.9.v20150224)'} 
 body={"code":200,"type":"unknown","message":"ok"} 
 </msg>
<msg timestamp="20210910 14:33:24.195" level="INFO">${response} = &lt;Response [200]&gt;</msg>
<status status="PASS" starttime="20210910 14:33:23.146" endtime="20210910 14:33:24.195"/>
</kw>
<status status="PASS" starttime="20210910 14:33:23.145" endtime="20210910 14:33:24.196"/>
</test>
<doc>Example using the space separated format.
Checking the information provided in the
Robot Framework documentation.</doc>
<status status="PASS" starttime="20210910 14:33:17.892" endtime="20210910 14:33:24.197"/>
</suite>
<statistics>
<total>
<stat pass="6" fail="0" skip="0">All Tests</stat>
</total>
<tag>
</tag>
<suite>
<stat pass="6" fail="0" skip="0" id="s1" name="Users Tests">Users Tests</stat>
</suite>
</statistics>
<errors>
</errors>
</robot>
