<?xml version="1.0" encoding="UTF-8"?>
<robot generator="Robot 4.1 (Python 3.8.10 on linux)" generated="20210915 09:35:08.905" rpa="false" schemaversion="2">
<suite id="s1" name="Users Tests" source="/home/andrew/Рабочий стол/Andrei_Che/swagger/Robot_Framework/users_tests.robot">
<test id="s1-t1" name="Swagger user get username Test">
<kw name="GET" library="RequestsLibrary">
<var>${response}</var>
<arg>https://petstore.swagger.io/v2/user/string</arg>
<doc>Sends a GET request.</doc>
<msg timestamp="20210915 09:35:09.015" level="TRACE">Arguments: [ 'https://petstore.swagger.io/v2/user/string' ]</msg>
<msg timestamp="20210915 09:35:09.017" level="DEBUG">Starting new HTTPS connection (1): petstore.swagger.io:443</msg>
<msg timestamp="20210915 09:35:09.672" level="DEBUG">https://petstore.swagger.io:443 "GET /v2/user/string HTTP/1.1" 200 None</msg>
<msg timestamp="20210915 09:35:09.698" level="INFO">GET Request : url=https://petstore.swagger.io/v2/user/string 
 path_url=/v2/user/string 
 headers={'User-Agent': 'python-requests/2.22.0', 'Accept-Encoding': 'gzip, deflate', 'Accept': '*/*', 'Connection': 'keep-alive'} 
 body=None 
 </msg>
<msg timestamp="20210915 09:35:09.699" level="INFO">GET Response : url=https://petstore.swagger.io/v2/user/string 
 status=200, reason=OK 
 headers={'Date': 'Wed, 15 Sep 2021 06:35:09 GMT', 'Content-Type': 'application/json', 'Transfer-Encoding': 'chunked', 'Connection': 'keep-alive', 'Access-Control-Allow-Origin': '*', 'Access-Control-Allow-Methods': 'GET, POST, DELETE, PUT', 'Access-Control-Allow-Headers': 'Content-Type, api_key, Authorization', 'Server': 'Jetty(9.2.9.v20150224)'} 
 body={"id":9223372000666119658,"username":"string","firstName":"string","lastName":"string","email":"string","password":"string","phone":"string","userStatus":0} 
 </msg>
<msg timestamp="20210915 09:35:09.699" level="TRACE">Return: &lt;Response [200]&gt;</msg>
<msg timestamp="20210915 09:35:09.700" level="INFO">${response} = &lt;Response [200]&gt;</msg>
<status status="PASS" starttime="20210915 09:35:09.015" endtime="20210915 09:35:09.700"/>
</kw>
<kw name="Status Should Be" library="RequestsLibrary">
<arg>OK</arg>
<arg>${response}</arg>
<doc>Fails if response status code is different than the expected.</doc>
<msg timestamp="20210915 09:35:09.702" level="TRACE">Arguments: [ 'OK' | &lt;Response [200]&gt; ]</msg>
<msg timestamp="20210915 09:35:09.703" level="TRACE">Return: None</msg>
<status status="PASS" starttime="20210915 09:35:09.701" endtime="20210915 09:35:09.703"/>
</kw>
<kw name="Log To Console" library="BuiltIn">
<arg>${response.status_code}</arg>
<doc>Logs the given message to the console.</doc>
<msg timestamp="20210915 09:35:09.706" level="TRACE">Arguments: [ 200 ]</msg>
<msg timestamp="20210915 09:35:09.707" level="TRACE">Return: None</msg>
<status status="PASS" starttime="20210915 09:35:09.704" endtime="20210915 09:35:09.707"/>
</kw>
<status status="PASS" starttime="20210915 09:35:09.014" endtime="20210915 09:35:09.707"/>
</test>
<test id="s1-t2" name="Swagger user post createWithList Test">
<kw name="POST" library="RequestsLibrary">
<var>${response}</var>
<arg>https://petstore.swagger.io/v2/user/createWithList</arg>
<arg>data= ${data_list}</arg>
<arg>headers=&amp;{headers}</arg>
<doc>Sends a POST request.</doc>
<msg timestamp="20210915 09:35:09.711" level="TRACE">Arguments: [ 'https://petstore.swagger.io/v2/user/createWithList' | data=' [{"id": 0, "username": "string", "firstName": "string", "lastName": "string", "email": "string", "password": "string", "phone": "string", "userStatus": 0}]' | headers={'Content-Type': 'application/json'} ]</msg>
<msg timestamp="20210915 09:35:09.714" level="DEBUG">Starting new HTTPS connection (1): petstore.swagger.io:443</msg>
<msg timestamp="20210915 09:35:10.389" level="DEBUG">https://petstore.swagger.io:443 "POST /v2/user/createWithList HTTP/1.1" 200 None</msg>
<msg timestamp="20210915 09:35:10.390" level="INFO">POST Request : url=https://petstore.swagger.io/v2/user/createWithList 
 path_url=/v2/user/createWithList 
 headers={'User-Agent': 'python-requests/2.22.0', 'Accept-Encoding': 'gzip, deflate', 'Accept': '*/*', 'Connection': 'keep-alive', 'Content-Type': 'application/json', 'Content-Length': '156'} 
 body= [{"id": 0, "username": "string", "firstName": "string", "lastName": "string", "email": "string", "password": "string", "phone": "string", "userStatus": 0}] 
 </msg>
<msg timestamp="20210915 09:35:10.390" level="INFO">POST Response : url=https://petstore.swagger.io/v2/user/createWithList 
 status=200, reason=OK 
 headers={'Date': 'Wed, 15 Sep 2021 06:35:10 GMT', 'Content-Type': 'application/json', 'Transfer-Encoding': 'chunked', 'Connection': 'keep-alive', 'Access-Control-Allow-Origin': '*', 'Access-Control-Allow-Methods': 'GET, POST, DELETE, PUT', 'Access-Control-Allow-Headers': 'Content-Type, api_key, Authorization', 'Server': 'Jetty(9.2.9.v20150224)'} 
 body={"code":200,"type":"unknown","message":"ok"} 
 </msg>
<msg timestamp="20210915 09:35:10.390" level="TRACE">Return: &lt;Response [200]&gt;</msg>
<msg timestamp="20210915 09:35:10.391" level="INFO">${response} = &lt;Response [200]&gt;</msg>
<status status="PASS" starttime="20210915 09:35:09.710" endtime="20210915 09:35:10.391"/>
</kw>
<kw name="Status Should Be" library="RequestsLibrary">
<arg>OK</arg>
<arg>${response}</arg>
<doc>Fails if response status code is different than the expected.</doc>
<msg timestamp="20210915 09:35:10.392" level="TRACE">Arguments: [ 'OK' | &lt;Response [200]&gt; ]</msg>
<msg timestamp="20210915 09:35:10.392" level="TRACE">Return: None</msg>
<status status="PASS" starttime="20210915 09:35:10.391" endtime="20210915 09:35:10.392"/>
</kw>
<kw name="Log To Console" library="BuiltIn">
<arg>${response.status_code}</arg>
<doc>Logs the given message to the console.</doc>
<msg timestamp="20210915 09:35:10.394" level="TRACE">Arguments: [ 200 ]</msg>
<msg timestamp="20210915 09:35:10.395" level="TRACE">Return: None</msg>
<status status="PASS" starttime="20210915 09:35:10.392" endtime="20210915 09:35:10.395"/>
</kw>
<status status="PASS" starttime="20210915 09:35:09.709" endtime="20210915 09:35:10.395"/>
</test>
<test id="s1-t3" name="Swagger user put username Test">
<kw name="PUT" library="RequestsLibrary">
<var>${response}</var>
<arg>https://petstore.swagger.io/v2/user/string</arg>
<arg>data=${data}</arg>
<arg>headers=&amp;{headers}</arg>
<doc>Sends a PUT request.</doc>
<msg timestamp="20210915 09:35:10.399" level="TRACE">Arguments: [ 'https://petstore.swagger.io/v2/user/string' | data='{"id": 0, "username": "string", "firstName": "string", "lastName": "string", "email": "string", "password": "string", "phone": "string", "userStatus": 0}' | headers={'Content-Type': 'application/json'} ]</msg>
<msg timestamp="20210915 09:35:10.402" level="DEBUG">Starting new HTTPS connection (1): petstore.swagger.io:443</msg>
<msg timestamp="20210915 09:35:10.998" level="DEBUG">https://petstore.swagger.io:443 "PUT /v2/user/string HTTP/1.1" 200 None</msg>
<msg timestamp="20210915 09:35:11.020" level="INFO">PUT Request : url=https://petstore.swagger.io/v2/user/string 
 path_url=/v2/user/string 
 headers={'User-Agent': 'python-requests/2.22.0', 'Accept-Encoding': 'gzip, deflate', 'Accept': '*/*', 'Connection': 'keep-alive', 'Content-Type': 'application/json', 'Content-Length': '153'} 
 body={"id": 0, "username": "string", "firstName": "string", "lastName": "string", "email": "string", "password": "string", "phone": "string", "userStatus": 0} 
 </msg>
<msg timestamp="20210915 09:35:11.020" level="INFO">PUT Response : url=https://petstore.swagger.io/v2/user/string 
 status=200, reason=OK 
 headers={'Date': 'Wed, 15 Sep 2021 06:35:10 GMT', 'Content-Type': 'application/json', 'Transfer-Encoding': 'chunked', 'Connection': 'keep-alive', 'Access-Control-Allow-Origin': '*', 'Access-Control-Allow-Methods': 'GET, POST, DELETE, PUT', 'Access-Control-Allow-Headers': 'Content-Type, api_key, Authorization', 'Server': 'Jetty(9.2.9.v20150224)'} 
 body={"code":200,"type":"unknown","message":"9223372000666120455"} 
 </msg>
<msg timestamp="20210915 09:35:11.020" level="TRACE">Return: &lt;Response [200]&gt;</msg>
<msg timestamp="20210915 09:35:11.020" level="INFO">${response} = &lt;Response [200]&gt;</msg>
<status status="PASS" starttime="20210915 09:35:10.397" endtime="20210915 09:35:11.021"/>
</kw>
<kw name="Status Should Be" library="RequestsLibrary">
<arg>OK</arg>
<arg>${response}</arg>
<doc>Fails if response status code is different than the expected.</doc>
<msg timestamp="20210915 09:35:11.021" level="TRACE">Arguments: [ 'OK' | &lt;Response [200]&gt; ]</msg>
<msg timestamp="20210915 09:35:11.022" level="TRACE">Return: None</msg>
<status status="PASS" starttime="20210915 09:35:11.021" endtime="20210915 09:35:11.022"/>
</kw>
<kw name="Log To Console" library="BuiltIn">
<arg>${response.status_code}</arg>
<doc>Logs the given message to the console.</doc>
<msg timestamp="20210915 09:35:11.023" level="TRACE">Arguments: [ 200 ]</msg>
<msg timestamp="20210915 09:35:11.023" level="TRACE">Return: None</msg>
<status status="PASS" starttime="20210915 09:35:11.022" endtime="20210915 09:35:11.023"/>
</kw>
<status status="PASS" starttime="20210915 09:35:10.396" endtime="20210915 09:35:11.023"/>
</test>
<test id="s1-t4" name="Swagger user del username Test">
<kw name="DELETE" library="RequestsLibrary">
<var>${response}</var>
<arg>https://petstore.swagger.io/v2/user/string</arg>
<arg>headers=${headers}</arg>
<doc>Sends a DELETE request.</doc>
<msg timestamp="20210915 09:35:11.025" level="TRACE">Arguments: [ 'https://petstore.swagger.io/v2/user/string' | headers={'Content-Type': 'application/json'} ]</msg>
<msg timestamp="20210915 09:35:11.027" level="DEBUG">Starting new HTTPS connection (1): petstore.swagger.io:443</msg>
<msg timestamp="20210915 09:35:11.622" level="DEBUG">https://petstore.swagger.io:443 "DELETE /v2/user/string HTTP/1.1" 200 None</msg>
<msg timestamp="20210915 09:35:11.625" level="INFO">DELETE Request : url=https://petstore.swagger.io/v2/user/string 
 path_url=/v2/user/string 
 headers={'User-Agent': 'python-requests/2.22.0', 'Accept-Encoding': 'gzip, deflate', 'Accept': '*/*', 'Connection': 'keep-alive', 'Content-Type': 'application/json', 'Content-Length': '0'} 
 body=None 
 </msg>
<msg timestamp="20210915 09:35:11.625" level="INFO">DELETE Response : url=https://petstore.swagger.io/v2/user/string 
 status=200, reason=OK 
 headers={'Date': 'Wed, 15 Sep 2021 06:35:11 GMT', 'Content-Type': 'application/json', 'Transfer-Encoding': 'chunked', 'Connection': 'keep-alive', 'Access-Control-Allow-Origin': '*', 'Access-Control-Allow-Methods': 'GET, POST, DELETE, PUT', 'Access-Control-Allow-Headers': 'Content-Type, api_key, Authorization', 'Server': 'Jetty(9.2.9.v20150224)'} 
 body={"code":200,"type":"unknown","message":"string"} 
 </msg>
<msg timestamp="20210915 09:35:11.625" level="TRACE">Return: &lt;Response [200]&gt;</msg>
<msg timestamp="20210915 09:35:11.625" level="INFO">${response} = &lt;Response [200]&gt;</msg>
<status status="PASS" starttime="20210915 09:35:11.025" endtime="20210915 09:35:11.625"/>
</kw>
<kw name="Status Should Be" library="RequestsLibrary">
<arg>OK</arg>
<arg>${response}</arg>
<doc>Fails if response status code is different than the expected.</doc>
<msg timestamp="20210915 09:35:11.627" level="TRACE">Arguments: [ 'OK' | &lt;Response [200]&gt; ]</msg>
<msg timestamp="20210915 09:35:11.627" level="TRACE">Return: None</msg>
<status status="PASS" starttime="20210915 09:35:11.626" endtime="20210915 09:35:11.627"/>
</kw>
<kw name="Log To Console" library="BuiltIn">
<arg>${response.status_code}</arg>
<doc>Logs the given message to the console.</doc>
<msg timestamp="20210915 09:35:11.629" level="TRACE">Arguments: [ 200 ]</msg>
<msg timestamp="20210915 09:35:11.629" level="TRACE">Return: None</msg>
<status status="PASS" starttime="20210915 09:35:11.627" endtime="20210915 09:35:11.629"/>
</kw>
<status status="PASS" starttime="20210915 09:35:11.024" endtime="20210915 09:35:11.630"/>
</test>
<test id="s1-t5" name="Swagger user login Test">
<kw name="GET" library="RequestsLibrary">
<var>${response}</var>
<arg>https://petstore.swagger.io/v2/user/login</arg>
<arg>headers=${headers}</arg>
<arg>data=${data_to_login}</arg>
<doc>Sends a GET request.</doc>
<msg timestamp="20210915 09:35:11.632" level="TRACE">Arguments: [ 'https://petstore.swagger.io/v2/user/login' | headers={'Content-Type': 'application/json'} | data='[{"username": "string", "password": "string"}]' ]</msg>
<msg timestamp="20210915 09:35:11.634" level="DEBUG">Starting new HTTPS connection (1): petstore.swagger.io:443</msg>
<msg timestamp="20210915 09:35:12.257" level="DEBUG">https://petstore.swagger.io:443 "GET /v2/user/login HTTP/1.1" 200 None</msg>
<msg timestamp="20210915 09:35:12.261" level="INFO">GET Request : url=https://petstore.swagger.io/v2/user/login 
 path_url=/v2/user/login 
 headers={'User-Agent': 'python-requests/2.22.0', 'Accept-Encoding': 'gzip, deflate', 'Accept': '*/*', 'Connection': 'keep-alive', 'Content-Type': 'application/json', 'Content-Length': '46'} 
 body=[{"username": "string", "password": "string"}] 
 </msg>
<msg timestamp="20210915 09:35:12.261" level="INFO">GET Response : url=https://petstore.swagger.io/v2/user/login 
 status=200, reason=OK 
 headers={'Date': 'Wed, 15 Sep 2021 06:35:12 GMT', 'Content-Type': 'application/json', 'Transfer-Encoding': 'chunked', 'Connection': 'close', 'Access-Control-Allow-Origin': '*', 'Access-Control-Allow-Methods': 'GET, POST, DELETE, PUT', 'Access-Control-Allow-Headers': 'Content-Type, api_key, Authorization', 'X-Expires-After': 'Wed Sep 15 07:35:12 UTC 2021', 'X-Rate-Limit': '5000', 'Server': 'Jetty(9.2.9.v20150224)'} 
 body={"code":200,"type":"unknown","message":"logged in user session:1631687712138"} 
 </msg>
<msg timestamp="20210915 09:35:12.262" level="TRACE">Return: &lt;Response [200]&gt;</msg>
<msg timestamp="20210915 09:35:12.262" level="INFO">${response} = &lt;Response [200]&gt;</msg>
<status status="PASS" starttime="20210915 09:35:11.631" endtime="20210915 09:35:12.262"/>
</kw>
<kw name="Status Should Be" library="RequestsLibrary">
<arg>OK</arg>
<arg>${response}</arg>
<doc>Fails if response status code is different than the expected.</doc>
<msg timestamp="20210915 09:35:12.264" level="TRACE">Arguments: [ 'OK' | &lt;Response [200]&gt; ]</msg>
<msg timestamp="20210915 09:35:12.264" level="TRACE">Return: None</msg>
<status status="PASS" starttime="20210915 09:35:12.263" endtime="20210915 09:35:12.264"/>
</kw>
<kw name="Log To Console" library="BuiltIn">
<arg>${response.status_code}</arg>
<doc>Logs the given message to the console.</doc>
<msg timestamp="20210915 09:35:12.266" level="TRACE">Arguments: [ 200 ]</msg>
<msg timestamp="20210915 09:35:12.266" level="TRACE">Return: None</msg>
<status status="PASS" starttime="20210915 09:35:12.265" endtime="20210915 09:35:12.267"/>
</kw>
<status status="PASS" starttime="20210915 09:35:11.630" endtime="20210915 09:35:12.267"/>
</test>
<test id="s1-t6" name="Swagger user logout Test">
<kw name="GET" library="RequestsLibrary">
<var>${response}</var>
<arg>https://petstore.swagger.io/v2/user/logout</arg>
<arg>headers=${headers}</arg>
<arg>data=${data_to_login}</arg>
<doc>Sends a GET request.</doc>
<msg timestamp="20210915 09:35:12.271" level="TRACE">Arguments: [ 'https://petstore.swagger.io/v2/user/logout' | headers={'Content-Type': 'application/json'} | data='[{"username": "string", "password": "string"}]' ]</msg>
<msg timestamp="20210915 09:35:12.274" level="DEBUG">Starting new HTTPS connection (1): petstore.swagger.io:443</msg>
<msg timestamp="20210915 09:35:12.832" level="DEBUG">https://petstore.swagger.io:443 "GET /v2/user/logout HTTP/1.1" 200 None</msg>
<msg timestamp="20210915 09:35:12.834" level="INFO">GET Request : url=https://petstore.swagger.io/v2/user/logout 
 path_url=/v2/user/logout 
 headers={'User-Agent': 'python-requests/2.22.0', 'Accept-Encoding': 'gzip, deflate', 'Accept': '*/*', 'Connection': 'keep-alive', 'Content-Type': 'application/json', 'Content-Length': '46'} 
 body=[{"username": "string", "password": "string"}] 
 </msg>
<msg timestamp="20210915 09:35:12.835" level="INFO">GET Response : url=https://petstore.swagger.io/v2/user/logout 
 status=200, reason=OK 
 headers={'Date': 'Wed, 15 Sep 2021 06:35:12 GMT', 'Content-Type': 'application/json', 'Transfer-Encoding': 'chunked', 'Connection': 'close', 'Access-Control-Allow-Origin': '*', 'Access-Control-Allow-Methods': 'GET, POST, DELETE, PUT', 'Access-Control-Allow-Headers': 'Content-Type, api_key, Authorization', 'Server': 'Jetty(9.2.9.v20150224)'} 
 body={"code":200,"type":"unknown","message":"ok"} 
 </msg>
<msg timestamp="20210915 09:35:12.836" level="TRACE">Return: &lt;Response [200]&gt;</msg>
<msg timestamp="20210915 09:35:12.836" level="INFO">${response} = &lt;Response [200]&gt;</msg>
<status status="PASS" starttime="20210915 09:35:12.270" endtime="20210915 09:35:12.836"/>
</kw>
<kw name="Status Should Be" library="RequestsLibrary">
<arg>OK</arg>
<arg>${response}</arg>
<doc>Fails if response status code is different than the expected.</doc>
<msg timestamp="20210915 09:35:12.838" level="TRACE">Arguments: [ 'OK' | &lt;Response [200]&gt; ]</msg>
<msg timestamp="20210915 09:35:12.838" level="TRACE">Return: None</msg>
<status status="PASS" starttime="20210915 09:35:12.837" endtime="20210915 09:35:12.838"/>
</kw>
<kw name="Log To Console" library="BuiltIn">
<arg>${response.status_code}</arg>
<doc>Logs the given message to the console.</doc>
<msg timestamp="20210915 09:35:12.840" level="TRACE">Arguments: [ 200 ]</msg>
<msg timestamp="20210915 09:35:12.840" level="TRACE">Return: None</msg>
<status status="PASS" starttime="20210915 09:35:12.838" endtime="20210915 09:35:12.840"/>
</kw>
<status status="PASS" starttime="20210915 09:35:12.268" endtime="20210915 09:35:12.841"/>
</test>
<test id="s1-t7" name="Swagger list user Test">
<kw name="POST" library="RequestsLibrary">
<var>${response}</var>
<arg>https://petstore.swagger.io/v2/user/createWithArray</arg>
<arg>headers=${headers}</arg>
<arg>data=${data_list}</arg>
<doc>Sends a POST request.</doc>
<msg timestamp="20210915 09:35:12.844" level="TRACE">Arguments: [ 'https://petstore.swagger.io/v2/user/createWithArray' | headers={'Content-Type': 'application/json'} | data='[{"id": 0, "username": "string", "firstName": "string", "lastName": "string", "email": "string", "password": "string", "phone": "string", "userStatus": 0}]' ]</msg>
<msg timestamp="20210915 09:35:12.848" level="DEBUG">Starting new HTTPS connection (1): petstore.swagger.io:443</msg>
<msg timestamp="20210915 09:35:13.435" level="DEBUG">https://petstore.swagger.io:443 "POST /v2/user/createWithArray HTTP/1.1" 200 None</msg>
<msg timestamp="20210915 09:35:13.438" level="INFO">POST Request : url=https://petstore.swagger.io/v2/user/createWithArray 
 path_url=/v2/user/createWithArray 
 headers={'User-Agent': 'python-requests/2.22.0', 'Accept-Encoding': 'gzip, deflate', 'Accept': '*/*', 'Connection': 'keep-alive', 'Content-Type': 'application/json', 'Content-Length': '155'} 
 body=[{"id": 0, "username": "string", "firstName": "string", "lastName": "string", "email": "string", "password": "string", "phone": "string", "userStatus": 0}] 
 </msg>
<msg timestamp="20210915 09:35:13.439" level="INFO">POST Response : url=https://petstore.swagger.io/v2/user/createWithArray 
 status=200, reason=OK 
 headers={'Date': 'Wed, 15 Sep 2021 06:35:13 GMT', 'Content-Type': 'application/json', 'Transfer-Encoding': 'chunked', 'Connection': 'keep-alive', 'Access-Control-Allow-Origin': '*', 'Access-Control-Allow-Methods': 'GET, POST, DELETE, PUT', 'Access-Control-Allow-Headers': 'Content-Type, api_key, Authorization', 'Server': 'Jetty(9.2.9.v20150224)'} 
 body={"code":200,"type":"unknown","message":"ok"} 
 </msg>
<msg timestamp="20210915 09:35:13.439" level="TRACE">Return: &lt;Response [200]&gt;</msg>
<msg timestamp="20210915 09:35:13.440" level="INFO">${response} = &lt;Response [200]&gt;</msg>
<status status="PASS" starttime="20210915 09:35:12.843" endtime="20210915 09:35:13.440"/>
</kw>
<kw name="Status Should Be" library="RequestsLibrary">
<arg>OK</arg>
<arg>${response}</arg>
<doc>Fails if response status code is different than the expected.</doc>
<msg timestamp="20210915 09:35:13.441" level="TRACE">Arguments: [ 'OK' | &lt;Response [200]&gt; ]</msg>
<msg timestamp="20210915 09:35:13.442" level="TRACE">Return: None</msg>
<status status="PASS" starttime="20210915 09:35:13.441" endtime="20210915 09:35:13.442"/>
</kw>
<kw name="Log To Console" library="BuiltIn">
<arg>${response.status_code}</arg>
<doc>Logs the given message to the console.</doc>
<msg timestamp="20210915 09:35:13.443" level="TRACE">Arguments: [ 200 ]</msg>
<msg timestamp="20210915 09:35:13.443" level="TRACE">Return: None</msg>
<status status="PASS" starttime="20210915 09:35:13.442" endtime="20210915 09:35:13.443"/>
</kw>
<status status="PASS" starttime="20210915 09:35:12.842" endtime="20210915 09:35:13.443"/>
</test>
<test id="s1-t8" name="Swagger create user Test">
<kw name="POST" library="RequestsLibrary">
<var>${response}</var>
<arg>https://petstore.swagger.io/v2/user</arg>
<arg>headers=${headers}</arg>
<arg>data=${data}</arg>
<doc>Sends a POST request.</doc>
<msg timestamp="20210915 09:35:13.445" level="TRACE">Arguments: [ 'https://petstore.swagger.io/v2/user' | headers={'Content-Type': 'application/json'} | data='{"id": 0, "username": "string", "firstName": "string", "lastName": "string", "email": "string", "password": "string", "phone": "string", "userStatus": 0}' ]</msg>
<msg timestamp="20210915 09:35:13.448" level="DEBUG">Starting new HTTPS connection (1): petstore.swagger.io:443</msg>
<msg timestamp="20210915 09:35:14.028" level="DEBUG">https://petstore.swagger.io:443 "POST /v2/user HTTP/1.1" 200 None</msg>
<msg timestamp="20210915 09:35:14.031" level="INFO">POST Request : url=https://petstore.swagger.io/v2/user 
 path_url=/v2/user 
 headers={'User-Agent': 'python-requests/2.22.0', 'Accept-Encoding': 'gzip, deflate', 'Accept': '*/*', 'Connection': 'keep-alive', 'Content-Type': 'application/json', 'Content-Length': '153'} 
 body={"id": 0, "username": "string", "firstName": "string", "lastName": "string", "email": "string", "password": "string", "phone": "string", "userStatus": 0} 
 </msg>
<msg timestamp="20210915 09:35:14.032" level="INFO">POST Response : url=https://petstore.swagger.io/v2/user 
 status=200, reason=OK 
 headers={'Date': 'Wed, 15 Sep 2021 06:35:13 GMT', 'Content-Type': 'application/json', 'Transfer-Encoding': 'chunked', 'Connection': 'keep-alive', 'Access-Control-Allow-Origin': '*', 'Access-Control-Allow-Methods': 'GET, POST, DELETE, PUT', 'Access-Control-Allow-Headers': 'Content-Type, api_key, Authorization', 'Server': 'Jetty(9.2.9.v20150224)'} 
 body={"code":200,"type":"unknown","message":"9223372000666120491"} 
 </msg>
<msg timestamp="20210915 09:35:14.032" level="TRACE">Return: &lt;Response [200]&gt;</msg>
<msg timestamp="20210915 09:35:14.033" level="INFO">${response} = &lt;Response [200]&gt;</msg>
<status status="PASS" starttime="20210915 09:35:13.445" endtime="20210915 09:35:14.033"/>
</kw>
<kw name="Status Should Be" library="RequestsLibrary">
<arg>OK</arg>
<arg>${response}</arg>
<doc>Fails if response status code is different than the expected.</doc>
<msg timestamp="20210915 09:35:14.035" level="TRACE">Arguments: [ 'OK' | &lt;Response [200]&gt; ]</msg>
<msg timestamp="20210915 09:35:14.035" level="TRACE">Return: None</msg>
<status status="PASS" starttime="20210915 09:35:14.033" endtime="20210915 09:35:14.035"/>
</kw>
<kw name="Log To Console" library="BuiltIn">
<arg>${response.status_code}</arg>
<doc>Logs the given message to the console.</doc>
<msg timestamp="20210915 09:35:14.038" level="TRACE">Arguments: [ 200 ]</msg>
<msg timestamp="20210915 09:35:14.038" level="TRACE">Return: None</msg>
<status status="PASS" starttime="20210915 09:35:14.036" endtime="20210915 09:35:14.038"/>
</kw>
<status status="PASS" starttime="20210915 09:35:13.444" endtime="20210915 09:35:14.039"/>
</test>
<doc>Example using the space separated format.
Checking the information provided in the
Robot Framework documentation.</doc>
<status status="PASS" starttime="20210915 09:35:08.906" endtime="20210915 09:35:14.041"/>
</suite>
<statistics>
<total>
<stat pass="8" fail="0" skip="0">All Tests</stat>
</total>
<tag>
</tag>
<suite>
<stat pass="8" fail="0" skip="0" id="s1" name="Users Tests">Users Tests</stat>
</suite>
</statistics>
<errors>
</errors>
</robot>
