<?xml version="1.0" encoding="UTF-8"?>
<robot generator="Robot 4.1.1 (Python 3.8.10 on linux)" generated="20210913 14:53:34.749" rpa="false" schemaversion="2">
<suite id="s1" name="Store Tests" source="/home/chernomorov/Desktop/projects/swagger/Robot_Framework/store_tests.robot">
<test id="s1-t1" name="Swagger store inventory Test">
<kw name="GET" library="RequestsLibrary">
<var>${response}</var>
<arg>https://petstore.swagger.io/v2/store/inventory</arg>
<arg>data= ${data}</arg>
<arg>headers=${headers}</arg>
<doc>Sends a GET request.</doc>
<msg timestamp="20210913 14:53:34.821" level="TRACE">Arguments: [ 'https://petstore.swagger.io/v2/store/inventory' | data=' {"sold": randint(1, 10), "string": randint(1, 100), "pending": randint(1, 100), "available": randint(1, 1000)}' | headers={'Content-Type': 'application/json'} ]</msg>
<msg timestamp="20210913 14:53:34.823" level="DEBUG">Starting new HTTPS connection (1): petstore.swagger.io:443</msg>
<msg timestamp="20210913 14:53:35.894" level="DEBUG">https://petstore.swagger.io:443 "GET /v2/store/inventory HTTP/1.1" 200 None</msg>
<msg timestamp="20210913 14:53:35.895" level="INFO">GET Request : url=https://petstore.swagger.io/v2/store/inventory 
 path_url=/v2/store/inventory 
 headers={'User-Agent': 'python-requests/2.26.0', 'Accept-Encoding': 'gzip, deflate', 'Accept': '*/*', 'Connection': 'keep-alive', 'Content-Type': 'application/json', 'Content-Length': '111'} 
 body= {"sold": randint(1, 10), "string": randint(1, 100), "pending": randint(1, 100), "available": randint(1, 1000)} 
 </msg>
<msg timestamp="20210913 14:53:35.895" level="INFO">GET Response : url=https://petstore.swagger.io/v2/store/inventory 
 status=200, reason=OK 
 headers={'Date': 'Mon, 13 Sep 2021 11:53:35 GMT', 'Content-Type': 'application/json', 'Transfer-Encoding': 'chunked', 'Connection': 'close', 'Access-Control-Allow-Origin': '*', 'Access-Control-Allow-Methods': 'GET, POST, DELETE, PUT', 'Access-Control-Allow-Headers': 'Content-Type, api_key, Authorization', 'Server': 'Jetty(9.2.9.v20150224)'} 
 body={"sold":11,"string":192,"unavailable":1,"avaliable":2,"geändert":1,"pending":8,"available":736,"StatusJvR":4,"ok":6,"OK":1,"free":1} 
 </msg>
<msg timestamp="20210913 14:53:35.895" level="TRACE">Return: &lt;Response [200]&gt;</msg>
<msg timestamp="20210913 14:53:35.896" level="INFO">${response} = &lt;Response [200]&gt;</msg>
<status status="PASS" starttime="20210913 14:53:34.821" endtime="20210913 14:53:35.896"/>
</kw>
<status status="PASS" starttime="20210913 14:53:34.820" endtime="20210913 14:53:35.896"/>
</test>
<test id="s1-t2" name="Swagger ustore oder Test">
<kw name="POST" library="RequestsLibrary">
<var>${response}</var>
<arg>https://petstore.swagger.io/v2/store/order</arg>
<arg>data= ${data_oder}</arg>
<arg>headers=${headers}</arg>
<doc>Sends a POST request.</doc>
<msg timestamp="20210913 14:53:35.897" level="TRACE">Arguments: [ 'https://petstore.swagger.io/v2/store/order' | data=' {"id": 0, "petId": 0, "quantity": 0, "shipDate": "2021-09-10T12:12:18.589Z", "status": "placed", "complete": true}' | headers={'Content-Type': 'application/json'} ]</msg>
<msg timestamp="20210913 14:53:35.899" level="DEBUG">Starting new HTTPS connection (1): petstore.swagger.io:443</msg>
<msg timestamp="20210913 14:53:36.977" level="DEBUG">https://petstore.swagger.io:443 "POST /v2/store/order HTTP/1.1" 200 None</msg>
<msg timestamp="20210913 14:53:36.979" level="INFO">POST Request : url=https://petstore.swagger.io/v2/store/order 
 path_url=/v2/store/order 
 headers={'User-Agent': 'python-requests/2.26.0', 'Accept-Encoding': 'gzip, deflate', 'Accept': '*/*', 'Connection': 'keep-alive', 'Content-Type': 'application/json', 'Content-Length': '115'} 
 body= {"id": 0, "petId": 0, "quantity": 0, "shipDate": "2021-09-10T12:12:18.589Z", "status": "placed", "complete": true} 
 </msg>
<msg timestamp="20210913 14:53:36.980" level="INFO">POST Response : url=https://petstore.swagger.io/v2/store/order 
 status=200, reason=OK 
 headers={'Date': 'Mon, 13 Sep 2021 11:53:36 GMT', 'Content-Type': 'application/json', 'Transfer-Encoding': 'chunked', 'Connection': 'keep-alive', 'Access-Control-Allow-Origin': '*', 'Access-Control-Allow-Methods': 'GET, POST, DELETE, PUT', 'Access-Control-Allow-Headers': 'Content-Type, api_key, Authorization', 'Server': 'Jetty(9.2.9.v20150224)'} 
 body={"id":9223372036854775807,"petId":0,"quantity":0,"shipDate":"2021-09-10T12:12:18.589+0000","status":"placed","complete":true} 
 </msg>
<msg timestamp="20210913 14:53:36.981" level="TRACE">Return: &lt;Response [200]&gt;</msg>
<msg timestamp="20210913 14:53:36.981" level="INFO">${response} = &lt;Response [200]&gt;</msg>
<status status="PASS" starttime="20210913 14:53:35.897" endtime="20210913 14:53:36.981"/>
</kw>
<status status="PASS" starttime="20210913 14:53:35.896" endtime="20210913 14:53:36.982"/>
</test>
<test id="s1-t3" name="Swagger ustore oder id Test">
<kw name="GET" library="RequestsLibrary">
<var>${response}</var>
<arg>https://petstore.swagger.io/v2/store/order/2</arg>
<arg>data= ${data_oder}</arg>
<arg>headers=${headers}</arg>
<doc>Sends a GET request.</doc>
<msg timestamp="20210913 14:53:36.986" level="TRACE">Arguments: [ 'https://petstore.swagger.io/v2/store/order/2' | data=' {"id": 0, "petId": 0, "quantity": 0, "shipDate": "2021-09-10T12:12:18.589Z", "status": "placed", "complete": true}' | headers={'Content-Type': 'application/json'} ]</msg>
<msg timestamp="20210913 14:53:36.994" level="DEBUG">Starting new HTTPS connection (1): petstore.swagger.io:443</msg>
<msg timestamp="20210913 14:53:38.078" level="DEBUG">https://petstore.swagger.io:443 "GET /v2/store/order/2 HTTP/1.1" 404 None</msg>
<msg timestamp="20210913 14:53:38.081" level="INFO">GET Request : url=https://petstore.swagger.io/v2/store/order/2 
 path_url=/v2/store/order/2 
 headers={'User-Agent': 'python-requests/2.26.0', 'Accept-Encoding': 'gzip, deflate', 'Accept': '*/*', 'Connection': 'keep-alive', 'Content-Type': 'application/json', 'Content-Length': '115'} 
 body= {"id": 0, "petId": 0, "quantity": 0, "shipDate": "2021-09-10T12:12:18.589Z", "status": "placed", "complete": true} 
 </msg>
<msg timestamp="20210913 14:53:38.081" level="INFO">GET Response : url=https://petstore.swagger.io/v2/store/order/2 
 status=404, reason=Not Found 
 headers={'Date': 'Mon, 13 Sep 2021 11:53:37 GMT', 'Content-Type': 'application/json', 'Transfer-Encoding': 'chunked', 'Connection': 'close', 'Access-Control-Allow-Origin': '*', 'Access-Control-Allow-Methods': 'GET, POST, DELETE, PUT', 'Access-Control-Allow-Headers': 'Content-Type, api_key, Authorization', 'Server': 'Jetty(9.2.9.v20150224)'} 
 body={"code":1,"type":"error","message":"Order not found"} 
 </msg>
<msg timestamp="20210913 14:53:38.083" level="FAIL">HTTPError: 404 Client Error: Not Found for url: https://petstore.swagger.io/v2/store/order/2</msg>
<msg timestamp="20210913 14:53:38.083" level="DEBUG">Traceback (most recent call last):
  File "/home/chernomorov/Desktop/projects/swagger/venv/lib/python3.8/site-packages/RequestsLibrary/RequestsKeywords.py", line 191, in session_less_get
    self._check_status(expected_status, response, msg)
  File "/home/chernomorov/Desktop/projects/swagger/venv/lib/python3.8/site-packages/RequestsLibrary/SessionKeywords.py", line 565, in _check_status
    resp.raise_for_status()
  File "/home/chernomorov/Desktop/projects/swagger/venv/lib/python3.8/site-packages/requests/models.py", line 953, in raise_for_status
    raise HTTPError(http_error_msg, response=self)</msg>
<status status="FAIL" starttime="20210913 14:53:36.984" endtime="20210913 14:53:38.083"/>
</kw>
<status status="FAIL" starttime="20210913 14:53:36.983" endtime="20210913 14:53:38.084">HTTPError: 404 Client Error: Not Found for url: https://petstore.swagger.io/v2/store/order/2</status>
</test>
<test id="s1-t4" name="Swagger ustore oder delete Test">
<kw name="DELETE" library="RequestsLibrary">
<var>${response}</var>
<arg>https://petstore.swagger.io/v2/store/order/2</arg>
<arg>data= ${data_oder}</arg>
<arg>headers=${headers}</arg>
<doc>Sends a DELETE request.</doc>
<msg timestamp="20210913 14:53:38.085" level="TRACE">Arguments: [ 'https://petstore.swagger.io/v2/store/order/2' | data=' {"id": 0, "petId": 0, "quantity": 0, "shipDate": "2021-09-10T12:12:18.589Z", "status": "placed", "complete": true}' | headers={'Content-Type': 'application/json'} ]</msg>
<msg timestamp="20210913 14:53:38.086" level="DEBUG">Starting new HTTPS connection (1): petstore.swagger.io:443</msg>
<msg timestamp="20210913 14:53:39.148" level="DEBUG">https://petstore.swagger.io:443 "DELETE /v2/store/order/2 HTTP/1.1" 404 None</msg>
<msg timestamp="20210913 14:53:39.151" level="INFO">DELETE Request : url=https://petstore.swagger.io/v2/store/order/2 
 path_url=/v2/store/order/2 
 headers={'User-Agent': 'python-requests/2.26.0', 'Accept-Encoding': 'gzip, deflate', 'Accept': '*/*', 'Connection': 'keep-alive', 'Content-Type': 'application/json', 'Content-Length': '115'} 
 body= {"id": 0, "petId": 0, "quantity": 0, "shipDate": "2021-09-10T12:12:18.589Z", "status": "placed", "complete": true} 
 </msg>
<msg timestamp="20210913 14:53:39.151" level="INFO">DELETE Response : url=https://petstore.swagger.io/v2/store/order/2 
 status=404, reason=Not Found 
 headers={'Date': 'Mon, 13 Sep 2021 11:53:39 GMT', 'Content-Type': 'application/json', 'Transfer-Encoding': 'chunked', 'Connection': 'keep-alive', 'Access-Control-Allow-Origin': '*', 'Access-Control-Allow-Methods': 'GET, POST, DELETE, PUT', 'Access-Control-Allow-Headers': 'Content-Type, api_key, Authorization', 'Server': 'Jetty(9.2.9.v20150224)'} 
 body={"code":404,"type":"unknown","message":"Order Not Found"} 
 </msg>
<msg timestamp="20210913 14:53:39.153" level="FAIL">HTTPError: 404 Client Error: Not Found for url: https://petstore.swagger.io/v2/store/order/2</msg>
<msg timestamp="20210913 14:53:39.153" level="DEBUG">Traceback (most recent call last):
  File "/home/chernomorov/Desktop/projects/swagger/venv/lib/python3.8/site-packages/RequestsLibrary/RequestsKeywords.py", line 315, in session_less_delete
    self._check_status(expected_status, response, msg)
  File "/home/chernomorov/Desktop/projects/swagger/venv/lib/python3.8/site-packages/RequestsLibrary/SessionKeywords.py", line 565, in _check_status
    resp.raise_for_status()
  File "/home/chernomorov/Desktop/projects/swagger/venv/lib/python3.8/site-packages/requests/models.py", line 953, in raise_for_status
    raise HTTPError(http_error_msg, response=self)</msg>
<status status="FAIL" starttime="20210913 14:53:38.084" endtime="20210913 14:53:39.153"/>
</kw>
<status status="FAIL" starttime="20210913 14:53:38.084" endtime="20210913 14:53:39.153">HTTPError: 404 Client Error: Not Found for url: https://petstore.swagger.io/v2/store/order/2</status>
</test>
<doc>Example using the space separated format.
Checking the information provided in the
Robot Framework documentation.</doc>
<status status="FAIL" starttime="20210913 14:53:34.750" endtime="20210913 14:53:39.154"/>
</suite>
<statistics>
<total>
<stat pass="2" fail="2" skip="0">All Tests</stat>
</total>
<tag>
</tag>
<suite>
<stat pass="2" fail="2" skip="0" id="s1" name="Store Tests">Store Tests</stat>
</suite>
</statistics>
<errors>
</errors>
</robot>
