<?xml version="1.0" encoding="UTF-8"?>
<robot generator="Robot 4.1.1 (Python 3.8.10 on linux)" generated="20210916 18:01:38.505" rpa="false" schemaversion="2">
<suite id="s1" name="Store Tests" source="/home/chernomorov/Desktop/projects/swagger/Robot_Framework/store_tests.robot">
<kw name="Setup Store Tests" type="SETUP">
<msg timestamp="20210916 18:01:38.571" level="TRACE">Arguments: [  ]</msg>
<kw name="Evaluate" library="BuiltIn">
<var>${order_id}</var>
<arg>random.randint(1,10)</arg>
<arg>random</arg>
<doc>Evaluates the given expression in Python and returns the result.</doc>
<msg timestamp="20210916 18:01:38.571" level="TRACE">Arguments: [ 'random.randint(1,10)' | 'random' ]</msg>
<msg timestamp="20210916 18:01:38.571" level="TRACE">Return: 1</msg>
<msg timestamp="20210916 18:01:38.572" level="INFO">${order_id} = 1</msg>
<status status="PASS" starttime="20210916 18:01:38.571" endtime="20210916 18:01:38.572"/>
</kw>
<kw name="Set Suite Variable" library="BuiltIn">
<arg>${order_id}</arg>
<arg>${order_id}</arg>
<doc>Makes a variable available everywhere within the scope of the current suite.</doc>
<msg timestamp="20210916 18:01:38.572" level="TRACE">Arguments: [ '${order_id}' | '${order_id}' ]</msg>
<msg timestamp="20210916 18:01:38.572" level="INFO">${order_id} = 1</msg>
<msg timestamp="20210916 18:01:38.572" level="TRACE">Return: None</msg>
<status status="PASS" starttime="20210916 18:01:38.572" endtime="20210916 18:01:38.572"/>
</kw>
<kw name="Evaluate" library="BuiltIn">
<var>${data_order}</var>
<arg>{"id": ${order_id}, "petId": 0, "quantity": 0, "shipDate": "2021-09-10T12:12:18.589Z", "status": "placed", "complete": True}</arg>
<doc>Evaluates the given expression in Python and returns the result.</doc>
<msg timestamp="20210916 18:01:38.572" level="TRACE">Arguments: [ '{"id": 1, "petId": 0, "quantity": 0, "shipDate": "2021-09-10T12:12:18.589Z", "status": "placed", "complete": True}' ]</msg>
<msg timestamp="20210916 18:01:38.573" level="TRACE">Return: {'complete': True,
 'id': 1,
 'petId': 0,
 'quantity': 0,
 'shipDate': '2021-09-10T12:12:18.589Z',
 'status': 'placed'}</msg>
<msg timestamp="20210916 18:01:38.573" level="INFO">${data_order} = {'id': 1, 'petId': 0, 'quantity': 0, 'shipDate': '2021-09-10T12:12:18.589Z', 'status': 'placed', 'complete': True}</msg>
<status status="PASS" starttime="20210916 18:01:38.572" endtime="20210916 18:01:38.573"/>
</kw>
<kw name="Set Suite Variable" library="BuiltIn">
<arg>${data_order}</arg>
<arg>${data_order}</arg>
<doc>Makes a variable available everywhere within the scope of the current suite.</doc>
<msg timestamp="20210916 18:01:38.573" level="TRACE">Arguments: [ '${data_order}' | '${data_order}' ]</msg>
<msg timestamp="20210916 18:01:38.573" level="INFO">${data_order} = {'id': 1, 'petId': 0, 'quantity': 0, 'shipDate': '2021-09-10T12:12:18.589Z', 'status': 'placed', 'complete': True}</msg>
<msg timestamp="20210916 18:01:38.573" level="TRACE">Return: None</msg>
<status status="PASS" starttime="20210916 18:01:38.573" endtime="20210916 18:01:38.573"/>
</kw>
<msg timestamp="20210916 18:01:38.573" level="TRACE">Return: None</msg>
<status status="PASS" starttime="20210916 18:01:38.571" endtime="20210916 18:01:38.573"/>
</kw>
<test id="s1-t1" name="Swagger store inventory Test">
<kw name="GET" library="RequestsLibrary">
<var>${response}</var>
<arg>https://petstore.swagger.io/v2/store/inventory</arg>
<doc>Sends a GET request.</doc>
<msg timestamp="20210916 18:01:38.574" level="TRACE">Arguments: [ 'https://petstore.swagger.io/v2/store/inventory' ]</msg>
<msg timestamp="20210916 18:01:38.576" level="DEBUG">Starting new HTTPS connection (1): petstore.swagger.io:443</msg>
<msg timestamp="20210916 18:01:39.139" level="DEBUG">https://petstore.swagger.io:443 "GET /v2/store/inventory HTTP/1.1" 200 None</msg>
<msg timestamp="20210916 18:01:39.142" level="INFO">GET Request : url=https://petstore.swagger.io/v2/store/inventory 
 path_url=/v2/store/inventory 
 headers={'User-Agent': 'python-requests/2.26.0', 'Accept-Encoding': 'gzip, deflate', 'Accept': '*/*', 'Connection': 'keep-alive'} 
 body=None 
 </msg>
<msg timestamp="20210916 18:01:39.142" level="INFO">GET Response : url=https://petstore.swagger.io/v2/store/inventory 
 status=200, reason=OK 
 headers={'Date': 'Thu, 16 Sep 2021 15:01:39 GMT', 'Content-Type': 'application/json', 'Transfer-Encoding': 'chunked', 'Connection': 'keep-alive', 'Access-Control-Allow-Origin': '*', 'Access-Control-Allow-Methods': 'GET, POST, DELETE, PUT', 'Access-Control-Allow-Headers': 'Content-Type, api_key, Authorization', 'Server': 'Jetty(9.2.9.v20150224)'} 
 body={"sold":19,"Kreupel":1,"string":187,"pending":3,"available":666,"AVAILABLE":1,"in ull":1,"Sold":1,"avialable":1,"Pet created from code":1,"StatusJvR":1,"OK":1,"ok":6,"Pending":2,"3246870986":1,"Gestorven":1} 
 </msg>
<msg timestamp="20210916 18:01:39.143" level="TRACE">Return: &lt;Response [200]&gt;</msg>
<msg timestamp="20210916 18:01:39.143" level="INFO">${response} = &lt;Response [200]&gt;</msg>
<status status="PASS" starttime="20210916 18:01:38.574" endtime="20210916 18:01:39.144"/>
</kw>
<kw name="Status Should Be" library="RequestsLibrary">
<arg>OK</arg>
<arg>${response}</arg>
<doc>Fails if response status code is different than the expected.</doc>
<msg timestamp="20210916 18:01:39.145" level="TRACE">Arguments: [ 'OK' | &lt;Response [200]&gt; ]</msg>
<msg timestamp="20210916 18:01:39.145" level="TRACE">Return: None</msg>
<status status="PASS" starttime="20210916 18:01:39.144" endtime="20210916 18:01:39.145"/>
</kw>
<status status="PASS" starttime="20210916 18:01:38.573" endtime="20210916 18:01:39.146"/>
</test>
<test id="s1-t2" name="Swagger store oder Test">
<kw name="POST" library="RequestsLibrary">
<var>${response}</var>
<arg>https://petstore.swagger.io/v2/store/order</arg>
<arg>json=${data_order}</arg>
<arg>headers=&amp;{headers}</arg>
<doc>Sends a POST request.</doc>
<msg timestamp="20210916 18:01:39.149" level="TRACE">Arguments: [ 'https://petstore.swagger.io/v2/store/order' | json={'complete': True,
 'id': 1,
 'petId': 0,
 'quantity': 0,
 'shipDate': '2021-09-10T12:12:18.589Z',
 'status': 'placed'} | headers={'Content-Type': 'application/json'} ]</msg>
<msg timestamp="20210916 18:01:39.154" level="DEBUG">Starting new HTTPS connection (1): petstore.swagger.io:443</msg>
<msg timestamp="20210916 18:01:39.691" level="DEBUG">https://petstore.swagger.io:443 "POST /v2/store/order HTTP/1.1" 200 None</msg>
<msg timestamp="20210916 18:01:39.694" level="INFO">POST Request : url=https://petstore.swagger.io/v2/store/order 
 path_url=/v2/store/order 
 headers={'User-Agent': 'python-requests/2.26.0', 'Accept-Encoding': 'gzip, deflate', 'Accept': '*/*', 'Connection': 'keep-alive', 'Content-Type': 'application/json', 'Content-Length': '114'} 
 body=b'{"id": 1, "petId": 0, "quantity": 0, "shipDate": "2021-09-10T12:12:18.589Z", "status": "placed", "complete": true}' 
 </msg>
<msg timestamp="20210916 18:01:39.694" level="INFO">POST Response : url=https://petstore.swagger.io/v2/store/order 
 status=200, reason=OK 
 headers={'Date': 'Thu, 16 Sep 2021 15:01:39 GMT', 'Content-Type': 'application/json', 'Transfer-Encoding': 'chunked', 'Connection': 'keep-alive', 'Access-Control-Allow-Origin': '*', 'Access-Control-Allow-Methods': 'GET, POST, DELETE, PUT', 'Access-Control-Allow-Headers': 'Content-Type, api_key, Authorization', 'Server': 'Jetty(9.2.9.v20150224)'} 
 body={"id":1,"petId":0,"quantity":0,"shipDate":"2021-09-10T12:12:18.589+0000","status":"placed","complete":true} 
 </msg>
<msg timestamp="20210916 18:01:39.694" level="TRACE">Return: &lt;Response [200]&gt;</msg>
<msg timestamp="20210916 18:01:39.694" level="INFO">${response} = &lt;Response [200]&gt;</msg>
<status status="PASS" starttime="20210916 18:01:39.147" endtime="20210916 18:01:39.695"/>
</kw>
<kw name="Status Should Be" library="RequestsLibrary">
<arg>OK</arg>
<arg>${response}</arg>
<doc>Fails if response status code is different than the expected.</doc>
<msg timestamp="20210916 18:01:39.696" level="TRACE">Arguments: [ 'OK' | &lt;Response [200]&gt; ]</msg>
<msg timestamp="20210916 18:01:39.697" level="TRACE">Return: None</msg>
<status status="PASS" starttime="20210916 18:01:39.696" endtime="20210916 18:01:39.697"/>
</kw>
<status status="PASS" starttime="20210916 18:01:39.146" endtime="20210916 18:01:39.697"/>
</test>
<test id="s1-t3" name="Swagger store oder id Test">
<kw name="GET" library="RequestsLibrary">
<var>${response}</var>
<arg>https://petstore.swagger.io/v2/store/order/${order_id}</arg>
<arg>json=${data_order}</arg>
<doc>Sends a GET request.</doc>
<msg timestamp="20210916 18:01:39.700" level="TRACE">Arguments: [ 'https://petstore.swagger.io/v2/store/order/1' | json={'complete': True,
 'id': 1,
 'petId': 0,
 'quantity': 0,
 'shipDate': '2021-09-10T12:12:18.589Z',
 'status': 'placed'} ]</msg>
<msg timestamp="20210916 18:01:39.706" level="DEBUG">Starting new HTTPS connection (1): petstore.swagger.io:443</msg>
<msg timestamp="20210916 18:01:40.306" level="DEBUG">https://petstore.swagger.io:443 "GET /v2/store/order/1 HTTP/1.1" 200 None</msg>
<msg timestamp="20210916 18:01:40.308" level="INFO">GET Request : url=https://petstore.swagger.io/v2/store/order/1 
 path_url=/v2/store/order/1 
 headers={'User-Agent': 'python-requests/2.26.0', 'Accept-Encoding': 'gzip, deflate', 'Accept': '*/*', 'Connection': 'keep-alive', 'Content-Length': '114', 'Content-Type': 'application/json'} 
 body=b'{"id": 1, "petId": 0, "quantity": 0, "shipDate": "2021-09-10T12:12:18.589Z", "status": "placed", "complete": true}' 
 </msg>
<msg timestamp="20210916 18:01:40.308" level="INFO">GET Response : url=https://petstore.swagger.io/v2/store/order/1 
 status=200, reason=OK 
 headers={'Date': 'Thu, 16 Sep 2021 15:01:40 GMT', 'Content-Type': 'application/json', 'Transfer-Encoding': 'chunked', 'Connection': 'close', 'Access-Control-Allow-Origin': '*', 'Access-Control-Allow-Methods': 'GET, POST, DELETE, PUT', 'Access-Control-Allow-Headers': 'Content-Type, api_key, Authorization', 'Server': 'Jetty(9.2.9.v20150224)'} 
 body={"id":1,"petId":0,"quantity":0,"shipDate":"2021-09-10T12:12:18.589+0000","status":"placed","complete":true} 
 </msg>
<msg timestamp="20210916 18:01:40.309" level="TRACE">Return: &lt;Response [200]&gt;</msg>
<msg timestamp="20210916 18:01:40.309" level="INFO">${response} = &lt;Response [200]&gt;</msg>
<status status="PASS" starttime="20210916 18:01:39.699" endtime="20210916 18:01:40.309"/>
</kw>
<kw name="Status Should Be" library="RequestsLibrary">
<arg>OK</arg>
<arg>${response}</arg>
<doc>Fails if response status code is different than the expected.</doc>
<msg timestamp="20210916 18:01:40.311" level="TRACE">Arguments: [ 'OK' | &lt;Response [200]&gt; ]</msg>
<msg timestamp="20210916 18:01:40.311" level="TRACE">Return: None</msg>
<status status="PASS" starttime="20210916 18:01:40.309" endtime="20210916 18:01:40.311"/>
</kw>
<kw name="Log To Console" library="BuiltIn">
<arg>https://petstore.swagger.io/v2/store/order/${order_id}</arg>
<doc>Logs the given message to the console.</doc>
<msg timestamp="20210916 18:01:40.312" level="TRACE">Arguments: [ 'https://petstore.swagger.io/v2/store/order/1' ]</msg>
<msg timestamp="20210916 18:01:40.313" level="TRACE">Return: None</msg>
<status status="PASS" starttime="20210916 18:01:40.312" endtime="20210916 18:01:40.313"/>
</kw>
<status status="PASS" starttime="20210916 18:01:39.698" endtime="20210916 18:01:40.313"/>
</test>
<test id="s1-t4" name="Swagger store oder delete Test">
<kw name="DELETE" library="RequestsLibrary">
<var>${response}</var>
<arg>https://petstore.swagger.io/v2/store/order/${order_id}</arg>
<arg>json=${data_order}</arg>
<doc>Sends a DELETE request.</doc>
<msg timestamp="20210916 18:01:40.317" level="TRACE">Arguments: [ 'https://petstore.swagger.io/v2/store/order/1' | json={'complete': True,
 'id': 1,
 'petId': 0,
 'quantity': 0,
 'shipDate': '2021-09-10T12:12:18.589Z',
 'status': 'placed'} ]</msg>
<msg timestamp="20210916 18:01:40.323" level="DEBUG">Starting new HTTPS connection (1): petstore.swagger.io:443</msg>
<msg timestamp="20210916 18:01:40.967" level="DEBUG">https://petstore.swagger.io:443 "DELETE /v2/store/order/1 HTTP/1.1" 200 None</msg>
<msg timestamp="20210916 18:01:40.969" level="INFO">DELETE Request : url=https://petstore.swagger.io/v2/store/order/1 
 path_url=/v2/store/order/1 
 headers={'User-Agent': 'python-requests/2.26.0', 'Accept-Encoding': 'gzip, deflate', 'Accept': '*/*', 'Connection': 'keep-alive', 'Content-Length': '114', 'Content-Type': 'application/json'} 
 body=b'{"id": 1, "petId": 0, "quantity": 0, "shipDate": "2021-09-10T12:12:18.589Z", "status": "placed", "complete": true}' 
 </msg>
<msg timestamp="20210916 18:01:40.970" level="INFO">DELETE Response : url=https://petstore.swagger.io/v2/store/order/1 
 status=200, reason=OK 
 headers={'Date': 'Thu, 16 Sep 2021 15:01:40 GMT', 'Content-Type': 'application/json', 'Transfer-Encoding': 'chunked', 'Connection': 'keep-alive', 'Access-Control-Allow-Origin': '*', 'Access-Control-Allow-Methods': 'GET, POST, DELETE, PUT', 'Access-Control-Allow-Headers': 'Content-Type, api_key, Authorization', 'Server': 'Jetty(9.2.9.v20150224)'} 
 body={"code":200,"type":"unknown","message":"1"} 
 </msg>
<msg timestamp="20210916 18:01:40.970" level="TRACE">Return: &lt;Response [200]&gt;</msg>
<msg timestamp="20210916 18:01:40.971" level="INFO">${response} = &lt;Response [200]&gt;</msg>
<status status="PASS" starttime="20210916 18:01:40.315" endtime="20210916 18:01:40.971"/>
</kw>
<kw name="Status Should Be" library="RequestsLibrary">
<arg>OK</arg>
<arg>${response}</arg>
<doc>Fails if response status code is different than the expected.</doc>
<msg timestamp="20210916 18:01:40.972" level="TRACE">Arguments: [ 'OK' | &lt;Response [200]&gt; ]</msg>
<msg timestamp="20210916 18:01:40.972" level="TRACE">Return: None</msg>
<status status="PASS" starttime="20210916 18:01:40.971" endtime="20210916 18:01:40.973"/>
</kw>
<kw name="Log To Console" library="BuiltIn">
<arg>https://petstore.swagger.io/v2/store/order/${order_id}</arg>
<doc>Logs the given message to the console.</doc>
<msg timestamp="20210916 18:01:40.973" level="TRACE">Arguments: [ 'https://petstore.swagger.io/v2/store/order/1' ]</msg>
<msg timestamp="20210916 18:01:40.974" level="TRACE">Return: None</msg>
<status status="PASS" starttime="20210916 18:01:40.973" endtime="20210916 18:01:40.974"/>
</kw>
<status status="PASS" starttime="20210916 18:01:40.314" endtime="20210916 18:01:40.975"/>
</test>
<doc>Example using the space separated format.
Checking the information provided in the
Robot Framework documentation.</doc>
<status status="PASS" starttime="20210916 18:01:38.506" endtime="20210916 18:01:40.976"/>
</suite>
<statistics>
<total>
<stat pass="4" fail="0" skip="0">All Tests</stat>
</total>
<tag>
</tag>
<suite>
<stat pass="4" fail="0" skip="0" id="s1" name="Store Tests">Store Tests</stat>
</suite>
</statistics>
<errors>
</errors>
</robot>
