<?xml version="1.0" encoding="UTF-8"?>
<robot generator="Robot 4.1.1 (Python 3.8.10 on linux)" generated="20210915 17:58:10.558" rpa="false" schemaversion="2">
<suite id="s1" name="Store Tests" source="/home/chernomorov/Desktop/projects/swagger/Robot_Framework/store_tests.robot">
<kw name="Setup Store Tests" type="SETUP">
<msg timestamp="20210915 17:58:10.623" level="TRACE">Arguments: [  ]</msg>
<kw name="Evaluate" library="BuiltIn">
<var>${order_id}</var>
<arg>random.randint(1,10)</arg>
<arg>random</arg>
<doc>Evaluates the given expression in Python and returns the result.</doc>
<msg timestamp="20210915 17:58:10.623" level="TRACE">Arguments: [ 'random.randint(1,10)' | 'random' ]</msg>
<msg timestamp="20210915 17:58:10.624" level="TRACE">Return: 7</msg>
<msg timestamp="20210915 17:58:10.624" level="INFO">${order_id} = 7</msg>
<status status="PASS" starttime="20210915 17:58:10.623" endtime="20210915 17:58:10.624"/>
</kw>
<kw name="Set Suite Variable" library="BuiltIn">
<arg>${order_id}</arg>
<arg>${order_id}</arg>
<doc>Makes a variable available everywhere within the scope of the current suite.</doc>
<msg timestamp="20210915 17:58:10.624" level="TRACE">Arguments: [ '${order_id}' | '${order_id}' ]</msg>
<msg timestamp="20210915 17:58:10.624" level="INFO">${order_id} = 7</msg>
<msg timestamp="20210915 17:58:10.624" level="TRACE">Return: None</msg>
<status status="PASS" starttime="20210915 17:58:10.624" endtime="20210915 17:58:10.624"/>
</kw>
<kw name="Evaluate" library="BuiltIn">
<var>${data_order}</var>
<arg>{"id": ${order_id}, "petId": 0, "quantity": 0, "shipDate": "2021-09-10T12:12:18.589Z", "status": "placed", "complete": True}</arg>
<doc>Evaluates the given expression in Python and returns the result.</doc>
<msg timestamp="20210915 17:58:10.624" level="TRACE">Arguments: [ '{"id": 7, "petId": 0, "quantity": 0, "shipDate": "2021-09-10T12:12:18.589Z", "status": "placed", "complete": True}' ]</msg>
<msg timestamp="20210915 17:58:10.625" level="TRACE">Return: {'complete': True,
 'id': 7,
 'petId': 0,
 'quantity': 0,
 'shipDate': '2021-09-10T12:12:18.589Z',
 'status': 'placed'}</msg>
<msg timestamp="20210915 17:58:10.625" level="INFO">${data_order} = {'id': 7, 'petId': 0, 'quantity': 0, 'shipDate': '2021-09-10T12:12:18.589Z', 'status': 'placed', 'complete': True}</msg>
<status status="PASS" starttime="20210915 17:58:10.624" endtime="20210915 17:58:10.625"/>
</kw>
<kw name="Set Suite Variable" library="BuiltIn">
<arg>${data_order}</arg>
<arg>${data_order}</arg>
<doc>Makes a variable available everywhere within the scope of the current suite.</doc>
<msg timestamp="20210915 17:58:10.625" level="TRACE">Arguments: [ '${data_order}' | '${data_order}' ]</msg>
<msg timestamp="20210915 17:58:10.625" level="INFO">${data_order} = {'id': 7, 'petId': 0, 'quantity': 0, 'shipDate': '2021-09-10T12:12:18.589Z', 'status': 'placed', 'complete': True}</msg>
<msg timestamp="20210915 17:58:10.625" level="TRACE">Return: None</msg>
<status status="PASS" starttime="20210915 17:58:10.625" endtime="20210915 17:58:10.625"/>
</kw>
<msg timestamp="20210915 17:58:10.625" level="TRACE">Return: None</msg>
<status status="PASS" starttime="20210915 17:58:10.623" endtime="20210915 17:58:10.625"/>
</kw>
<test id="s1-t1" name="Swagger store inventory Test">
<kw name="GET" library="RequestsLibrary">
<var>${response}</var>
<arg>https://petstore.swagger.io/v2/store/inventory</arg>
<doc>Sends a GET request.</doc>
<msg timestamp="20210915 17:58:10.626" level="TRACE">Arguments: [ 'https://petstore.swagger.io/v2/store/inventory' ]</msg>
<msg timestamp="20210915 17:58:10.628" level="DEBUG">Starting new HTTPS connection (1): petstore.swagger.io:443</msg>
<msg timestamp="20210915 17:58:11.771" level="DEBUG">https://petstore.swagger.io:443 "GET /v2/store/inventory HTTP/1.1" 200 None</msg>
<msg timestamp="20210915 17:58:11.774" level="INFO">GET Request : url=https://petstore.swagger.io/v2/store/inventory 
 path_url=/v2/store/inventory 
 headers={'User-Agent': 'python-requests/2.26.0', 'Accept-Encoding': 'gzip, deflate', 'Accept': '*/*', 'Connection': 'keep-alive'} 
 body=None 
 </msg>
<msg timestamp="20210915 17:58:11.774" level="INFO">GET Response : url=https://petstore.swagger.io/v2/store/inventory 
 status=200, reason=OK 
 headers={'Date': 'Wed, 15 Sep 2021 14:58:11 GMT', 'Content-Type': 'application/json', 'Transfer-Encoding': 'chunked', 'Connection': 'keep-alive', 'Access-Control-Allow-Origin': '*', 'Access-Control-Allow-Methods': 'GET, POST, DELETE, PUT', 'Access-Control-Allow-Headers': 'Content-Type, api_key, Authorization', 'Server': 'Jetty(9.2.9.v20150224)'} 
 body={"Kreupel":1,"not sold":1,"string":211,"Onbekend-2":1,"pending":5,"available":694,"Onbekend-4":1,"Onbekend-3":1,"Kreupel-2":1,"Kreupel-3":1,"Kreupel-4":1,"not available":3,"ok":6,"OK":1,"Dog":1,"Gestorven":1,"not pending":1,"sold":7,"Hii":1,"1":10,"Verkocht":1,"Gestorven-4":1,"Onbekend":1,"Verkocht-3":1,"Gestorven-3":1,"Verkocht-4":1,"Gestorven-2":1,"Verkocht-2":1} 
 </msg>
<msg timestamp="20210915 17:58:11.775" level="TRACE">Return: &lt;Response [200]&gt;</msg>
<msg timestamp="20210915 17:58:11.776" level="INFO">${response} = &lt;Response [200]&gt;</msg>
<status status="PASS" starttime="20210915 17:58:10.626" endtime="20210915 17:58:11.776"/>
</kw>
<kw name="Status Should Be" library="RequestsLibrary">
<arg>OK</arg>
<arg>${response}</arg>
<doc>Fails if response status code is different than the expected.</doc>
<msg timestamp="20210915 17:58:11.776" level="TRACE">Arguments: [ 'OK' | &lt;Response [200]&gt; ]</msg>
<msg timestamp="20210915 17:58:11.777" level="TRACE">Return: None</msg>
<status status="PASS" starttime="20210915 17:58:11.776" endtime="20210915 17:58:11.777"/>
</kw>
<kw name="Log To Console" library="BuiltIn">
<arg>${response.status_code}</arg>
<doc>Logs the given message to the console.</doc>
<msg timestamp="20210915 17:58:11.777" level="TRACE">Arguments: [ 200 ]</msg>
<msg timestamp="20210915 17:58:11.778" level="TRACE">Return: None</msg>
<status status="PASS" starttime="20210915 17:58:11.777" endtime="20210915 17:58:11.778"/>
</kw>
<status status="PASS" starttime="20210915 17:58:10.625" endtime="20210915 17:58:11.778"/>
</test>
<test id="s1-t2" name="Swagger store oder Test">
<kw name="POST" library="RequestsLibrary">
<var>${response}</var>
<arg>https://petstore.swagger.io/v2/store/order</arg>
<arg>json=${data_order}</arg>
<arg>headers=&amp;{headers}</arg>
<doc>Sends a POST request.</doc>
<msg timestamp="20210915 17:58:11.779" level="TRACE">Arguments: [ 'https://petstore.swagger.io/v2/store/order' | json={'complete': True,
 'id': 7,
 'petId': 0,
 'quantity': 0,
 'shipDate': '2021-09-10T12:12:18.589Z',
 'status': 'placed'} | headers={'Content-Type': 'application/json'} ]</msg>
<msg timestamp="20210915 17:58:11.781" level="DEBUG">Starting new HTTPS connection (1): petstore.swagger.io:443</msg>
<msg timestamp="20210915 17:58:12.996" level="DEBUG">https://petstore.swagger.io:443 "POST /v2/store/order HTTP/1.1" 200 None</msg>
<msg timestamp="20210915 17:58:12.997" level="INFO">POST Request : url=https://petstore.swagger.io/v2/store/order 
 path_url=/v2/store/order 
 headers={'User-Agent': 'python-requests/2.26.0', 'Accept-Encoding': 'gzip, deflate', 'Accept': '*/*', 'Connection': 'keep-alive', 'Content-Type': 'application/json', 'Content-Length': '114'} 
 body=b'{"id": 7, "petId": 0, "quantity": 0, "shipDate": "2021-09-10T12:12:18.589Z", "status": "placed", "complete": true}' 
 </msg>
<msg timestamp="20210915 17:58:12.997" level="INFO">POST Response : url=https://petstore.swagger.io/v2/store/order 
 status=200, reason=OK 
 headers={'Date': 'Wed, 15 Sep 2021 14:58:12 GMT', 'Content-Type': 'application/json', 'Transfer-Encoding': 'chunked', 'Connection': 'keep-alive', 'Access-Control-Allow-Origin': '*', 'Access-Control-Allow-Methods': 'GET, POST, DELETE, PUT', 'Access-Control-Allow-Headers': 'Content-Type, api_key, Authorization', 'Server': 'Jetty(9.2.9.v20150224)'} 
 body={"id":7,"petId":0,"quantity":0,"shipDate":"2021-09-10T12:12:18.589+0000","status":"placed","complete":true} 
 </msg>
<msg timestamp="20210915 17:58:12.997" level="TRACE">Return: &lt;Response [200]&gt;</msg>
<msg timestamp="20210915 17:58:12.997" level="INFO">${response} = &lt;Response [200]&gt;</msg>
<status status="PASS" starttime="20210915 17:58:11.778" endtime="20210915 17:58:12.998"/>
</kw>
<kw name="Status Should Be" library="RequestsLibrary">
<arg>OK</arg>
<arg>${response}</arg>
<doc>Fails if response status code is different than the expected.</doc>
<msg timestamp="20210915 17:58:12.998" level="TRACE">Arguments: [ 'OK' | &lt;Response [200]&gt; ]</msg>
<msg timestamp="20210915 17:58:12.998" level="TRACE">Return: None</msg>
<status status="PASS" starttime="20210915 17:58:12.998" endtime="20210915 17:58:12.998"/>
</kw>
<kw name="Log To Console" library="BuiltIn">
<arg>${response.status_code}</arg>
<doc>Logs the given message to the console.</doc>
<msg timestamp="20210915 17:58:12.999" level="TRACE">Arguments: [ 200 ]</msg>
<msg timestamp="20210915 17:58:12.999" level="TRACE">Return: None</msg>
<status status="PASS" starttime="20210915 17:58:12.998" endtime="20210915 17:58:12.999"/>
</kw>
<status status="PASS" starttime="20210915 17:58:11.778" endtime="20210915 17:58:12.999"/>
</test>
<test id="s1-t3" name="Swagger store oder id Test">
<kw name="GET" library="RequestsLibrary">
<var>${response}</var>
<arg>https://petstore.swagger.io/v2/store/order/${order_id}</arg>
<arg>json=${data_order}</arg>
<doc>Sends a GET request.</doc>
<msg timestamp="20210915 17:58:13.000" level="TRACE">Arguments: [ 'https://petstore.swagger.io/v2/store/order/7' | json={'complete': True,
 'id': 7,
 'petId': 0,
 'quantity': 0,
 'shipDate': '2021-09-10T12:12:18.589Z',
 'status': 'placed'} ]</msg>
<msg timestamp="20210915 17:58:13.002" level="DEBUG">Starting new HTTPS connection (1): petstore.swagger.io:443</msg>
<msg timestamp="20210915 17:58:14.137" level="DEBUG">https://petstore.swagger.io:443 "GET /v2/store/order/7 HTTP/1.1" 200 None</msg>
<msg timestamp="20210915 17:58:14.140" level="INFO">GET Request : url=https://petstore.swagger.io/v2/store/order/7 
 path_url=/v2/store/order/7 
 headers={'User-Agent': 'python-requests/2.26.0', 'Accept-Encoding': 'gzip, deflate', 'Accept': '*/*', 'Connection': 'keep-alive', 'Content-Length': '114', 'Content-Type': 'application/json'} 
 body=b'{"id": 7, "petId": 0, "quantity": 0, "shipDate": "2021-09-10T12:12:18.589Z", "status": "placed", "complete": true}' 
 </msg>
<msg timestamp="20210915 17:58:14.140" level="INFO">GET Response : url=https://petstore.swagger.io/v2/store/order/7 
 status=200, reason=OK 
 headers={'Date': 'Wed, 15 Sep 2021 14:58:14 GMT', 'Content-Type': 'application/json', 'Transfer-Encoding': 'chunked', 'Connection': 'close', 'Access-Control-Allow-Origin': '*', 'Access-Control-Allow-Methods': 'GET, POST, DELETE, PUT', 'Access-Control-Allow-Headers': 'Content-Type, api_key, Authorization', 'Server': 'Jetty(9.2.9.v20150224)'} 
 body={"id":7,"petId":0,"quantity":0,"shipDate":"2021-09-10T12:12:18.589+0000","status":"placed","complete":true} 
 </msg>
<msg timestamp="20210915 17:58:14.140" level="TRACE">Return: &lt;Response [200]&gt;</msg>
<msg timestamp="20210915 17:58:14.140" level="INFO">${response} = &lt;Response [200]&gt;</msg>
<status status="PASS" starttime="20210915 17:58:13.000" endtime="20210915 17:58:14.141"/>
</kw>
<kw name="Status Should Be" library="RequestsLibrary">
<arg>OK</arg>
<arg>${response}</arg>
<doc>Fails if response status code is different than the expected.</doc>
<msg timestamp="20210915 17:58:14.141" level="TRACE">Arguments: [ 'OK' | &lt;Response [200]&gt; ]</msg>
<msg timestamp="20210915 17:58:14.141" level="TRACE">Return: None</msg>
<status status="PASS" starttime="20210915 17:58:14.141" endtime="20210915 17:58:14.142"/>
</kw>
<kw name="Log To Console" library="BuiltIn">
<arg>${response.status_code}</arg>
<doc>Logs the given message to the console.</doc>
<msg timestamp="20210915 17:58:14.142" level="TRACE">Arguments: [ 200 ]</msg>
<msg timestamp="20210915 17:58:14.142" level="TRACE">Return: None</msg>
<status status="PASS" starttime="20210915 17:58:14.142" endtime="20210915 17:58:14.142"/>
</kw>
<kw name="Log To Console" library="BuiltIn">
<arg>https://petstore.swagger.io/v2/store/order/${order_id}</arg>
<doc>Logs the given message to the console.</doc>
<msg timestamp="20210915 17:58:14.143" level="TRACE">Arguments: [ 'https://petstore.swagger.io/v2/store/order/7' ]</msg>
<msg timestamp="20210915 17:58:14.143" level="TRACE">Return: None</msg>
<status status="PASS" starttime="20210915 17:58:14.142" endtime="20210915 17:58:14.143"/>
</kw>
<status status="PASS" starttime="20210915 17:58:13.000" endtime="20210915 17:58:14.143"/>
</test>
<test id="s1-t4" name="Swagger store oder delete Test">
<kw name="DELETE" library="RequestsLibrary">
<var>${response}</var>
<arg>https://petstore.swagger.io/v2/store/order/${order_id}</arg>
<arg>json=${data_order}</arg>
<doc>Sends a DELETE request.</doc>
<msg timestamp="20210915 17:58:14.144" level="TRACE">Arguments: [ 'https://petstore.swagger.io/v2/store/order/7' | json={'complete': True,
 'id': 7,
 'petId': 0,
 'quantity': 0,
 'shipDate': '2021-09-10T12:12:18.589Z',
 'status': 'placed'} ]</msg>
<msg timestamp="20210915 17:58:14.146" level="DEBUG">Starting new HTTPS connection (1): petstore.swagger.io:443</msg>
<msg timestamp="20210915 17:58:15.298" level="DEBUG">https://petstore.swagger.io:443 "DELETE /v2/store/order/7 HTTP/1.1" 404 None</msg>
<msg timestamp="20210915 17:58:15.301" level="INFO">DELETE Request : url=https://petstore.swagger.io/v2/store/order/7 
 path_url=/v2/store/order/7 
 headers={'User-Agent': 'python-requests/2.26.0', 'Accept-Encoding': 'gzip, deflate', 'Accept': '*/*', 'Connection': 'keep-alive', 'Content-Length': '114', 'Content-Type': 'application/json'} 
 body=b'{"id": 7, "petId": 0, "quantity": 0, "shipDate": "2021-09-10T12:12:18.589Z", "status": "placed", "complete": true}' 
 </msg>
<msg timestamp="20210915 17:58:15.301" level="INFO">DELETE Response : url=https://petstore.swagger.io/v2/store/order/7 
 status=404, reason=Not Found 
 headers={'Date': 'Wed, 15 Sep 2021 14:58:15 GMT', 'Content-Type': 'application/json', 'Transfer-Encoding': 'chunked', 'Connection': 'keep-alive', 'Access-Control-Allow-Origin': '*', 'Access-Control-Allow-Methods': 'GET, POST, DELETE, PUT', 'Access-Control-Allow-Headers': 'Content-Type, api_key, Authorization', 'Server': 'Jetty(9.2.9.v20150224)'} 
 body={"code":404,"type":"unknown","message":"Order Not Found"} 
 </msg>
<msg timestamp="20210915 17:58:15.305" level="FAIL">HTTPError: 404 Client Error: Not Found for url: https://petstore.swagger.io/v2/store/order/7</msg>
<msg timestamp="20210915 17:58:15.305" level="DEBUG">Traceback (most recent call last):
  File "/home/chernomorov/Desktop/projects/swagger/venv/lib/python3.8/site-packages/RequestsLibrary/RequestsKeywords.py", line 315, in session_less_delete
    self._check_status(expected_status, response, msg)
  File "/home/chernomorov/Desktop/projects/swagger/venv/lib/python3.8/site-packages/RequestsLibrary/SessionKeywords.py", line 565, in _check_status
    resp.raise_for_status()
  File "/home/chernomorov/Desktop/projects/swagger/venv/lib/python3.8/site-packages/requests/models.py", line 953, in raise_for_status
    raise HTTPError(http_error_msg, response=self)</msg>
<status status="FAIL" starttime="20210915 17:58:14.144" endtime="20210915 17:58:15.305"/>
</kw>
<kw name="Status Should Be" library="RequestsLibrary">
<arg>OK</arg>
<arg>${response}</arg>
<doc>Fails if response status code is different than the expected.</doc>
<status status="NOT RUN" starttime="20210915 17:58:15.306" endtime="20210915 17:58:15.306"/>
</kw>
<kw name="Log To Console" library="BuiltIn">
<arg>${response.status_code}</arg>
<doc>Logs the given message to the console.</doc>
<status status="NOT RUN" starttime="20210915 17:58:15.307" endtime="20210915 17:58:15.307"/>
</kw>
<kw name="Log To Console" library="BuiltIn">
<arg>https://petstore.swagger.io/v2/store/order/${order_id}</arg>
<doc>Logs the given message to the console.</doc>
<status status="NOT RUN" starttime="20210915 17:58:15.307" endtime="20210915 17:58:15.307"/>
</kw>
<status status="FAIL" starttime="20210915 17:58:14.143" endtime="20210915 17:58:15.308">HTTPError: 404 Client Error: Not Found for url: https://petstore.swagger.io/v2/store/order/7</status>
</test>
<doc>Example using the space separated format.
Checking the information provided in the
Robot Framework documentation.</doc>
<status status="FAIL" starttime="20210915 17:58:10.559" endtime="20210915 17:58:15.310"/>
</suite>
<statistics>
<total>
<stat pass="3" fail="1" skip="0">All Tests</stat>
</total>
<tag>
</tag>
<suite>
<stat pass="3" fail="1" skip="0" id="s1" name="Store Tests">Store Tests</stat>
</suite>
</statistics>
<errors>
</errors>
</robot>
