<?xml version="1.0" encoding="UTF-8"?>
<robot generator="Robot 4.1.1 (Python 3.8.10 on linux)" generated="20210910 15:57:37.148" rpa="false" schemaversion="2">
<suite id="s1" name="Store Tests" source="/home/chernomorov/Desktop/projects/swagger/Robot_Framework/store_tests.robot">
<test id="s1-t1" name="Swagger store inventory Test">
<kw name="Create Dictionary" library="BuiltIn">
<var>${headers}</var>
<arg>Content-Type=application/json; charset=utf-8</arg>
<doc>Creates and returns a dictionary based on the given ``items``.</doc>
<msg timestamp="20210910 15:57:37.221" level="INFO">${headers} = {'Content-Type': 'application/json; charset=utf-8'}</msg>
<status status="PASS" starttime="20210910 15:57:37.220" endtime="20210910 15:57:37.221"/>
</kw>
<kw name="GET" library="RequestsLibrary">
<var>${response}</var>
<arg>https://petstore.swagger.io/v2/store/inventory</arg>
<arg>data= ${data}</arg>
<arg>headers=${headers}</arg>
<doc>Sends a GET request.</doc>
<msg timestamp="20210910 15:57:38.282" level="INFO">GET Request : url=https://petstore.swagger.io/v2/store/inventory 
 path_url=/v2/store/inventory 
 headers={'User-Agent': 'python-requests/2.26.0', 'Accept-Encoding': 'gzip, deflate', 'Accept': '*/*', 'Connection': 'keep-alive', 'Content-Type': 'application/json; charset=utf-8', 'Content-Length': '111'} 
 body= {"sold": randint(1, 10), "string": randint(1, 100), "pending": randint(1, 100), "available": randint(1, 1000)} 
 </msg>
<msg timestamp="20210910 15:57:38.282" level="INFO">GET Response : url=https://petstore.swagger.io/v2/store/inventory 
 status=200, reason=OK 
 headers={'Date': 'Fri, 10 Sep 2021 12:57:38 GMT', 'Content-Type': 'application/json', 'Transfer-Encoding': 'chunked', 'Connection': 'close', 'Access-Control-Allow-Origin': '*', 'Access-Control-Allow-Methods': 'GET, POST, DELETE, PUT', 'Access-Control-Allow-Headers': 'Content-Type, api_key, Authorization', 'Server': 'Jetty(9.2.9.v20150224)'} 
 body={"sold":11,"string":190,"pendind":1,"unavailable":1,"pending":13,"available":688,"avalible":1,"Not Available":1,"{{pet2Status}}":1,"pending and 1=(case 1 when 0 then (select count(*) from syscat.datatypes d1, syscat.datatypes d2, syscat.datatypes d3, syscat.datatypes d4, syscat.datatypes d5, syscat.datatypes d6, syscat.datatypes d7) else 2 end)":1,"ipsum incididun":1,"cupidatat lab":1,"Beschikbaar":1,"AVAILABLE_askdjdw":1,"{{petstatusUpdate}}":1,"not available":1,"TESTE FODA-SE":1,"avaiable":1,"OK":1,"ok":7,"free":1} 
 </msg>
<msg timestamp="20210910 15:57:38.282" level="INFO">${response} = &lt;Response [200]&gt;</msg>
<status status="PASS" starttime="20210910 15:57:37.221" endtime="20210910 15:57:38.283"/>
</kw>
<status status="PASS" starttime="20210910 15:57:37.220" endtime="20210910 15:57:38.283"/>
</test>
<test id="s1-t2" name="Swagger ustore oder Test">
<kw name="Create Dictionary" library="BuiltIn">
<var>${headers}</var>
<arg>Content-Type=application/json; charset=utf-8</arg>
<doc>Creates and returns a dictionary based on the given ``items``.</doc>
<msg timestamp="20210910 15:57:38.287" level="INFO">${headers} = {'Content-Type': 'application/json; charset=utf-8'}</msg>
<status status="PASS" starttime="20210910 15:57:38.286" endtime="20210910 15:57:38.287"/>
</kw>
<kw name="POST" library="RequestsLibrary">
<var>${response}</var>
<arg>https://petstore.swagger.io/v2/store/order</arg>
<arg>data= ${data_oder}</arg>
<arg>headers=${headers}</arg>
<doc>Sends a POST request.</doc>
<msg timestamp="20210910 15:57:39.320" level="INFO">POST Request : url=https://petstore.swagger.io/v2/store/order 
 path_url=/v2/store/order 
 headers={'User-Agent': 'python-requests/2.26.0', 'Accept-Encoding': 'gzip, deflate', 'Accept': '*/*', 'Connection': 'keep-alive', 'Content-Type': 'application/json; charset=utf-8', 'Content-Length': '115'} 
 body= {"id": 0, "petId": 0, "quantity": 0, "shipDate": "2021-09-10T12:12:18.589Z", "status": "placed", "complete": true} 
 </msg>
<msg timestamp="20210910 15:57:39.321" level="INFO">POST Response : url=https://petstore.swagger.io/v2/store/order 
 status=200, reason=OK 
 headers={'Date': 'Fri, 10 Sep 2021 12:57:39 GMT', 'Content-Type': 'application/json', 'Transfer-Encoding': 'chunked', 'Connection': 'keep-alive', 'Access-Control-Allow-Origin': '*', 'Access-Control-Allow-Methods': 'GET, POST, DELETE, PUT', 'Access-Control-Allow-Headers': 'Content-Type, api_key, Authorization', 'Server': 'Jetty(9.2.9.v20150224)'} 
 body={"id":9223372036854775807,"petId":0,"quantity":0,"shipDate":"2021-09-10T12:12:18.589+0000","status":"placed","complete":true} 
 </msg>
<msg timestamp="20210910 15:57:39.321" level="INFO">${response} = &lt;Response [200]&gt;</msg>
<status status="PASS" starttime="20210910 15:57:38.287" endtime="20210910 15:57:39.321"/>
</kw>
<status status="PASS" starttime="20210910 15:57:38.284" endtime="20210910 15:57:39.322"/>
</test>
<test id="s1-t3" name="Swagger ustore oder id Test">
<kw name="Pass Execution" library="BuiltIn">
<arg>This test may fall</arg>
<doc>Skips rest of the current test, setup, or teardown with PASS status.</doc>
<msg timestamp="20210910 15:57:39.325" level="INFO">Execution passed with message:
This test may fall</msg>
<status status="PASS" starttime="20210910 15:57:39.324" endtime="20210910 15:57:39.326"/>
</kw>
<status status="PASS" starttime="20210910 15:57:39.323" endtime="20210910 15:57:39.327">This test may fall</status>
</test>
<test id="s1-t4" name="Swagger ustore oder delete Test">
<kw name="Pass Execution" library="BuiltIn">
<arg>This test fails and is a known bug! (add bug ref here)</arg>
<arg>Known Bugs</arg>
<doc>Skips rest of the current test, setup, or teardown with PASS status.</doc>
<msg timestamp="20210910 15:57:39.330" level="INFO">Set tag 'Known Bugs'.</msg>
<msg timestamp="20210910 15:57:39.330" level="INFO">Execution passed with message:
This test fails and is a known bug! (add bug ref here)</msg>
<status status="PASS" starttime="20210910 15:57:39.329" endtime="20210910 15:57:39.331"/>
</kw>
<tag>Known Bugs</tag>
<status status="PASS" starttime="20210910 15:57:39.328" endtime="20210910 15:57:39.331">This test fails and is a known bug! (add bug ref here)</status>
</test>
<doc>Example using the space separated format.
Checking the information provided in the
Robot Framework documentation.</doc>
<status status="PASS" starttime="20210910 15:57:37.149" endtime="20210910 15:57:39.333"/>
</suite>
<statistics>
<total>
<stat pass="4" fail="0" skip="0">All Tests</stat>
</total>
<tag>
<stat pass="1" fail="0" skip="0">Known Bugs</stat>
</tag>
<suite>
<stat pass="4" fail="0" skip="0" id="s1" name="Store Tests">Store Tests</stat>
</suite>
</statistics>
<errors>
<msg timestamp="20210910 15:57:37.219" level="ERROR">Error in file '/home/chernomorov/Desktop/projects/swagger/Robot_Framework/store_tests.robot' on line 7: Importing library 'AllureReportLibrary' failed: ModuleNotFoundError: No module named 'AllureListener'
Traceback (most recent call last):
  File "/home/chernomorov/Desktop/projects/swagger/venv/lib/python3.8/site-packages/AllureReportLibrary/__init__.py", line 2, in &lt;module&gt;
    from AllureListener import *
PYTHONPATH:
  /home/chernomorov/Desktop/projects/swagger/venv/bin
  /usr/lib/python38.zip
  /usr/lib/python3.8
  /usr/lib/python3.8/lib-dynload
  /home/chernomorov/Desktop/projects/swagger/venv/lib/python3.8/site-packages</msg>
</errors>
</robot>
