<?xml version="1.0" encoding="UTF-8"?>
<robot generator="Robot 4.1.1 (Python 3.8.10 on linux)" generated="20210909 19:36:24.648" rpa="false" schemaversion="2">
<suite id="s1" name="Example" source="/home/chernomorov/Desktop/projects/swagger/Robot_Framework/example.robot">
<test id="s1-t1" name="My Test">
<kw name="Log" library="BuiltIn">
<arg>${MESSAGE}</arg>
<doc>Logs the given message with the given level.</doc>
<msg timestamp="20210909 19:36:24.714" level="INFO">Hello, world!</msg>
<status status="PASS" starttime="20210909 19:36:24.714" endtime="20210909 19:36:24.714"/>
</kw>
<kw name="My Keyword">
<arg>/home/chernomorov/Desktop/projects/swagger/Robot_Framework</arg>
<kw name="Directory Should Exist" library="OperatingSystem">
<arg>${path}</arg>
<doc>Fails unless the given path points to an existing directory.</doc>
<msg timestamp="20210909 19:36:24.715" level="INFO" html="true">Directory '&lt;a href="file:///home/chernomorov/Desktop/projects/swagger/Robot_Framework"&gt;/home/chernomorov/Desktop/projects/swagger/Robot_Framework&lt;/a&gt;' exists.</msg>
<status status="PASS" starttime="20210909 19:36:24.714" endtime="20210909 19:36:24.715"/>
</kw>
<status status="PASS" starttime="20210909 19:36:24.714" endtime="20210909 19:36:24.715"/>
</kw>
<doc>Example test.</doc>
<status status="PASS" starttime="20210909 19:36:24.713" endtime="20210909 19:36:24.715"/>
</test>
<test id="s1-t2" name="Another Test">
<kw name="Should Be Equal" library="BuiltIn">
<arg>${MESSAGE}</arg>
<arg>Hello, world!</arg>
<doc>Fails if the given objects are unequal.</doc>
<status status="PASS" starttime="20210909 19:36:24.716" endtime="20210909 19:36:24.716"/>
</kw>
<status status="PASS" starttime="20210909 19:36:24.715" endtime="20210909 19:36:24.716"/>
</test>
<test id="s1-t3" name="The second Test">
<kw name="GET" library="RequestsLibrary">
<var>${response}</var>
<arg>https://petstore.swagger.io/v2/user/string</arg>
<doc>Sends a GET request.</doc>
<msg timestamp="20210909 19:36:25.805" level="INFO">GET Request : url=https://petstore.swagger.io/v2/user/string 
 path_url=/v2/user/string 
 headers={'User-Agent': 'python-requests/2.26.0', 'Accept-Encoding': 'gzip, deflate', 'Accept': '*/*', 'Connection': 'keep-alive'} 
 body=None 
 </msg>
<msg timestamp="20210909 19:36:25.805" level="INFO">GET Response : url=https://petstore.swagger.io/v2/user/string 
 status=200, reason=OK 
 headers={'Date': 'Thu, 09 Sep 2021 16:36:25 GMT', 'Content-Type': 'application/json', 'Transfer-Encoding': 'chunked', 'Connection': 'keep-alive', 'Access-Control-Allow-Origin': '*', 'Access-Control-Allow-Methods': 'GET, POST, DELETE, PUT', 'Access-Control-Allow-Headers': 'Content-Type, api_key, Authorization', 'Server': 'Jetty(9.2.9.v20150224)'} 
 body={"id":9223372000666090077,"username":"string","firstName":"string","lastName":"string","email":"string","password":"string","phone":"string","userStatus":0} 
 </msg>
<msg timestamp="20210909 19:36:25.807" level="INFO">${response} = &lt;Response [200]&gt;</msg>
<status status="PASS" starttime="20210909 19:36:24.717" endtime="20210909 19:36:25.807"/>
</kw>
<status status="PASS" starttime="20210909 19:36:24.716" endtime="20210909 19:36:25.807"/>
</test>
<doc>Example using the space separated format.
Checking the information provided in the
Robot Framework documentation.</doc>
<status status="PASS" starttime="20210909 19:36:24.649" endtime="20210909 19:36:25.809"/>
</suite>
<statistics>
<total>
<stat pass="3" fail="0" skip="0">All Tests</stat>
</total>
<tag>
</tag>
<suite>
<stat pass="3" fail="0" skip="0" id="s1" name="Example">Example</stat>
</suite>
</statistics>
<errors>
</errors>
</robot>
