<?xml version="1.0" encoding="UTF-8"?>
<robot generator="Robot 4.1.1 (Python 3.8.10 on linux)" generated="20210915 17:24:57.533" rpa="false" schemaversion="2">
<suite id="s1" name="Pet Tests" source="/home/chernomorov/Desktop/projects/swagger/Robot_Framework/pet_tests.robot">
<kw name="Setup Pet Tests" type="SETUP">
<msg timestamp="20210915 17:24:57.603" level="TRACE">Arguments: [  ]</msg>
<kw name="Evaluate" library="BuiltIn">
<var>${order_id}</var>
<arg>random.randint(1,5)</arg>
<arg>random</arg>
<doc>Evaluates the given expression in Python and returns the result.</doc>
<msg timestamp="20210915 17:24:57.603" level="TRACE">Arguments: [ 'random.randint(1,5)' | 'random' ]</msg>
<msg timestamp="20210915 17:24:57.603" level="TRACE">Return: 5</msg>
<msg timestamp="20210915 17:24:57.603" level="INFO">${order_id} = 5</msg>
<status status="PASS" starttime="20210915 17:24:57.603" endtime="20210915 17:24:57.603"/>
</kw>
<kw name="Set Suite Variable" library="BuiltIn">
<arg>${order_id}</arg>
<arg>${order_id}</arg>
<doc>Makes a variable available everywhere within the scope of the current suite.</doc>
<msg timestamp="20210915 17:24:57.604" level="TRACE">Arguments: [ '${order_id}' | '${order_id}' ]</msg>
<msg timestamp="20210915 17:24:57.604" level="INFO">${order_id} = 5</msg>
<msg timestamp="20210915 17:24:57.604" level="TRACE">Return: None</msg>
<status status="PASS" starttime="20210915 17:24:57.603" endtime="20210915 17:24:57.604"/>
</kw>
<kw name="Evaluate" library="BuiltIn">
<var>${data_pet}</var>
<arg>{"id": ${order_id}, "category": {"id": ${order_id}, "name": "string"}, "name": "doggie", "photoUrls": ["string"], "tags": [{"id": ${order_id}, "name": "string" }], "status": "available"}</arg>
<doc>Evaluates the given expression in Python and returns the result.</doc>
<msg timestamp="20210915 17:24:57.604" level="TRACE">Arguments: [ '{"id": 5, "category": {"id": 5, "name": "string"}, "name": "doggie", "photoUrls": ["string"], "tags": [{"id": 5, "name": "string" }], "status": "available"}' ]</msg>
<msg timestamp="20210915 17:24:57.604" level="TRACE">Return: {'category': {'id': 5, 'name': 'string'},
 'id': 5,
 'name': 'doggie',
 'photoUrls': ['string'],
 'status': 'available',
 'tags': [{'id': 5, 'name': 'string'}]}</msg>
<msg timestamp="20210915 17:24:57.605" level="INFO">${data_pet} = {'id': 5, 'category': {'id': 5, 'name': 'string'}, 'name': 'doggie', 'photoUrls': ['string'], 'tags': [{'id': 5, 'name': 'string'}], 'status': 'available'}</msg>
<status status="PASS" starttime="20210915 17:24:57.604" endtime="20210915 17:24:57.605"/>
</kw>
<kw name="Set Suite Variable" library="BuiltIn">
<arg>${data_pet}</arg>
<arg>${data_pet}</arg>
<doc>Makes a variable available everywhere within the scope of the current suite.</doc>
<msg timestamp="20210915 17:24:57.605" level="TRACE">Arguments: [ '${data_pet}' | '${data_pet}' ]</msg>
<msg timestamp="20210915 17:24:57.605" level="INFO">${data_pet} = {'id': 5, 'category': {'id': 5, 'name': 'string'}, 'name': 'doggie', 'photoUrls': ['string'], 'tags': [{'id': 5, 'name': 'string'}], 'status': 'available'}</msg>
<msg timestamp="20210915 17:24:57.605" level="TRACE">Return: None</msg>
<status status="PASS" starttime="20210915 17:24:57.605" endtime="20210915 17:24:57.605"/>
</kw>
<msg timestamp="20210915 17:24:57.605" level="TRACE">Return: None</msg>
<status status="PASS" starttime="20210915 17:24:57.603" endtime="20210915 17:24:57.605"/>
</kw>
<test id="s1-t1" name="Swagger add new pet Test">
<kw name="POST" library="RequestsLibrary">
<var>${response}</var>
<arg>https://petstore.swagger.io/v2/pet</arg>
<arg>json=${data_pet}</arg>
<arg>headers=&amp;{headers}</arg>
<doc>Sends a POST request.</doc>
<msg timestamp="20210915 17:24:57.606" level="TRACE">Arguments: [ 'https://petstore.swagger.io/v2/pet' | json={'category': {'id': 5, 'name': 'string'},
 'id': 5,
 'name': 'doggie',
 'photoUrls': ['string'],
 'status': 'available',
 'tags': [{'id': 5, 'name': 'string'}]} | headers={'Content-Type': 'application/json'} ]</msg>
<msg timestamp="20210915 17:24:57.608" level="DEBUG">Starting new HTTPS connection (1): petstore.swagger.io:443</msg>
<msg timestamp="20210915 17:24:58.786" level="DEBUG">https://petstore.swagger.io:443 "POST /v2/pet HTTP/1.1" 200 None</msg>
<msg timestamp="20210915 17:24:58.789" level="INFO">POST Request : url=https://petstore.swagger.io/v2/pet 
 path_url=/v2/pet 
 headers={'User-Agent': 'python-requests/2.26.0', 'Accept-Encoding': 'gzip, deflate', 'Accept': '*/*', 'Connection': 'keep-alive', 'Content-Type': 'application/json', 'Content-Length': '155'} 
 body=b'{"id": 5, "category": {"id": 5, "name": "string"}, "name": "doggie", "photoUrls": ["string"], "tags": [{"id": 5, "name": "string"}], "status": "available"}' 
 </msg>
<msg timestamp="20210915 17:24:58.789" level="INFO">POST Response : url=https://petstore.swagger.io/v2/pet 
 status=200, reason=OK 
 headers={'Date': 'Wed, 15 Sep 2021 14:24:58 GMT', 'Content-Type': 'application/json', 'Transfer-Encoding': 'chunked', 'Connection': 'keep-alive', 'Access-Control-Allow-Origin': '*', 'Access-Control-Allow-Methods': 'GET, POST, DELETE, PUT', 'Access-Control-Allow-Headers': 'Content-Type, api_key, Authorization', 'Server': 'Jetty(9.2.9.v20150224)'} 
 body={"id":5,"category":{"id":5,"name":"string"},"name":"doggie","photoUrls":["string"],"tags":[{"id":5,"name":"string"}],"status":"available"} 
 </msg>
<msg timestamp="20210915 17:24:58.790" level="TRACE">Return: &lt;Response [200]&gt;</msg>
<msg timestamp="20210915 17:24:58.790" level="INFO">${response} = &lt;Response [200]&gt;</msg>
<status status="PASS" starttime="20210915 17:24:57.606" endtime="20210915 17:24:58.790"/>
</kw>
<kw name="Status Should Be" library="RequestsLibrary">
<arg>OK</arg>
<arg>${response}</arg>
<doc>Fails if response status code is different than the expected.</doc>
<msg timestamp="20210915 17:24:58.791" level="TRACE">Arguments: [ 'OK' | &lt;Response [200]&gt; ]</msg>
<msg timestamp="20210915 17:24:58.791" level="TRACE">Return: None</msg>
<status status="PASS" starttime="20210915 17:24:58.791" endtime="20210915 17:24:58.791"/>
</kw>
<status status="PASS" starttime="20210915 17:24:57.605" endtime="20210915 17:24:58.791"/>
</test>
<test id="s1-t2" name="Swagger update pet Test">
<kw name="PUT" library="RequestsLibrary">
<var>${response}</var>
<arg>https://petstore.swagger.io/v2/pet</arg>
<arg>json=${data_pet}</arg>
<arg>headers=&amp;{headers}</arg>
<doc>Sends a PUT request.</doc>
<msg timestamp="20210915 17:24:58.792" level="TRACE">Arguments: [ 'https://petstore.swagger.io/v2/pet' | json={'category': {'id': 5, 'name': 'string'},
 'id': 5,
 'name': 'doggie',
 'photoUrls': ['string'],
 'status': 'available',
 'tags': [{'id': 5, 'name': 'string'}]} | headers={'Content-Type': 'application/json'} ]</msg>
<msg timestamp="20210915 17:24:58.794" level="DEBUG">Starting new HTTPS connection (1): petstore.swagger.io:443</msg>
<msg timestamp="20210915 17:25:00.107" level="DEBUG">https://petstore.swagger.io:443 "PUT /v2/pet HTTP/1.1" 200 None</msg>
<msg timestamp="20210915 17:25:00.109" level="INFO">PUT Request : url=https://petstore.swagger.io/v2/pet 
 path_url=/v2/pet 
 headers={'User-Agent': 'python-requests/2.26.0', 'Accept-Encoding': 'gzip, deflate', 'Accept': '*/*', 'Connection': 'keep-alive', 'Content-Type': 'application/json', 'Content-Length': '155'} 
 body=b'{"id": 5, "category": {"id": 5, "name": "string"}, "name": "doggie", "photoUrls": ["string"], "tags": [{"id": 5, "name": "string"}], "status": "available"}' 
 </msg>
<msg timestamp="20210915 17:25:00.110" level="INFO">PUT Response : url=https://petstore.swagger.io/v2/pet 
 status=200, reason=OK 
 headers={'Date': 'Wed, 15 Sep 2021 14:24:59 GMT', 'Content-Type': 'application/json', 'Transfer-Encoding': 'chunked', 'Connection': 'keep-alive', 'Access-Control-Allow-Origin': '*', 'Access-Control-Allow-Methods': 'GET, POST, DELETE, PUT', 'Access-Control-Allow-Headers': 'Content-Type, api_key, Authorization', 'Server': 'Jetty(9.2.9.v20150224)'} 
 body={"id":5,"category":{"id":5,"name":"string"},"name":"doggie","photoUrls":["string"],"tags":[{"id":5,"name":"string"}],"status":"available"} 
 </msg>
<msg timestamp="20210915 17:25:00.110" level="TRACE">Return: &lt;Response [200]&gt;</msg>
<msg timestamp="20210915 17:25:00.111" level="INFO">${response} = &lt;Response [200]&gt;</msg>
<status status="PASS" starttime="20210915 17:24:58.792" endtime="20210915 17:25:00.111"/>
</kw>
<kw name="Status Should Be" library="RequestsLibrary">
<arg>OK</arg>
<arg>${response}</arg>
<doc>Fails if response status code is different than the expected.</doc>
<msg timestamp="20210915 17:25:00.112" level="TRACE">Arguments: [ 'OK' | &lt;Response [200]&gt; ]</msg>
<msg timestamp="20210915 17:25:00.112" level="TRACE">Return: None</msg>
<status status="PASS" starttime="20210915 17:25:00.111" endtime="20210915 17:25:00.113"/>
</kw>
<status status="PASS" starttime="20210915 17:24:58.792" endtime="20210915 17:25:00.113"/>
</test>
<test id="s1-t3" name="Swagger find pet Test">
<kw name="GET" library="RequestsLibrary">
<var>${response}</var>
<arg>https://petstore.swagger.io/v2/pet/findByStatus</arg>
<doc>Sends a GET request.</doc>
<msg timestamp="20210915 17:25:00.115" level="TRACE">Arguments: [ 'https://petstore.swagger.io/v2/pet/findByStatus' ]</msg>
<msg timestamp="20210915 17:25:00.121" level="DEBUG">Starting new HTTPS connection (1): petstore.swagger.io:443</msg>
<msg timestamp="20210915 17:25:01.299" level="DEBUG">https://petstore.swagger.io:443 "GET /v2/pet/findByStatus HTTP/1.1" 200 None</msg>
<msg timestamp="20210915 17:25:01.302" level="INFO">GET Request : url=https://petstore.swagger.io/v2/pet/findByStatus 
 path_url=/v2/pet/findByStatus 
 headers={'User-Agent': 'python-requests/2.26.0', 'Accept-Encoding': 'gzip, deflate', 'Accept': '*/*', 'Connection': 'keep-alive'} 
 body=None 
 </msg>
<msg timestamp="20210915 17:25:01.302" level="INFO">GET Response : url=https://petstore.swagger.io/v2/pet/findByStatus 
 status=200, reason=OK 
 headers={'Date': 'Wed, 15 Sep 2021 14:25:01 GMT', 'Content-Type': 'application/json', 'Transfer-Encoding': 'chunked', 'Connection': 'keep-alive', 'Access-Control-Allow-Origin': '*', 'Access-Control-Allow-Methods': 'GET, POST, DELETE, PUT', 'Access-Control-Allow-Headers': 'Content-Type, api_key, Authorization', 'Server': 'Jetty(9.2.9.v20150224)'} 
 body=[] 
 </msg>
<msg timestamp="20210915 17:25:01.302" level="TRACE">Return: &lt;Response [200]&gt;</msg>
<msg timestamp="20210915 17:25:01.303" level="INFO">${response} = &lt;Response [200]&gt;</msg>
<status status="PASS" starttime="20210915 17:25:00.115" endtime="20210915 17:25:01.303"/>
</kw>
<kw name="Status Should Be" library="RequestsLibrary">
<arg>OK</arg>
<arg>${response}</arg>
<doc>Fails if response status code is different than the expected.</doc>
<msg timestamp="20210915 17:25:01.305" level="TRACE">Arguments: [ 'OK' | &lt;Response [200]&gt; ]</msg>
<msg timestamp="20210915 17:25:01.305" level="TRACE">Return: None</msg>
<status status="PASS" starttime="20210915 17:25:01.303" endtime="20210915 17:25:01.305"/>
</kw>
<status status="PASS" starttime="20210915 17:25:00.114" endtime="20210915 17:25:01.306"/>
</test>
<test id="s1-t4" name="Swagger find pet by id Test">
<kw name="GET" library="RequestsLibrary">
<var>${response}</var>
<arg>https://petstore.swagger.io/v2/pet/${order_id}</arg>
<doc>Sends a GET request.</doc>
<msg timestamp="20210915 17:25:01.309" level="TRACE">Arguments: [ 'https://petstore.swagger.io/v2/pet/5' ]</msg>
<msg timestamp="20210915 17:25:01.314" level="DEBUG">Starting new HTTPS connection (1): petstore.swagger.io:443</msg>
<msg timestamp="20210915 17:25:02.457" level="DEBUG">https://petstore.swagger.io:443 "GET /v2/pet/5 HTTP/1.1" 200 None</msg>
<msg timestamp="20210915 17:25:02.460" level="INFO">GET Request : url=https://petstore.swagger.io/v2/pet/5 
 path_url=/v2/pet/5 
 headers={'User-Agent': 'python-requests/2.26.0', 'Accept-Encoding': 'gzip, deflate', 'Accept': '*/*', 'Connection': 'keep-alive'} 
 body=None 
 </msg>
<msg timestamp="20210915 17:25:02.460" level="INFO">GET Response : url=https://petstore.swagger.io/v2/pet/5 
 status=200, reason=OK 
 headers={'Date': 'Wed, 15 Sep 2021 14:25:02 GMT', 'Content-Type': 'application/json', 'Transfer-Encoding': 'chunked', 'Connection': 'keep-alive', 'Access-Control-Allow-Origin': '*', 'Access-Control-Allow-Methods': 'GET, POST, DELETE, PUT', 'Access-Control-Allow-Headers': 'Content-Type, api_key, Authorization', 'Server': 'Jetty(9.2.9.v20150224)'} 
 body={"id":5,"category":{"id":5,"name":"string"},"name":"doggie","photoUrls":["string"],"tags":[{"id":5,"name":"string"}],"status":"available"} 
 </msg>
<msg timestamp="20210915 17:25:02.461" level="TRACE">Return: &lt;Response [200]&gt;</msg>
<msg timestamp="20210915 17:25:02.461" level="INFO">${response} = &lt;Response [200]&gt;</msg>
<status status="PASS" starttime="20210915 17:25:01.308" endtime="20210915 17:25:02.461"/>
</kw>
<kw name="Status Should Be" library="RequestsLibrary">
<arg>OK</arg>
<arg>${response}</arg>
<doc>Fails if response status code is different than the expected.</doc>
<msg timestamp="20210915 17:25:02.462" level="TRACE">Arguments: [ 'OK' | &lt;Response [200]&gt; ]</msg>
<msg timestamp="20210915 17:25:02.463" level="TRACE">Return: None</msg>
<status status="PASS" starttime="20210915 17:25:02.462" endtime="20210915 17:25:02.463"/>
</kw>
<status status="PASS" starttime="20210915 17:25:01.307" endtime="20210915 17:25:02.463"/>
</test>
<test id="s1-t5" name="Swagger update pet by form Test">
<kw name="POST" library="RequestsLibrary">
<var>${response}</var>
<arg>https://petstore.swagger.io/v2/pet/${order_id}</arg>
<doc>Sends a POST request.</doc>
<msg timestamp="20210915 17:25:02.466" level="TRACE">Arguments: [ 'https://petstore.swagger.io/v2/pet/5' ]</msg>
<msg timestamp="20210915 17:25:02.472" level="DEBUG">Starting new HTTPS connection (1): petstore.swagger.io:443</msg>
<msg timestamp="20210915 17:25:03.632" level="DEBUG">https://petstore.swagger.io:443 "POST /v2/pet/5 HTTP/1.1" 200 None</msg>
<msg timestamp="20210915 17:25:03.633" level="INFO">POST Request : url=https://petstore.swagger.io/v2/pet/5 
 path_url=/v2/pet/5 
 headers={'User-Agent': 'python-requests/2.26.0', 'Accept-Encoding': 'gzip, deflate', 'Accept': '*/*', 'Connection': 'keep-alive', 'Content-Length': '0'} 
 body=None 
 </msg>
<msg timestamp="20210915 17:25:03.633" level="INFO">POST Response : url=https://petstore.swagger.io/v2/pet/5 
 status=200, reason=OK 
 headers={'Date': 'Wed, 15 Sep 2021 14:25:03 GMT', 'Content-Type': 'application/json', 'Transfer-Encoding': 'chunked', 'Connection': 'keep-alive', 'Access-Control-Allow-Origin': '*', 'Access-Control-Allow-Methods': 'GET, POST, DELETE, PUT', 'Access-Control-Allow-Headers': 'Content-Type, api_key, Authorization', 'Server': 'Jetty(9.2.9.v20150224)'} 
 body={"code":200,"type":"unknown","message":"5"} 
 </msg>
<msg timestamp="20210915 17:25:03.633" level="TRACE">Return: &lt;Response [200]&gt;</msg>
<msg timestamp="20210915 17:25:03.634" level="INFO">${response} = &lt;Response [200]&gt;</msg>
<status status="PASS" starttime="20210915 17:25:02.465" endtime="20210915 17:25:03.634"/>
</kw>
<kw name="Status Should Be" library="RequestsLibrary">
<arg>OK</arg>
<arg>${response}</arg>
<doc>Fails if response status code is different than the expected.</doc>
<msg timestamp="20210915 17:25:03.634" level="TRACE">Arguments: [ 'OK' | &lt;Response [200]&gt; ]</msg>
<msg timestamp="20210915 17:25:03.634" level="TRACE">Return: None</msg>
<status status="PASS" starttime="20210915 17:25:03.634" endtime="20210915 17:25:03.634"/>
</kw>
<status status="PASS" starttime="20210915 17:25:02.464" endtime="20210915 17:25:03.635"/>
</test>
<test id="s1-t6" name="Swagger delete pet Test">
<kw name="DELETE" library="RequestsLibrary">
<var>${response}</var>
<arg>https://petstore.swagger.io/v2/pet/${order_id}</arg>
<doc>Sends a DELETE request.</doc>
<msg timestamp="20210915 17:25:03.636" level="TRACE">Arguments: [ 'https://petstore.swagger.io/v2/pet/5' ]</msg>
<msg timestamp="20210915 17:25:03.638" level="DEBUG">Starting new HTTPS connection (1): petstore.swagger.io:443</msg>
<msg timestamp="20210915 17:25:04.814" level="DEBUG">https://petstore.swagger.io:443 "DELETE /v2/pet/5 HTTP/1.1" 200 None</msg>
<msg timestamp="20210915 17:25:04.815" level="INFO">DELETE Request : url=https://petstore.swagger.io/v2/pet/5 
 path_url=/v2/pet/5 
 headers={'User-Agent': 'python-requests/2.26.0', 'Accept-Encoding': 'gzip, deflate', 'Accept': '*/*', 'Connection': 'keep-alive', 'Content-Length': '0'} 
 body=None 
 </msg>
<msg timestamp="20210915 17:25:04.815" level="INFO">DELETE Response : url=https://petstore.swagger.io/v2/pet/5 
 status=200, reason=OK 
 headers={'Date': 'Wed, 15 Sep 2021 14:25:04 GMT', 'Content-Type': 'application/json', 'Transfer-Encoding': 'chunked', 'Connection': 'keep-alive', 'Access-Control-Allow-Origin': '*', 'Access-Control-Allow-Methods': 'GET, POST, DELETE, PUT', 'Access-Control-Allow-Headers': 'Content-Type, api_key, Authorization', 'Server': 'Jetty(9.2.9.v20150224)'} 
 body={"code":200,"type":"unknown","message":"5"} 
 </msg>
<msg timestamp="20210915 17:25:04.815" level="TRACE">Return: &lt;Response [200]&gt;</msg>
<msg timestamp="20210915 17:25:04.815" level="INFO">${response} = &lt;Response [200]&gt;</msg>
<status status="PASS" starttime="20210915 17:25:03.636" endtime="20210915 17:25:04.816"/>
</kw>
<kw name="Status Should Be" library="RequestsLibrary">
<arg>OK</arg>
<arg>${response}</arg>
<doc>Fails if response status code is different than the expected.</doc>
<msg timestamp="20210915 17:25:04.816" level="TRACE">Arguments: [ 'OK' | &lt;Response [200]&gt; ]</msg>
<msg timestamp="20210915 17:25:04.816" level="TRACE">Return: None</msg>
<status status="PASS" starttime="20210915 17:25:04.816" endtime="20210915 17:25:04.816"/>
</kw>
<status status="PASS" starttime="20210915 17:25:03.635" endtime="20210915 17:25:04.816"/>
</test>
<test id="s1-t7" name="Swagger update image Test">
<kw name="Get File For Streaming Upload" library="RequestsLibrary">
<var>${file}</var>
<arg>./data/f2637562392edd24809a100a0211e6f8-symbols-design-logo-icon-design.jpg</arg>
<doc>Opens and returns a file descriptor of a specified file to be passed as ``data`` parameter
to other requests keywords.</doc>
<msg timestamp="20210915 17:25:04.817" level="TRACE">Arguments: [ './data/f2637562392edd24809a100a0211e6f8-symbols-design-logo-icon-design.jpg' ]</msg>
<msg timestamp="20210915 17:25:04.817" level="TRACE">Return: &lt;_io.BufferedReader name='./data/f2637562392edd24809a100a0211e6f8-symbols-design-logo-icon-design.jpg'&gt;</msg>
<msg timestamp="20210915 17:25:04.817" level="INFO">${file} = &lt;_io.BufferedReader name='./data/f2637562392edd24809a100a0211e6f8-symbols-design-logo-icon-design.jpg'&gt;</msg>
<status status="PASS" starttime="20210915 17:25:04.817" endtime="20210915 17:25:04.817"/>
</kw>
<kw name="Create Dictionary" library="BuiltIn">
<var>${files}</var>
<arg>file=${file}</arg>
<doc>Creates and returns a dictionary based on the given ``items``.</doc>
<msg timestamp="20210915 17:25:04.818" level="TRACE">Arguments: [ 'file=${file}' ]</msg>
<msg timestamp="20210915 17:25:04.818" level="TRACE">Return: {'file': &lt;_io.BufferedReader name='./data/f2637562392edd24809a100a0211e6f8-symbols-design-logo-icon-design.jpg'&gt;}</msg>
<msg timestamp="20210915 17:25:04.818" level="INFO">${files} = {'file': &lt;_io.BufferedReader name='./data/f2637562392edd24809a100a0211e6f8-symbols-design-logo-icon-design.jpg'&gt;}</msg>
<status status="PASS" starttime="20210915 17:25:04.818" endtime="20210915 17:25:04.818"/>
</kw>
<kw name="Create Dictionary" library="BuiltIn">
<var>${headers}</var>
<arg>Content-Type=multipart/form-data</arg>
<arg>accept=application/json</arg>
<doc>Creates and returns a dictionary based on the given ``items``.</doc>
<msg timestamp="20210915 17:25:04.818" level="TRACE">Arguments: [ 'Content-Type=multipart/form-data' | 'accept=application/json' ]</msg>
<msg timestamp="20210915 17:25:04.819" level="TRACE">Return: {'Content-Type': 'multipart/form-data', 'accept': 'application/json'}</msg>
<msg timestamp="20210915 17:25:04.819" level="INFO">${headers} = {'Content-Type': 'multipart/form-data', 'accept': 'application/json'}</msg>
<status status="PASS" starttime="20210915 17:25:04.818" endtime="20210915 17:25:04.819"/>
</kw>
<kw name="POST" library="RequestsLibrary">
<var>${response}</var>
<arg>https://petstore.swagger.io/v2/pet/${order_id}/uploadImage</arg>
<arg>files=${files}</arg>
<doc>Sends a POST request.</doc>
<msg timestamp="20210915 17:25:04.819" level="TRACE">Arguments: [ 'https://petstore.swagger.io/v2/pet/5/uploadImage' | files={'file': &lt;_io.BufferedReader name='./data/f2637562392edd24809a100a0211e6f8-symbols-design-logo-icon-design.jpg'&gt;} ]</msg>
<msg timestamp="20210915 17:25:04.822" level="DEBUG">Starting new HTTPS connection (1): petstore.swagger.io:443</msg>
<msg timestamp="20210915 17:25:06.046" level="DEBUG">https://petstore.swagger.io:443 "POST /v2/pet/5/uploadImage HTTP/1.1" 200 None</msg>
<msg timestamp="20210915 17:25:06.050" level="INFO">POST Request : url=https://petstore.swagger.io/v2/pet/5/uploadImage 
 path_url=/v2/pet/5/uploadImage 
 headers={'User-Agent': 'python-requests/2.26.0', 'Accept-Encoding': 'gzip, deflate', 'Accept': '*/*', 'Connection': 'keep-alive', 'Content-Length': '12784', 'Content-Type': 'multipart/form-data; boundary=e586ad2b9c5851916827c2ece5a0dcaa'} 
 body=b'--e586ad2b9c5851916827c2ece5a0dcaa\r\nContent-Disposition: form-data; name="file"; filename="f2637562392edd24809a100a0211e6f8-symbols-design-logo-icon-design.jpg"\r\n\r\n\xff\xd8\xff\xe0\x00\x10JFIF\x00\x01\x01\x00\x00\x01\x00\x01\x00\x00\xff\xe2\x02\x1cICC_PROFILE\x00\x01\x01\x00\x00\x02\x0clcms\x02\x10\x00\x00mntrRGB XYZ \x07\xdc\x00\x01\x00\x19\x00\x03\x00)\x009acspAPPL\x00\x00\x00\x00\x00\x00\x00\x00\x00\x00\x00\x00\x00\x00\x00\x00\x00\x00\x00\x00\x00\x00\x00\x00\x00\x00\xf6\xd6\x00\x01\x00\x00\x00\x00\xd3-lcms\x00\x00\x00\x00\x00\x00\x00\x00\x00\x00\x00\x00\x00\x00\x00\x00\x00\x00\x00\x00\x00\x00\x00\x00\x00\x00\x00\x00\x00\x00\x00\x00\x00\x00\x00\x00\x00\x00\x00\x00\x00\x00\x00\x00\x00\x00\x00\ndesc\x00\x00\x00\xfc\x00\x00\x00^cprt\x00\x00\x01\\\x00\x00\x00\x0bwtpt\x00\x00\x01h\x00\x00\x00\x14bkpt\x00\x00\x01|\x00\x00\x00\x14rXYZ\x00\x00\x01\x90\x00\x00\x00\x14gXYZ\x00\x00\x01\xa4\x00\x00\x00\x14bXYZ\x00\x00\x01\xb8\x00\x00\x00\x14rTRC\x00\x00\x01\xcc\x00\x00\x00@gTRC\x00\x00\x01\xcc\x00\x00\x00@bTRC\x00\x00\x01\xcc\x00\x00\x00@desc\x00\x00\x00\x00\x00\x00\x00\x03c2\x00\x00\x00\x00\x00\x00\x00\x00\x00\x00\x00\x00\x00\x00\x00\x00\x00\x00\x00\x00\x00\x00\x00\x00\x00\x00\x00\x00\x00\x00\x00\x00\x00\x00\x00\x00\x00\x00\x00\x00\x00\x00\x00\x00\x00\x00\x00\x00\x00\x00\x00\x00\x00\x00\x00\x00\x00\x00\x00\x00\x00\x00\x00\x00\x00\x00\x00\x00\x00\x00\x00\x00\x00\x00\x00\x00\x00\x00\x00\x00\x00\x00text\x00\x00\x00\x00FB\x00\x00XYZ \x00\x00\x00\x00\x00\x00\xf6\xd6\x00\x01\x00\x00\x00\x00\xd3-XYZ \x00\x00\x00\x00\x00\x00\x03\x16\x00\x00\x033\x00\x00\x02\xa4XYZ \x00\x00\x00\x00\x00\x00o\xa2\x00\x008\xf5\x00\x00\x03\x90XYZ \x00\x00\x00\x00\x00\x00b\x99\x00\x00\xb7\x85\x00\x00\x18\xdaXYZ \x00\x00\x00\x00\x00\x00$\xa0\x00\x00\x0f\x84\x00\x00\xb6\xcfcurv\x00\x00\x00\x00\x00\x00\x00\x1a\x00\x00\x00\xcb\x01\xc9\x03c\x05\x92\x08k\x0b\xf6\x10?\x15Q\x1b4!\xf1)\x902\x18;\x92F\x05Qw]\xedkpz\x05\x89\xb1\x9a|\xaci\xbf}\xd3\xc3\xe90\xff\xff\xff\xdb\x00C\x00\x06\x04\x05\x06\x05\x04\x06\x06\x05\x06\x07\x07\x06\x08\n\x10\n\n\t\t\n\x14\x0e\x0f\x0c\x10\x17\x14\x18\x18\x17\x14\x16\x16\x1a\x1d%\x1f\x1a\x1b#\x1c\x16\x16 , #&amp;\')*)\x19\x1f-0-(0%()(\xff\xdb\x00C\x01\x07\x07\x07\n\x08\n\x13\n\n\x13(\x1a\x16\x1a((((((((((((((((((((((((((((((((((((((((((((((((((\xff\xc2\x00\x11\x08\x01\xe0\x01\xe0\x03\x01"\x00\x02\x11\x01\x03\x11\x01\xff\xc4\x00\x1c\x00\x01\x00\x01\x05\x01\x01\x00\x00\x00\x00\x00\x00\x00\x00\x00\x00\x00\x07\x03\x04\x05\x06\x08\x01\x02\xff\xc4\x00\x15\x01\x01\x01\x00\x00\x00\x00\x00\x00\x00\x00\x00\x00\x00\x00\x00\x00\x00\x01\xff\xda\x00\x0c\x03\x01\x00\x02\x10\x03\x10\x00\x00\x01\x91\x02\x00\x00\x00\x00\x00\x00\x00\x00\x00\x00\x00\x00\x00\x00\x00\x00\x00\x00\x00\x00\x00\x00\x00\x00\x00\x00\x00\x00\x00\x00\x00\x00\x00\x00\x00\x00\x00\x00\x00\x00\x00\x00\x00\x00\x00\x00\x00\x00\x00\x00\x00\x00\x00\x00\x00\x00\x00\x00\x00\x00\x00\x00\x00\x00\x00\x00\x00\x00\x00\x00\x00\x00\x00\x00\x00\x00\x00\x00\x00\x00\x00\x00\x00\x00\x00\x00\x00\x00\x00\x00\x00\x00\x00\x00\x00\x00\x00\x00\x00\x00\x00\x00\x00\x00\x00\x00\x00\x00\x00\x00\x00\x00\x00\x00\x00\x00\x00\x00\x00\x00\x00\x00\x07\xcf\xd0Y^\x1e\x80\x00\x00\x00\x00\x00\x00\x00\x00\x00\x00\x00\x00\x00\x00\x00\x00\x00\x00\x03\xddT\xd9\xf4\x1d\n\xb2\xc9\xdbKJH\xfb\xcdt\xb3\xae\xcb\xcc\xdb\x92L\xccVT\x00\x00\x00\x00\x00\x00\x00\x00\x00\x00\x00\x00\x00\x00\x00\x00\x01j]bt(\xf8\xda\xb5\x1f\x0b\xec\xe9\x1d\xcd\x05.\x7f\xdfb\xe1\xe7\xb5\x8a\x1e\xfb\xe1V@\x8e}:&gt;\xeb\x9c\xa4\xa2C|}\xa0\x00\x00\x00\x00\x00\x00\x00\x00\x00\x00\x00\x00\x00\x00\xf9\xd6\xa2\xa3~\x8c\xacJ\x03\xef`\x95\xcb\x8b\x9b\xe8\x914\xab_J\x96c\xf9\xf8\xd7\xa2\xb9\xc2\xbas2d\x8b\xd7\x15\xe8e\xe5\x18_\xd3\xa6\x10\\\xa8\x9b\x00\x00\x00\x00\x00\x00\x00\x00\x00\x00\x00\x00\x02\xde67\xd8\xafS\xa4\xbe\xf8\x05Y\x0c\xd1\xe5-\xc2\xbay\xe8a`=\xa3TQ\xb5\x12\x16\xd1V9M:m\xe7\x19\reZUI\x1cF\xfd\x1fds\x9f\x92\x0e\x84\xbf\x1f_&gt;\x1b\xc4\xa1\xcf\x15\x8e\x93E\xf2B\\\x00\x00\x00\x00\x00\x00\x00\x00\x00\x01J\xad\xb9\xcf\xd8\xf7\x8a\xf5\x980\xfbv\xff\x00\xb6\x98\x8c\xb0\x805=\xaa\x020\xdf&gt;\x97\xee{\x8f\xe5\xc2\x8f;tt0\x9amJe\x9f\xf3P|\xe0\x800\xf9\x81\nj=3\xab\x10\x7f\x99\xfc\n\xaf\xf1\xe3\xa5j\xd0\xae\x80\x00\x00\x00\x00\x00\x00\x00\x00\x0b{\x8bs\x9bB\xd7\xe9\x0eo\xe9T\xf9\x00\x02\xd4\xd2bk\xeb\x15\xf2\xea\xdaQ7\xab\xe1\x18\x9c\xb0\xe6\xaar\x1cx\xa9\x9e\x18\xca\x1d\n\xa3Y\x00\x02\x8f6t\xa75\x9e\x05\xe9:\xf4+\xa0\x00\x00\x00\x00\x00\x00\x00\x00\x02\xde\xe2\xdc\xe6\xd0\xb5\xfaW\x9azY&gt;@\x02-\xdf\xb9\xfc\xa4\xf3\xd5\xc9\xf4\x0e\x9f\xba\xa0\x00Y\xf3\xefGG+\x15\xfa\xf0\x93\xa4\xcem\x9f\xd3&amp;\x00)s_JsY\xe0^\x93\xafB\xba\x00\x00\x00\x00\x00\x00\x00\x00\x00-\xee-\xcem\x0b[\xa5\xb9\xa7\xa5\x93\xe4\x03[#\xed/\xdf\x95\xf7c\xd7gcb\x08\x00\nUG=b\xe68q[\x96\x9a:k\xcd_h@)s_JsY\xe0^\x93\xafB\xba\x00\x00\x00\x00\x00\x00\x00\x00\x00-\xee-\xcem\x0b[\xa5\xb9\xa3\xa5\xd3\xe4\x1eA2\x04:\x1eW]\xbee\xc5\xe4\xd0\x00\x00\x01\x03\xcf\x1a\xd1\x05\x85\xcdO\xbc\xd1+\x92\x10J\\\xd7\xd2\x9c\xd6x\x17\xa4\xeb\xd0\xae\x80\x00\x00\x00\x00\x00\x00\x00\x00\x0b{\x8bs\x9bB\xd6\xe9nh\xe9t\xf9\xa3Z54&lt;`\xa9#E\xe82\xe0 \x00\x00\x00\x10\xb6\x9f\xd00\x12\xd3\xba\xb4\xf4\xe8\xcb\xd8\x8a]J\\\xd7\xd2\x9c\xd6x\x17\xa4\xeb\xd0\xae\x80\x00\x00\x00\x00\x00\x00\x00\x00\x0b{\x8bs\x9bB\xd5\xe9ni\xe9t\xc7s\xec\xe1\xae,T\x95&gt;\x8a\xdb\xef\xcf\xd2\x00\x00\x00\x00\x02\'\x96,\x8es\xf2\xee\xd5~\xa7\x88\x17b\'x&gt;o\xc2$\x05\xe5O\x85\xe9*\xf4+\xa0\x00\x00\x00\x00\x00\x00\x00\x00\x02\xde\xe2\xdc\xe6\xd0\xb5z\x0b\x9eGB9\xect#\x9e\xc7B9\xect#\x9e\xc7B\xb9\xe8t+\x9e\x87B\xb9\xe8t+\x9e\x87B\xb9\xe8t-\xd78l&amp;\xe1\x17t\x9f?\x98\xbfB`\xdey\xd7\xa0\x92)\xd1:\'\x9fW\xa2\xeb\xd0\xae\x80\x00\x00\x00\x00\x00\x00\x00\x00\x0b{\x8a\x0762e\xc62c\x18\xc9\x8cc&amp;1\x8c\x98\xc62c\x18\xc9\x8cc&amp;1\x8c\x90\xc6\xb2C\x1a\xc9\x0cs"%\x16\x819\x1c\xd4\xcf\xe0\x04\x8b\x1c\xd5:V2\xddr\t\xedzu\x00\x00\x00\x00\x00\x00\x00\x00\x00\x00&gt;\x9f:\xa9\xb6"\xf1("\xef\tI\x17n\xe6i\xf2&gt;\x9f#\xe9\xf2&gt;\x9f#\xe9\xf2&gt;\x9f#\xe9\xf2&gt;\x9f#\xea\x86\xa7\x15\x9b.\x8c/\x85Ch\x9b\xa2I]*\x00\x00\x00\x00\x00\x00\x00\x00\x00\x00\x004\xa8\xb7\xa1\xe8\x1c\xda\x92\xa3\xa5\xa5\xf7\xf0$)/\x9c\xae\xce\x8eGr\x02T\x00\x00\x00[Ff\xf9\x14kT\xd4\xf3\xd0\xbe\x94\r\nX\xcf\xfa\x80\x00\x00\x00\x00\x00\x00\x00\x00\x00\x00\x00\x001YQ\n\xea\x1d5\xa9\x10\x97\x99\x9c:\xb2\xd8\x914n&lt;\xcd\xb3\x13\x9b\x01\x9fA\xaf\x1b\x06\x8b\xa1\xeb\xa5\xfd\x83\xc5z\xd9\r{~\xde\xf3\xa5\xad\xd0\x80\x00\x00\x00\x00\x00\x00\x00\x00\x00\x00\x00\x00\x00\x00\x14\xe3\xd9\x18s}\xb7EE\xab\xa3\xbd\xf0\xfa\xdd\xf4_M\xefF\xf9\xf0\xf4\xa8S\xbf\xddd\xc3P\xde\x04\x00\x00\x00\x00\x00\x00\x00\x00\x00\x00\x00\x00\x00\x00\x00\x00\x00\x00\xd7"y\xef\xc3\x9a&gt;e\xc8\xc5l~\xb2\x12\x99\xa1K\x19\xa2\x00\x00\x00\x00\x00\x00\x00\x00\x00\x00\x00\x00\x00\x00\x00\x00\x00\x00\x00\x00\x0b[\xa1B\xb8\x00\x00\x00\x00\x00\x00\x00\x00\x00\x00\x00\x00\x00\x00\x00\x00\x00\x00\x00\x00\x00\x00\x00\x00\x00\x00\x00\x00\x00\x00\x00\x00\x00\x00\x00\x00\x00\x00\x00\x00\x00\x00\x00\x00\x00\x00\x00\x00\x00\x00\x00\x00\x00\x00\x00\x00\x00\x00\x00\x00\x00\x00\x00\x00\x00\x00\x00\x00\x00\x00\x00\x00\x00\x00\x00\x00\x00\x00\x00\x00\x00\x00\x00\x00\x00\x00\x00\x00\x00\x00\x00\x00\x00\x00\x00\x00\x00\x00\x00\x00\x00\x00\x00\x00\x00\x00\x00\x00\x00\x00\x00\x00\x00\x00\x00\x00\x00\x00\x00\x00\x00\x00\x00\x7f\xff\xc4\x00,\x10\x00\x01\x03\x03\x02\x04\x06\x03\x01\x01\x01\x00\x00\x00\x00\x00\x04\x02\x03\x05\x00\x01\x10\x06\x14\x11 3@\x13\x15014P\x12\x16!2A\x90\xff\xda\x00\x08\x01\x01\x00\x01\x05\x02\xff\x00\xcb\x0e?\xda \xa6F\xaf\xf9\xf6\xcaU\x92\x99-D\xdbu\x04\xcb\xb7b\xa7\x0e\xdf\x1d\x1d,H5\x1d0)\xbfk%40u!$I\xca\x83\x0b|ujs\xb6\xe2f6x\x81h\x03\xc79?`|\x80\xc0\xa6Jp\x82\xf3\x00\x0e\xc8\x07\x1cKM\xc8\x94\xa3\x0b\xe4B\xd4\xda\xa3u\x1a\xd1C\x10\xd1-\xfda\x0f\xb6;rZ\x8dk\xa5\xadK^4\xd0;\xa3kV\x1d\xc18m\xb58\xaeA\x88tg#u\x1a\x17HZ\\G\xd4*\xf6M\xa4\xb5\x13mQE&lt;S\x99Jn\xa5D\x87`B4\x94\x88)\x0e\xa9\xf7\xb1\xa4\xc1\xf0\x99\x91\x87\x18\xea\x91\x89$\x1ePO %\xc7O\x0eW\xd3\xc9L\x8c\x15HI\x92u\xf9#bI:\xa3\xa2\x86\x03\x1a\xa8\xef\x18\x8cD\x87s\x8dM\xac\x94\xf8\xa8\xf1\xbf\xe4\x8e\x9f`\x8a4"\x02_$t\xc1!Tt\xb0\xc7}\x19\xc7\x8e\nd\xa7H+\x940\xdf-\xc8\xcd&gt;\xcb\x19\x987b\n\xafu+\x1ap\x1d\xa0.--6\xf4\x9b\xaa\x95\x19\xf4\x12\xc58\xda]D\x96\x9c\xb5\xe9\xf6\x1c\x1d\xcc\xf1\xa8\xdd@\xf8\xf4\t\xa3\x9a\x8e\xf9\xf7\x9b\x1d\xb9=F\xa5S\x8bS\x8b\xca\x10\xa5\xaa3N)T\xc3-\xb0\xdeu\t\xdb\xc3\xb1\xa7\x81\xde\x1dZ\xb0\xff\x00\xc5\x15\xa5\x0f\xf0\xdd\xc9B\xb2SrZu\xd6\xa9I\xbao\x96\x9c[K\x8d\xd4w\xb50\xfbd7\xdd\xbc\xaf\xc5\xa2\xcax\xb79#`\xc82\x80\x8f\x1c\x14\xf2j3\xb6\x81a6\xba\xaf\x0e\x16\xc4\x17Ut4K\xcb!\xfaJ\xae\x95D\x19c\xc2\xe4\x90\x8e\x18\xebIA\x90\'(\xa5&lt;#\x8d^\xeak\xba#\xe3\xe4\x08\xf2\x0e\\l\x18\xe1\xf3)VJe\x8c\xb9\xc6\xe3J\x83\xe3\x11\x8dJ\x0e\xd4\xdci\xf3\xf6F\xf3H\xc2\x8ceH\xc5\x92\r\xf2\xc7C\xba#\xe3\xe1\xaf\xeb\xa8B[O6\xab;\xc3g\x0c4\xa7\xde\x08d\x86.%D\xb1\xc1-7B\xb1\xa6O\xdd\t\xcc\xf7\xf5\x9c\xb1\xd0\xee\x88\xf8\xf8g\xad\x7f~R^@\xcc\x18B\xca#\x1aL\x1e\x16\xe4\xd5`\xf8ob8\xa5\x04[N%\xe6\xb9]\xe9e\x8e\x87tG\xc7\xc3=[\xfb\xf2\xea\xc3\xbf\'1\x1c*\x8c1\xa6\xd2\xd3\\\x85\x8e\x82\x86%\x95\x0e\xfe4\x99\xfc\xce\xf4\xb2\xc7C\xba#\xe3\xe1\xae\xad\xfd\xf9$\xcb\xb0A8\xb58\xbcipv\xe2sj\xc0\x7f$a\xa7\x14\xd3\x91\xa5\xa4\xe0\xf9\x1d\xe9e\x8e\x87tG\xc7\xc3][\xfb\xf2jc\xb7&amp;b\x10\x1d\xf1\xdc\xee6\x97[\x91\x15A\x99\x8d4~\xd4\xceGzYc\xa1\xdd\x11\xf1\xf0\xd7R\xfe\xf9\x9e;d\x0e`\x81\xd8\x83\xe8j\x80w\x02gO\x1f\xbd\x0b.\xf4\xb2\xc7C\xba#\xe3\xe1\xae\xa5\xfd\xf36v\xf8\xeci\x907&amp;z7\xf6\x9a\x0bbv"M\xb8&amp;\xa5VZp\xefK,t;\xa2&gt;&gt;\x1b\xea_\xdf\x1a\xa0\xed\xb8\xb8i\nqq\xa2X\x10\xfd)\xf0\xb7\xa0gJ\x1f\xe27\x87zYc\xa1\xdd\x11\xf1\xf0\xdfR\xfe\xf4\xf3\x89e\xa9\x02\x94ax\xd2`~K\xf55 ;Cp3\xcb\x1d\xe0\xc9Ab\xd3\xbd,\xb1\xd0\xee\x88\xf8\xf8o\xfd\xdf\xde\xb5a\xf9\x0cu\x96H\xec\xa0v=IP\xecpJM\xd2\xacic\xfc\x02i\xee\x96X\xe8wD||#\xfd\xdf\xdc\xe2R\x18\x8f\xba\xa7\x9e\xc6\x94\x07\xc2c\xd6\xd5`\xf8o\xe2\xd7\xe1xC\xb7\xc0\xd6\xa1\x07dv\x18\xe8wD||#\xfd\xdf\xdeZ6\xf26\xfdY\xba\xfdY\xbaN\x97j\xcaM\xac\x9bz\xc6\x0e\x92\xc6!\x950\xfe!\x0e\xd8\x9bj\x99\x0b|\r\xed{^\x98\xe8wD||#\xfd^D&gt;&gt;b\x1dy\x88u\xe6!\xd7\x98\x87^b\x1dy\x88u\xe6!\xd7\x98\x87^b\x1dy\x80u\xe6\x01\xd7\x98\x07^`\x1dy\x80u\xe6\x01\xd7\x98\x07^`\x1dy\x80u\xe6\x01\xd3$2\xfdj\xc0x\xa7:X\xff\x00\x1cj\xd5 \xf8\x04\xd3\x1d\x0e\xe8\x8f\x8f\xdb\xc2\x1d\xb19\xc4!\xe6\xa4\x05Pe\xe0"V!#\xbc\x82\x18&lt;T\x98#\xcd\xa9\x97X\xe8wD|~\xe3K\x9d\xb8\x13T\x83\xe3\x8b\x9d&amp;\x7f\xe0\xe5j\xc0i\x8f\x8f\xdd?\xfdc`]l\x0b\xad\x89u\xb1.\xb6%\xd6\xc4\xba\xd8\x97[\x12\xebb]lK\xad\x89u\xb1.\xb6%\xd6\xc4\xba\xd8\x17[\x12\xebb]lJ\xad\x89U\xb1*\xb6%V\xc4\xaa\xd8\x95[\x12\xaa=\x06\x86Zog\x1b\x99\x0bbv\x12\xab\xa1QFX\xf0\x9fi/\xb0\xda\x7f\x06\xfb\xbe7\xae7\xae7\xae7\xae7\xae7\xae7\xae7\xae7\xae7\xae7\xae7\xae7\xae7\xae7\xae7\xae7\xae7\xae7\xae7\xae7\xae7\xae7\xae7\xae7\xa7]CH\xd42\x8c\x1d\xc9\xa7\x8f\xd9\x1b\xdfH\xc8\x94\r~\xd3z\xfd\xa6\xf5\xfbJ\xab\xf6\x95U\xb5J\xb8\x81"9\xd6\xec$\xe7\x98\x16\x8d5\xf3W\x9b[\x8dFi\xe7^\xa6\xd1f\xd1\xdfI\xc00M\x18\x1b\xe1\xb9\x94\xaa\xe9Tn\xa2q\xaa\x14\x96Jo\xd4\x90\x92\x1c\x1bI\xcd\x12o,lQ\'\xd4lP\xc0}\x13\xcd!\xf6\xe4\xf4\xe5\xedN!M\xaf#\xbe\xe0\xeeF\xea4\xaa\x9bZ\\G\xa0C\xed\x0e\xdc\x9e\xa2Z\xe9j\xba\xd5\x91Ft\xa7c4\xf3L\xd5\xbf\x96\xfaC\xe3\xc792pd\x07\xca\t\xe4\x04\xb8\xd9\xe1\xca\xe6\xbd\xf8ZKP4\xcd\x16S\xc5\xbb\x94\xda\xf7\xbcf\x9dq\xda\x18v\x85k\xea$\xe1\x072\x8f\x8f \x15\xf2F\xcc\x12\x15GK\x0cvde\x86\x06\xa4eI:\xfc\x91\xb1\x04\x9dQ\xd1c\x01o\xabq)q\x12zr\xca\xa7\x99q\x873k\xf0\xbcn\xa0}\x8a\x93\xd4\x0e\xbfW\xbf\x1b\xe4A^-\xc8\xcd&gt;\xc8\xff\x00``\x8c\x18\x898\x07\xc7\xf4\x12\x9b\xa9Q\x9aunP\xec63\x7fe%\x0e1\xd5#\x16H7\xe4\x8c\x87$\xea\x8f\x8c\x18\x0b}\xad\xedk\xdaON\xb6\xed\x143\xa2\xb8\x18o\x98\xe4d\x03\x03}\xd1#\xb4SL4\xdb\r\xff\x00\xe5\x8f\xff\xc4\x00\x14\x11\x01\x00\x00\x00\x00\x00\x00\x00\x00\x00\x00\x00\x00\x00\x00\x00\x90\xff\xda\x00\x08\x01\x03\x01\x01?\x01a?\xff\xc4\x00\x14\x11\x01\x00\x00\x00\x00\x00\x00\x00\x00\x00\x00\x00\x00\x00\x00\x00\x90\xff\xda\x00\x08\x01\x02\x01\x01?\x01a?\xff\xc4\x00&lt;\x10\x00\x02\x01\x01\x02\n\x08\x04\x05\x04\x03\x01\x00\x00\x00\x00\x01\x02\x03\x00\x111\x04\x10\x12 !"#4r\x92\x132@AQRaqBPS\xd1\x1403\x81\xc1b\x91\xa1\xb1C\x90\xa2$\xff\xda\x00\x08\x01\x01\x00\x06?\x02\xff\x00\xab\x0b1\'O L\xb3`\xb7\xe7\x05\x98\x80\xa2\xf2h\xa6\x04:G\xf3\x9b\x85~/\nb\xf3\xcd\xe3\xdc\xb8\x99\x94\xec\x97U=\xaa\xc4l\xa8\xfc\x8du\x05\x07\xa3\x97\xc8\xdf\xc7\xcdJ\xa9\xe9\xa6\xf2\xad\xc3\xdc\xd6\xd9\xf5;\x91n\xa5R6K\xac\xfe\xd8\xba\x04;Y\xbf\xc2\xe6\x04\x9bo\x17\xad\xe3\xf7\xaf\xfew\xd6\xefCx\xf9\x8e\xdd\xf5\xbb\x90^h\xa4{\x18|\x16\xf3\xfb\xe3\x19Ck&amp;\xb3\xfd\xa9\xa4\x90\xd8\x8a-5$\xcd\xdfp\xf0\x19\xa1\x90\x95aq\x14\x13\x0e\x1d"\xf9\xc5\xf5\x97\x83\xb8u\xf4\xf9oI;\x84OZ)\x80\x8c\x85\xfa\x86\xfa,\xe4\xb3\x1b\xc9\xc7\xd28\xb6(\xb4\x9f~\xecC\x03\x8c\xdf\xad\'\xdb\x1d\x91\xa9f\xf0\x19\xb9pHQ\xbd(&amp;\x1c2\x1b\xea-\xd4\x19\x182\x9b\x88\xf9I,@\x03\xbc\xd1L\x08t\xaf\xe7=QYs\xc8]\xb3\x02\xa8\xb4\x9d\x00RC\xf1\xde\xfe\xf5$\xefr\x8f\xeei\xe5\x90\xda\xcem8\xce\x16\xfdw\xd0\x9e\x82\x8b\x11\xd1\xcb\xe7Z\xb5\xd7./:\xdd\x9bl\x12X;\xd4\xdch,\xdb\t}z\xa7\xe4\xe5A\xe9f\xf2/\xf3[W\xb1&lt;\x8bvm\xaa2"\xf3\xb5\xd5j.\\\xbfQ\xb1\x0c\x15\x0e\xce.\xb7\xabcH~\x1b\xd8\xf8\n\n\xa2\xc5\x1a\x00\xa1\x16P\xe9\x08\xca\x0b\xe9\x88\xb6\r\xb1\x97\xc3\xe15\x93\x84FW\xc0\xf7\x1c\xd0\xa1\xbaH\xbc\x8d@#dK\xe4o\x91\xdb\x84=\x87\xb9E\xe6\x8aC\xb1\x8b\xc0^sr0x\xcb\x1f\xf5A\xf0\xab&amp;\x93\xcb\xf0\x8co/\xfc\x87U=\xe8\x93\xa4\x9c}#\x8d\xb4\xdaO\xa0\xee\xa6y\r\x88\xa2\xd2k\xf1\xab\xa0\x83\xaa=&lt;)&amp;\x8b\xaa\xe2\xdcE%P\xe8{\x8d\x17\xc0\x1a\xc3\xf4\xdb\xf84Rd(\xc3\xb8\xe6\x84\xc26\xd1\x7f\xe8U\xb8&lt;\x99^+\xde;\x7fI3\x84O\x13E0\x01\x92&gt;\xa3_E\x9d\x8b1\xef9\x81P\x16cp\x14\x1f\x0f9\x03\xe9\x8b\xe8G\n\x04A\xdc3\x08C\xb2\x8fU~\xf8\xc1q\xb1\x8fY\xbe\xd8\x86\x07\x19\xd2u\xa4\xfbb8$\x87U\xf4\xa7\xa1\xcc\xc8\xc2#\x0e\xbf\xea\x8b\xe0G\xa5O!\xeb\n\xb1\x81\x04w\x1c\xc0\xf1\xb1V\x17\x11A0\xe5\xca\x1fQo\xae\x92\x07\x0e\x9e#\xb6;\x0b\xc2\x93YxD\x85\x8f\xfa\xcd\x0e\xfb\x18|\xcdy\xf6\xad\x82kw\xb9\xbc\xe6\xe4!\xda\xcb\xa0z\x0e\xfc`\x0b\xcd$\x7f\xf2\x1dg\xf7\xa7e\\\xa2\x05\xb9#\xbe\x9eY\r\xae\xe6\xd3\x88\x156\x11\xa4R\xcb\xf1\x8dW\x1e\xb9\xbbd\xd7\xf3\xad\xf4Y6\xd0\xf9\x96\xf1\xfbf\xe5\xe0\xf2\x14oJF7\x95\x07\xb5\xcb\xc0s,\x814w\xb1\xb8Py6\xd3x\x9b\x87\xed\x9cY\x8d\x8a4\x93O/\xc3r\x8fL\x7f\x89\x90l\xe2\xea\xfa\xb6&gt;\x95\x06\xcam&gt;\xc7\xbf\x18\xcb;\x195_\xef\x9eX\x0e\x86o2\xff\x00"\xb6\xa9jy\xd6\xec\xc8\xb8\x07k\x97\x80\xe3@|h$j\x15\x05\xc0g\x8c\x163\xaf&amp;\x97\xf6\xc6\x91F-v6\nH#\xb9\x7f\xc9\xc6\xf0\x9e\xb5\xea}h\xab\x0b\x18h#\x1fC!\xdbC\xfeW&gt;@n\xc99\x91p\x0e\xd7/\x01\xc6\x9e\xe3=\xe6\x93\xa8\x82\xda\x92i:\xcem\xc6\xd8d\x83\xfac\xfeNh\xc2\xe3\xea\xc9\xa1\xfd\x0e8\xe7N\xeb\xc7\x88\xa4\x923j0\xb4g?\t\xcc\x8b\x80v\xb9x\x0e4\xf7\xcf\x18$gBi\x7f|i\x02|W\x9f\x01K\x1cb\xc4Q`\xcd\x92\x19:\xae,\xf6\xa7\x8aN\xb2\x1b\x0e3\x81H\x7f\xaa?\xb6s\xf0\x9c\xc8\xb8\x07k\x97\x80\xe3O|\xe7\x98\xde4(\xf14\xce\xe6\xd6ci8\xff\x00\x10\xe3i5\xde\x8b\x9e0\xc8\xc6\x91\xaa\xff\x00|j\xe8lu6\x83I:\xdez\xc3\xc0\xe6\xbf\t\xcc\x8b\x80v\xb9x\x0e4\xf7\xce\xe8\x90\xec\xa2\xd1\xeeq\xaa\xb7\xe9.\xb3\xfbV\x8b\xb3\xda9\x05\xa8\xc2\xc2)\xe1n\xeb\x8f\x88\xc7\xd19\xd8\xcb\xa0\xfa\x1f\x1c\xd7\xe19\x91p\x0e\xd7/\x01\xc6\x9e\xf9\xa7$\xedd\xd5O\xbe`\x0c6\xaf\xac\xff\x00o\xc9\xe9\xd0m"\xbf\xd5s,s\xb6\x8bU\xbd}s\x1f\x84\xe6E\xc0;\\\xbc\x07\x1a\xfb\xe6i\xba\x99\xd7\xf4\xd7U=\xb1\xf4\xd2\r\x94:}\xcf\xe5i\xba\x99\x07\xe9\xb6\xb2{cI~\x1b\x9cx\x8a\x0c\x86\xd5:A\xc6\xfc\'2.\x01\xda\xe5\xe08\xd7\xdf3\xf0\xf1\x9d\xa4\xb7\xfa.5D\x16\xb3\x1b\x00\xa4\x81o\x1aX\xf8\x9f\xcb9#k\x1e\xb2\xfd\xb3\x0e\x07!\xd6]1\xfbxc~\x13\x99\x17\x00\xedr\xf0\x1ck\xef\x8d\xa4\x90\xd8\x8a-5$\xcf\xf1\\&lt;\x066\xc3$\x1a\x17D~\xfe?\x9b\xd2 \xd9K\xa4z\x1e\xfci,F\xc6Ch\xa8\xe7\x8e\xe6\x1f\xd8\xe2~\x13\x99\x17\x00\xedr\xf0\x1ck\xef\x8dp8\xcf\xf5I\xf6\xc6\x90\xc7\xd6sI\x0c}D\x16\x0f\xcdx~+\xd3\xde\x8a\xb0\xb0\x8d\x04c\xfc4\x87g-\xde\x8d\x89\xf8Nd\\\x03\xb5\xcb\xc0q\xaf\xbe)\'\x7f\x86\xe1\xe2i\xe4\x90\xda\xecm8\xce\x16\xe3^M\t\xe8\xbf\x9e0\xa8\xc6\xa4\x9a\x1b\x8b\x1e\x8aV?\xaa\x9a\xaf\xf7\xc4r\x06\xcaMe\xfbc\x8b\x80v\xb9x\x0e5\xf7\xc4\x8ag1\xa2\xe9\xc9\x0bm\xa6\xb7\xa6\xe4\xad\xed\xb9(ea,G\x86M\x05Qb\x8d\x00~|\x90Is\x8f\xedO\x14\x82\xc7Ca\xc6\xac\x7fI\xb5_\xda\xb4]M\x18\xfdA\xac\x9e\xf5a\xbf\x14\\\x03\xb5\xcb\xc0q\x8a\xde\xa2\xe6\xad\xea.j\xde\xa1\xe6\xad\xea\x1ej\xde\xa1\xe6\xad\xea\x1ej\xde\xa1\xe6\xad\xea\x1ej\xde\xa1\xe6\xad\xea\x1ej\xde\xa1\xe6\xad\xea\x1ej\xde\xa1\xe6\xad\xea\x1ej\xde\xa1\xe6\xad\xea\x1ej\xde\xa1\xe6\xad\xea\x1ej\xde\xa1\xe6\xad\xea\x1ej=\x0c\x8a\xf6_\x92n\xa5\xc3#\x1aF\xac\x9f|\xcf\xc3Hv\x91u}W\x17\xe2Pl\xe5\xbf\xd1\xb1E\xc0;\\\xbc\x07\xb4+\x9f\xd3mW\xf6\xa6G\xd6\x8d\xc5\x9f\xb5I\x03\xfc7\x1f\x11\x8d\'\x8e\xf5?\xde\x92h\xba\x8e-\x15$\x0f\xf1\\|\r4r\x0b\x1dM\x86\xa2\xe0\x1d\xae^\x03\xda\x7f\x0f!\xdaCw\xaa\xd0\xc2\x10m"\xbf\xd5s\x0e\x07!\xd5})\xef\x88a\x91\xf0\xc9\xf7\xa8\xb8\x07k\x94\x0f)\xad\xd6~C[\xb4\xdc\x86\xb7i\xb9\rn\xd3r\x1a\xdd\xa6\xe45\xbbM\xc8kv\x9b\x90\xd6\xed7!\xad\xdanC[\xb4\xdc\x86\xb7i\xb9\rn\xd3r\x1a\xdd\xa6\xe45\xbbM\xc8kv\x9b\x90\xd6\xed7!\xad\xdanC[\xb4\xdc\x86\xb7i\xb9\rn\xd3r\x1a\xdd\xa6\xe45\xbbM\xc8kv\x9b\x90\xd6\xed7!\xa4\x9d0i\xf5N\x91\x90t\x8a\x06\xcdV\x17\x1ax\xc7\xe9\x9dd\xf6\xc6\x19M\x84i\x06\x92o\x8e\xe7\x1e\xb4\xf1I\xd5qa\xa5[m\xc9\x16v\xcb\xea\xfa\xbe\xaf\xab\xea\xfa\xbe\xaf\xab\xea\xfa\xbe\xaf\xab\xea\xfa\xbe\xaf\xab\xea\xfa\xbe\xaf\xab\xea\xfa\xbe\xaf\xab\xe8\xbc\xae\x11Gy\xa4\x8e\x18\xed\xc8?\xa8s\x00s\xb1\x97U\xbd={yf\xc0\x84\x90\xf9\xd5\xebt\x1c\xf5\xba\x0ez\xdd\x17\x9e\xb7U\xe7\xad8*\xd9\xc7[\x17\xd7\xefC\x7fa)\x06\xda_N\xa8\xac\xac"K|\x07p\xcc\xd1}\x07\xc3-\x86?/\xc4iQm\xb1E\x82\xde\xde_\x06\xb2\x19|&gt;\x13Y\x18De|&lt;\x0e`e$\x11\xde(&amp;\x1a:D\xf3\x8e\xb0\xac\xbc\x1e@\xeb\xf9\xbbg\xd7\xf2-\xf4T\x1e\x8a\x1f"\xff\x009\xb6\xa2\xe4\xc5\xe7k\xaa\xd4\x19r\xfdF\xf9\x11\x8ed\x0e\x87\xb8\xd1|\x00\xe5\x0f\xa6\xd7\xfe\xd4U\xd4\xab\x0b\xc1\xcc\x0f\x0b\x94\x7f\x11A0\xe1\x92~\xa2\xddA\xe3`\xc8n#\xf2zI\xdc"\xfa\xd1L\x04d/\xd47\xd1f$\x93\xdes\x04p!v\xf4\xa0\xf8m\x92\xc9\xe4\x1dQV\r\x03\xc0|\x96\xcc!4\xf78\xbcQx\xf6\xd0\xf9\x96\xf1\xef\x9bl\x12X;\xd7\xb8\xd0I\xf62\xfa\xf5Nu\xa7@\xa2\x98%\x92\xc9\xe6\xf8Ee\xe1\x12\x17o\xf5\x99`\x16\x9a\x0f\x86\xec\xa3\xf2|G\xed]\x1e\x0e\x81\x13\xd3\xbf\xe5%\xe3\xd8\xcd\xe2.?\xb5Y:h\xeeaq\xcd\n\x0fI\x17\x91\xaa\xc8\xdb"O#_\x8c\x879r\xf9\x16\xacv\xc9\x8b\xc8\xb7f\x82\xa3"/;V\xcdr\xa5\xfa\x8d\x7f\xcb\nH\xa1\x90\xde\r\x17\xc0\r\x87\xe9\xb7\xf1E%B\x8e;\x8ehL+m\x17\x8f\xc4(\xa6\tlQx\xfcG7\xa3\xc1\xe3.\xdf\xea\x83\xe1vM\'\x97\xe1\x1f0\xc9\xc2#\r\xe0{\xc5\x17\xc1\xb6\xd1\x7f\xe8~@\n\t\'\xb8P\x93\x0e=\x1ay\x07X\xd7G\x02\x04O\x01\xf32\xc4tsy\xd7\xf9\xad\xa2\xdb\x1fs\xad\xd9\xa1\xac\xe8\xe1\xf3\xb7\xf1[\x15\xb6N\xf9\x1a\xff\x00\x9b\x10E\xa0\xde\r\x17\xc0\x88\x8d\xfc\x87\xaak\xa3\x9d\n7\xadd`\xf1\x96?\xe0P|&amp;\xc9\xa5\xf0\xf8G\xce\xba&lt;"0\xeb\xeb\xddB8P"\x0e\xe1\xff\x00V_\xff\xc4\x00+\x10\x00\x01\x02\x04\x04\x05\x05\x01\x01\x01\x00\x00\x00\x00\x00\x00\x01\x00\x11!1AQ\x10a\x81\xf0 q\x91\xb1\xc1@P\xa1\xd1\xf10\x90\xe1\xff\xda\x00\x08\x01\x01\x00\x01?!\xff\x00,\x08\x00"\x012\x17\xc2\xb5\xb1\xac\xa0\\\x08 \x83\x10E}\xde64!\x80L\xadk\xe9\n\xa3\x01\xad\xc1\xd3\x81g\x9a,\x03\x92\xc0D\x9b(\xc2A{\xb5DD\x7f\x18\xda,\xa3\xa3\xd5\x99\xcdTCO\xdc\xc4\xd0V\xe2\xa4DQX\xbc\x10\xe8\xae\xbc\xb9)\xaa\x80\x01\x80\x00H\n!\xc2\xc0b\xda\x9de\xd5\x1cd\x11\x83\x1fI\x1d\x81 \x1e\x07K\xdc]\x03\x85\xe2t\x93\xdcr\xb4\x0c\xd1\xf0b\xb4\xdd\xe1m\t\xee\x14{\x00\x9dL?\xb4\x0e\x00\x8cT\x1c\x86!9\x1c\x9a~b\xa8^\xf7\xd1\xccS\xdbK\xc1\xd5)\xf2\xba\xb4(\xcc|\x85\x11\x94\x83\x90\xe4\xe2\xc7\x06\xdf\x91\xa0\x89s\x15&lt;\xe6\x10Z\x9eX\xd4\x932\xe5\x10\xd3\x9e.\x83F\xf5)\xa6\x05\x90\x01\x171E\x187\x16\xe0\xfbHJ3\x920\t\xad$\xf6\x0b\xa3:h\xf2\x1c\x858\r\xc0\xb6\x15*\x03\xaa\x85Ol\xabb\x80\xe8\x04\xff\x00\x846\x010\xbb\xbe\xa9\xd5D\x8f\xa73\x98\xaa2mH\xfa\xad\xc2\xfa\xc4\xba\xe7\x05\x0e\xe5\x84]\x03MU\x06~\xcb5\x04J\xa4\x01\xcdDw9\x84\x01\xfb\xe0d\xcf\x7f\x8d\xb4]\x0c\x17@#\xa5\x91SB\x1d\x9b \x8e\x01\x93\x87\xb2\xa34?C\x80(\x02!=\xcfXB\xaad\x0b\x10`A\x91C\xd9\x1a\x8e\xc5\x14r\x0c\xdeAM\x88P\xf2k\xc0r4Q\xb6+\xb1\xd2\xfe\xc7\x1e\x96\xebI&gt;\xc2x;\x0b2\x9f\x10\xae1\x88\x971\xa2\x06H1\xd9\x8a\x01\x80\x00\x00\x04\x00\x14\xc0\x02,;Rh\xa1\x92\x9c\x93S\x80M\xcc\x18{E\xe5;\x12-\x80O\xf4\xf2w\xfeH\xcfJ2\xb8\xc2uX\x1b\x82\xb3t\x8f\r\x97S\xabp[\x80\x10. ESM"\x83\x93\xd05\xd521\t\x90\xe7\x0f^Z\x16\xaa\xc9\xc1e\xb5\x17!DX\xc4\xe4\x8eO\x01\x9a\x83\x00\xe4\xa2%&amp;\x89\xeef\x8aG,\x0f\x04T\xdf\xb2MqE\xc7\x92\x9bjD\xc5\\#\x05\x05&lt;\x93\xa9\x8bn\x9e\x8e\xbc\x16\xba\x8f&gt;CD\xf8\x13v\x0e\x88a\x18\x81\x88\xe0!&gt;r\xd8\x85ge\xa89\x8a\xa1Ru^\xf6\xf5\x84\x97\x11\xa0Vd\xef.@\x9f\x10\x9a\xa9-\x08\x19\x13Z84^\xb7\x0b\xbbQ\x96\xa7P\x8e\x00\x05\xc8\xc0\n\x94# M{t\x92 C\xe10\x80\x96 \xc0\x08\x10\xa7\x05\n\x86m%~\xb3\xe1\x92\xf60\x84?i\x8f\xb1B\x06|+\xf6G@\xf3\x15SUG2=^\xfblBr26Z\xc9\xaa\x81E\xb8\xd9#\x9a\xf0\xb5\xaa\xb8\xa0QF\'\xd4\x19b\xeb\x1a\xcd\xb2\x18UH\x8b\xc2\xda/8\x05#\rX\x16\xd0\xa5\xc2\t\n/\xc5(\x12\x87\r\x8e1\xfdpo6\xf5{\xed\xb1\x11\x18\x02 \xf5A\xe8\xac\x1b\x01\xc7/\xc2\x05)\x1a\xe2\xdc\x02\x12\x93"\xc4\xf5\x0e,\x98\xe0\xfa\x83$[D\xb8\x988\x051\xa0h\xce\x91\xd2\\b\x02\x01\'\x01\xe5\xc1\xbc\xdb\xd5\xef\xb6\xc7f\xba\x99\xc4sY\xc3&lt;\x91\x0b\xa0[,g\xa8\\\x07f\\-*4.\xae\xb8\xc5\xa1\xfd\xe0&amp;\xe3q\xf2\xe2\xdf-\xc1\xbc\xdb\xd5\xef\xb6\xc7\xe1\xfb\xa9\xdcY\x16]h\x1ac\x05Gw\x02\x98\xd8C\xcb\x86\xf2Au\n\x14\xccn4H\x11\x8ao_.-\xf2\xdc\x1b\xcd\xbd^\xfbl~\'\xba\x9d\xc2\xce\xe62\xab$B\x06\x08\xa98\x04\xe9\x05M\xa1\xd7\x8e\x9b\x08EE&lt;11\xe1@P\xa6\x04\x10:\x88\xe1\xdf-\xc1\xbc\xdb\xd5\xef\xb6\xc7\xe2{\xa9\xdc3|r\r*\xa7\xc6-\xa8\xcd{5@\x01\x00\x00 \x00\xa7\x1b\xc6\n\xf8\x15\x15w\xf6\x83\x8c\x99\x1c=*(g\xc1\xbe[\x83y\xb7\xab\xdfm\x8f\xc2\xf7S8\x1c\xed=p_B8\x01\x15\t\xed:\xda?\x8bK\xeamN\x93G\x16\x07\xcd\\\np7\xcbpo6\xf5{\xed\xb1\xf8~\xeav$\x80\t&amp;\x08\x92h\x11\x8d\x0c\xa3\xbb\\gE\xa8\xa5DyF\'\xf8\x80$\x00\x12\x81\x06\xa9\xb6\x99\xc6ji\x882\xe6YVhW\x07\x01T\x1cw\xcbpo6\xf5{\xed\xb1\xf8e3\x16\xc8\x0e]\x91\xc4\x85\x86\x05RS\x16\x100\xd5?\xcey\x9f\xbao\xa9\x11\x80,\xae%\xc6\xb5h\xc7|\xb7\x06\xf3oW\xbe\xdb\x1f\x8a\xee\xa7a\x16uy)\xb9\x17`\x18\xe7\t\xd5\xabG\xf4\xaa|d\xfbR\xa0\xc6)\xc4\x15\xe40\xea\x0c7\xcbpo6\xf5{\xed\xb1\xf8Lf2B\x0f\x8f,i\x9c9\n\x94\x11[\x983\xfe\xa6sW\x1a\x0c\xbe\x91\x94\x16\xe2\x87\x17\x06\xe7\x9c\xee\x7f\xac6\xcbpo6\xf5{\xed\xb1\xf8\xcc(\xf0\x01\xec\x019\x98\x8d\x9e\x01f\xe5\x9dM\x7f\xbeU\x8bK\xb5\xc4\x80$A\x11\x04 \x19\xd2s\xa6\xac\x1dL\xbf\x93}\x08\xe1\xbc\xdb\xd5\xef\xb6\xc7\xe30\xbeg\xfe\x02k\xf0\x9fkb\xfbF\x00\xf3\x18.:\xa0\x90\x14\x01@?\xbd:#\xddB\x9e\xd8\x02\xc4\xc7fK\xdd\xa2a\x00\x93\x94A\x15\x08B\xc2{\xd9\xaa2\x01\x00X\x83\x86\xf3oW\xbe\xdb\x18\x0ed\xe1}r_\x8a_\x88_\x88_\x88_\x88_\x88_\x88_\x88_\x89_\x99_\x99_\x99_\x99_\x99_\x99_\x99_\x99_\x99_\x99Z\xcf\xe12\xec\x0bS\xc1\x1c\x02t|\'v\xc8`\xcf\x14\xcb\xa9\xd6}p\xdem\xea\xf7\xdbz\x82\x1e\xd23WD\xd3Nl\xc9E`\x97`8\xd675\x95\x08\x82? d\xa0`\xde\xc0S\xf3(y\xad\xe6\xde\xaf}\xb7\xa8\t\xf2\x12\x9fd\x14M\x87.\xc8#\x8d\xd0\x8c\xd2\xb1\xae\r\x91\xa0X\x19\xd3\xc1n6\xf5bB\x1c\x91\x009-\xa5\xe1l\xef\x0bwx[\xbb\xc2\xdd\xde\x16\xee\xf0\xb7w\x85\xbb\xbc-\xdd\xe1n\xef\x0bwx[\xbb\xc2\xdd\xde\x16\xee\xf0\xb6w\x85\xbb\xbc-\xdd\xe1o\xef\x0b\x7fx[\xfb\xc2\xdf\xde\x16\xfe\xf0\xb7\xf7\x85\xb7\xbc"\xe9\x1e\xa1\x02H\x11"\xf9\x96,hB8\xc1\x9af\xfa\xc4\xe2\x8b\x00P\xa0\x91\x99\xcao\x14=\x9c\xd5P1}\xdb\xd6f:\xac\xe2\xce,\xe2\xce,\xe2\xce,\xe2\xce,\xe2\xce,\xe2\xce,\xe2\xce,\xe7U\x9c\xea\xb3\x9dVs\xaa\xceuY\xce\xab9\xd5g:\xac\xe7To:\xa8\xcd\xa8\x9d\x82\x10X\x0eD2r\x02\xdc\x10\x07j\xc9Q+\xeb\x98\x92W\xb0\xe6\x1a\x0ba\xfa[_\xd2\xfd\x07\xd2\xfdg\xd2b\xcd\x18\xbe\x90\xec,\x8c~\xfd\x08&amp;\x03\x84]C]\x13\xf46L9\x01&gt;/\x00\x02J\x0c\x13\x9a\x99\xd8\x82\x81J&lt;r\xc3?]CcEv)\x83\xe2\xa2|\x06\xae\xc1\xe0\x8d\x85\x81\x18\x84X\x84\xae\xe1uuH\xd3\x1c\xc5?\xa9&lt;jc\x1f\xd2\x88!R|\xd5G\x80\xa0\x8a\xa3\x0bE\xd0A{\x86:\n{\x14\xfa\x107Ni4\x9a\x0ej\xa8y\xb86#\x80y\xf5Uk}\x88\xb9\x8a)\x901\xb8?\xc4\xcc\x1fR\x9f+\xa7T\x96A\x1f!DHl\xe4\x8eO\x01\xb1\xdaQ\xce\xc9\xd5Lw\x0b\xa0\x00\x00\x08`\x06\x03\xd9bp!\xa0u\x93Df\x84\x0c\x89\xb8\x1e\x18\x93#\xce\n\x1d\r\x08\xba\x06\x9a\xf1\x00\x84\x00\x89$\xc0!\xe3\xc8?aVD\x8f.AN\x00\xa2\t\x00\x04\xca{\xc6c\x10\x14\xb1\xd3s\x1a\xfb@,\\ \xc2\x03E\xbe\xa2:\x18;\xaeQG\x17P3k\xc0r4@\xc5\xe3\x0fE\xf1\x13\x05\xa0h\xeah\x8e\xac(Z\xae\x9f\x80\xed\xdb\x1b\r.\x86\r\xe8\x1f\x0b{d\x13\x1a\x1b\x82\xaeM\x93CW\xda\x9cZ\x06\xc7\x80\x80 \x90EB:\xf2C\x8c\x0euG\xa9\x96\xe4\x11\x08I$\x98\xb9\xe0\x1f\xa8\x8d.cEt\xe7z(@\x00\x00\x00@\x01!\xed\xed\xbc\x8c\x8eAQ\xdc8\xb0\x1dQ]\x11\x04\x18\xd3\x8c\x91Y\x80\x1c\x94\xfcS\x07\xccY\n\x87\xb5y\xdf\xdc\xb9(\x92T\xe6rU&lt;\xe3\xd5G\xf4\x9b\x10\x11@\xe4\xe9\xf2U&lt;`\xd5\x07\xca\xde\xec&amp;\xc10\x0e\n\xa9\xa3\xed\x96D\xa1\xda\x04\xf9+\xc4#\xdc4C\x18\xb8\xfd\x1a\xabXH[\xdeO(=\\\x86\x8a\x9bnv\xff\x00\xe5\x97\xff\xda\x00\x0c\x03\x01\x00\x02\x00\x03\x00\x00\x00\x10\xff\x00\xff\x00\xff\x00\xff\x00\xff\x00\xff\x00\xff\x00\xff\x00\xff\x00\xff\x00\xff\x00\xff\x00\xff\x00\xff\x00\xff\x00\xff\x00\xff\x00\xff\x00\xff\x00\xff\x00\xff\x00\xff\x00\xff\x00\xff\x00\xff\x00\xff\x00\xff\x00\xff\x00\xff\x00\xff\x00\xff\x00\xff\x00\xff\x00\xff\x00\xff\x00\xff\x00\xff\x00\xff\x00\xff\x00\xff\x00\xff\x00\xff\x00\xff\x00\xff\x00\xff\x00\xff\x00\xff\x00\xff\x00\xff\x00\xff\x00\xff\x00\xff\x00\xff\x00\xff\x00\xff\x00\xff\x00\xff\x00\xff\x00\xff\x00\xff\x00\xff\x00\xff\x00\xff\x00\xff\x00\xff\x00\xff\x00\xff\x00\xff\x00\xff\x00\xff\x00\xff\x00\xff\x00\xff\x00\xff\x00\xff\x00\xff\x00\xff\x00\xff\x00\xff\x00\xff\x00\xff\x00\xff\x00\xff\x00\xff\x00\xff\x00\xff\x00\xff\x00\xff\x00\xff\x00\xff\x00\xff\x00\xff\x00\xff\x00\xff\x00\xff\x00\xff\x00\xff\x00\xff\x00\xff\x00\xff\x00\xff\x00\xff\x00\xff\x00\xff\x00\xff\x00\xff\x00\xff\x00\xff\x00\xff\x00\xff\x00\xff\x00\xff\x00\xff\x00\xff\x00\xff\x00\xff\x00\xff\x00\xff\x00\xff\x00\xff\x00\xff\x00\xff\x00\xff\x00\xff\x00\x7f\xff\x00\xff\x00\xff\x00\xff\x00\xff\x00\xff\x00\xff\x00\xff\x00\xff\x00\xff\x00\xff\x00\xff\x00\xff\x00\xff\x00\xff\x00\xff\x00\xff\x00\xff\x00\xff\x00\xcfk\xcc\x0f\x7f\xff\x00\xff\x00\xff\x00\xff\x00\xff\x00\xff\x00\xff\x00\xff\x00\xff\x00\xff\x00\xff\x00\xff\x00\xff\x00\xff\x00\xff\x00\xff\x00\xfe0\x06\x1b\xcb\x0cK\x7f\xff\x00\xff\x00\xff\x00\xff\x00\xff\x00\xff\x00\xff\x00\xff\x00\xff\x00\xff\x00\xff\x00\xff\x00\xff\x00\xff\x00\x7f&lt;\xf1|:o\x0f8\xef\xff\x00\xff\x00\xff\x00\xff\x00\xff\x00\xff\x00\xff\x00\xff\x00\xff\x00\xff\x00\xff\x00\xff\x00\xf2\x0c\xc2\x7f\xd2\xd3\xfc\x07\xff\x00\xc1\x04o\xff\x00\xff\x00\xff\x00\xff\x00\xff\x00\xff\x00\xff\x00\xff\x00\xff\x00\xfb\xd4\x92\'\xff\x00\x8d\x8a\xaf\x93\x7f\xef\xbf\x0b?\xff\x00\xff\x00\xff\x00\xff\x00\xff\x00\xff\x00\xff\x00\xff\x00\xff\x00\xff\x00\xc4\xff\x00\xff\x00\xfd0\xfe\xff\x00(\xff\x00\xff\x00\xdf\xf3\xff\x00\xff\x00\xff\x00\xff\x00\xff\x00\xff\x00\xff\x00\xff\x00\xff\x00\xff\x00\xfc/\xff\x00\xe72\xff\x00\xff\x00\xbaL\xff\x00\xff\x00\xff\x00?\xff\x00\xff\x00\xff\x00\xff\x00\xff\x00\xff\x00\xff\x00\xff\x00\xff\x00\xff\x00\xc8\xff\x00\xecF\x1f\xff\x00\xfb\xccq\x7f\xff\x00\xf3\xff\x00\xff\x00\xff\x00\xff\x00\xff\x00\xff\x00\xff\x00\xff\x00\xff\x00\xff\x00\xfc/\xfb\xf8\x1f\xff\x00\xff\x00\xfc\xb7\n\xff\x00\xff\x00?\xff\x00\xff\x00\xff\x00\xff\x00\xff\x00\xff\x00\xff\x00\xff\x00\xff\x00\xff\x00\xc0\xebS\x8f\xff\x00\xff\x00\xff\x00\xff\x00s\xc5\xf7\xf3\xff\x00\xff\x00\xff\x00\xff\x00\xff\x00\xff\x00\xff\x00\xff\x00\xff\x00\xff\x00\xfcO\xad\xbf\xff\x00\xff\x00\xff\x00\xff\x00\xfa\xd0\x12\xfd?\xff\x00\xff\x00\xff\x00\xff\x00\xff\x00\xff\x00\xff\x00\xff\x00\xff\x00\xff\x00\xc1&gt;\xfb\xef\x8e8\xe3\x8ez\xcc\x0b[\xff\x00\xff\x00\xff\x00\xff\x00\xff\x00\xff\x00\xff\x00\xff\x00\xff\x00\xff\x00\xf8\xc3\x0c0\xc3\x0c&lt;\xf3\xcf\n\xf1\xc3\xff\x00\xff\x00\xff\x00\xff\x00\xff\x00\xff\x00\xff\x00\xff\x00\xff\x00\xff\x00\xfd\xf6\xf7\xef\xff\x00\xff\x00\xff\x00\xff\x00\xff\x00\xecs8\xdf\xff\x00\xff\x00\xff\x00\xff\x00\xff\x00\xff\x00\xff\x00\xff\x00\xff\x00\xff\x00\xff\x00-E\x0c\xdf\xff\x00\xff\x00\xff\x005(\xc3\xff\x00\xff\x00\xff\x00\xff\x00\xff\x00\xff\x00\xff\x00\xff\x00\xff\x00\xff\x00\xff\x00\xff\x00\xff\x00\xcfO\xce\x1a\xdf\xfd\xec\xf2\xe7\xff\x00\xff\x00\xff\x00\xff\x00\xff\x00\xff\x00\xff\x00\xff\x00\xff\x00\xff\x00\xff\x00\xff\x00\xff\x00\xff\x00\xff\x00\xef\x82\xc7&lt;\xc1\xc7\xff\x00\xff\x00\xff\x00\xff\x00\xff\x00\xff\x00\xff\x00\xff\x00\xff\x00\xff\x00\xff\x00\xff\x00\xff\x00\xff\x00\xff\x00\xff\x00\xff\x00\xff\x00\xdbrG\xdf\xff\x00\xff\x00\xff\x00\xff\x00\xff\x00\xff\x00\xff\x00\xff\x00\xff\x00\xff\x00\xff\x00\xff\x00\xff\x00\xff\x00\xff\x00\xff\x00\xff\x00\xff\x00\xff\x00\xfb\xdf\xff\x00\xff\x00\xff\x00\xff\x00\xff\x00\xff\x00\xff\x00\xff\x00\xff\x00\xff\x00\xff\x00\xff\x00\xff\x00\xff\x00\xff\x00\xff\x00\xff\x00\xff\x00\xff\x00\xff\x00\xff\x00\xff\x00\xff\x00\xff\x00\xff\x00\xff\x00\xff\x00\xff\x00\xff\x00\xff\x00\xff\x00\xff\x00\xff\x00\xff\x00\xff\x00\xff\x00\xff\x00\xff\x00\xff\x00\xff\x00\xff\x00\xff\x00\xff\x00\xff\x00\xff\x00\xff\x00\xff\x00\xff\x00\xff\x00\xff\x00\xff\x00\xff\x00\xff\x00\xff\x00\xff\x00\xff\x00\xff\x00\xff\x00\xff\x00\xff\x00\xff\x00\xff\x00\xff\x00\xff\x00\xff\x00\xff\x00\xff\x00\xff\x00\xff\x00\xff\x00\xff\x00\xff\x00\xff\x00\xff\x00\xff\x00\xff\x00\xff\x00\xff\x00\xff\x00\xff\x00\xff\x00\xff\x00\xff\x00\xff\x00\xff\x00\xff\x00\xff\x00\xff\x00\xff\x00\xff\x00\xff\x00\xff\x00\xff\x00\xff\x00\xff\x00\xff\x00\xff\x00\xff\x00\xff\x00\xff\x00\xff\x00\xff\x00\xff\x00\xff\x00\xff\x00\xff\x00\xff\x00\xff\x00\xff\x00\xff\x00\xff\x00\xff\x00\xff\x00\xff\x00\xff\x00\xff\x00\xff\x00\xff\x00\xff\x00\xff\x00\xff\x00\xff\x00\xff\x00\xff\xc4\x00\x17\x11\x01\x01\x01\x01\x00\x00\x00\x00\x00\x00\x00\x00\x00\x00\x00\x00\x01@p\x80\xff\xda\x00\x08\x01\x03\x01\x01?\x10\xd7\xdcE\xb9\xb9\xb9\xb9\xe9\xcf\xff\xc4\x00\x1a\x11\x00\x03\x01\x01\x01\x01\x00\x00\x00\x00\x00\x00\x00\x00\x00\x00\x00\x01\x11@\x80\x10P\xff\xda\x00\x08\x01\x02\x01\x01?\x10\xe5\xf7\xb9\xee{\x9e\xe7\x85y&gt;\r)JR\xf3\xa7\xff\xc4\x00+\x10\x01\x00\x01\x02\x05\x03\x03\x05\x01\x01\x01\x01\x00\x00\x00\x00\x01\x11\x00!1AQaq\x10\x91\xf0 \x81\xa10@P\xb1\xf1\xc1\xe1\x90\xd1\xff\xda\x00\x08\x01\x01\x00\x01?\x10\xff\x00\xcb\x03pj\xc8 \xc6\x0c\xeb*t\x1e\xee@\x04\xb2\xe4av\xd7(\x0b\x8eZ@\xe6%\x17?,\r\x1e\x08\x1dU\xb1D\x80,\xc0\xf9\x87\xd8\xe6\x80Y\x16\xdc6\x01\\\x1bR@\x04\xa1\x80\x18\xb3H\xb1/)\x06\xf1\xdd~\xd5\x15\xaeK`\xcfS\xe2\x95v\xd91\xf1&lt;,\xedH\xa0#\xa3\xf9;\xa0]\xd0\xa3\xc1$&gt;h#\x82ZA!\xfd\x01\xce\xec\xd2\xa30\x13\t-\xeeA\xde\x88\x02h\x04\x00\xc0(\x1c\x90\x95|%\xfa)\x08\xb7I\xc3\\j}\xb94.\xf7\xb3&gt;\xd5\x83\xea\x00\xdb\xe67$\xa9\xd7\xf1\xfd\xea\x07\x0b\xf8,7`\xa3\x12d\x7f\xb4O\x04\x1c\xd5\x85\x82\x8b\xe3\xf1X\xc5\xc0\x91g\xe2=\xd6\x88Z\x83\x90\x96\x8b\xfb\x1a8v\xf6\xcf\x99\xf4(js6;u\x12\xb0\x95\x00\xc3\xe3\x8fg\x9a\xcd\xea\x96\xefLE\xb3S\xf8\xcb^\xa2\xdaZ\x0cV\xc5"\xd68N\xee\x11\xdd\x97\x8a\x9a=\x8c\x9dU\xbdM\x14-\x96i\x8b\xf7nK\xb1H\x8e&amp;\xedf\xd3#\x0f\x1a\xf6\xa5\xe8I\xa0CX\tP4\xa0\x90\x10Y\xdb\xa8\x82\xd5i\xe4[CD\xc16h\xff\x00\xed\x90Z\xdc\x93b\x8aq\xc0O\xb2~&amp;&amp;\xa4`uV\xc5E\xc4T\x11\xc0\xc5\xf69\xa6H\xac\x9d\x9d0\x07\x15=DA\x00\x95\x18\x03\xde\x84\xc5\x9d9_\xd8\xb0\xe2\xa0\xc5\xbc7K\x0f,RF\xddIp60\xf6\xe85\xa1\x8b\xcd\x01pl\xee\xad\xc1\xbd\x1dyh\x03s\x0f\xe2\xefP\xca\x18\x13\xfe\x87\xb3\xde\x93N\xa3{\xd4\xf9\xf4\xff\x00\x82&gt;\xe5\xe8\xac\x98&amp;_\x14wQ\x88\\\x12%\xc4\xd4\xfc(J\t]\n\xcb\xe4\x9f\xa6\x9e\x04\xb4D\x87)\xdaI3n\xd2\xf5\x95(|\x97H6\xe2\xf8\xefQN\xc89\xf6\xf0&lt;_z\x0eWZ\xb8\xbc\x81Y\x0b\x9e\xcbr\xb5\x8a\x82jF\x043p\xe7#v\xb0s\xcd\xc6\x80;Q\xa5I\x0b\x90=\xcd0\x08x\t\r\x132\x92{\xa4\x12\xdb\x8b\xf3-\xb5\x088\xa0{6\xcf\xee\xa5\xd5A\xff\x00\xda\xbc\xf0\xba\x10\xef{m\xb5KI\xaeEw\xe1\xed\xbe\xd4\xd9\x86\xce\x9f\x82\x00@Og\xb2\x1b\xb0U\xc0\x0b\xc1\x1e\x84{\xd6\x0f/K=\x04\xb4\x0b(\xe4\x1e\xada\xcd:F\x04/p\xdd\xf3m\xa8\x07\x8e\x02\x01\xa0eS\x14\xb4\x98\xa36c\xc0\xf8R\x83\x03\xd2\xa3*\xbd1N\x94p\x9c\x86\xbe&amp;\xce2\xe4\xd2\x88jA\x92\x95\xa8\x05\n\xcd\x86\xc2\xd9\x94\xee\xb5-\x83\x8b\x8b\xcc\xdcm\xd0\xb8\\\x1f\xed\x9f\xddD\x83Kp\xfe\x8e;\xa9`\xd5\xd5rjnRGB\xd4I\x14H\x18Gj\x0e\x1b\x040\xf1GuC\xe5O\xfa\x03\xeeIR}\xebV\x85\xcbxt\x0cWb\x95\xc6\x03\xdcX|\x99v*_\xdaz7ZU\xc7\xa9;\xf2dh\x05c\x87\xa3\xfeP\xd8\x97\x8a\xc9\x02H.\xae\xae\xeda\xd0\xbb\x056\x16t\xe2\xbed\xc7@\xa6\xed\x18\xd1\xb4G\x9c\xbb?0\xec4\xcaX\x99\xac\x07\x91\x0f\xebb\xe0\xd6\xa4\xb8\xda\xa1\xfc\x9d\x16\xcd\xe2~M\xea\xf9\xf4\x8anE\x8cF\xf1]R\x06\xe9P\x05\xa1\x91\xe2\x1d\xa9\xbf\x84\xa1\x1a#\x85;t\x18\xa9n\x18,\xe4\xa9\xba\xc0B\xdc\xc3\xe4C\xb3M\xa2 \x99\x0e\x83\x15\xb3\xf7\x90\x7ft\xc9%\x12Oj\x85\x85\x85Ai\x80\x1cSwH\xa1\xad\x10\x98L\x9f\x90\xbc\xb0P\xf3\x16\x83\xfe!\xb1\x05cv\xfe\x82Z9\xaf\xe1X9\xda\xa1\x97E*a\x12\xa5\x80(\x13\xac\x0cTf\xd0|\x1a\xc5C\xae!\x06\xed,&amp;_E\xc8\xd8\xb0q\xd0\xbe-(I\x917\x1a\x9c\xe2\xd0\xc8&gt;\x1f\xb3\xd1\x1aR-$\x9e\xfe,\xd9\x9a\x9fy\x8c\x9f\x91\x1c\x92T=F\xf4\x00:2\x0e\x98\x03\x9a\x84\x0b\x06A\x01~\xef\xc0k\xac\xba\ti\xe3\x92;\xff\x00\xafbZ:\x0b\xbb\x9a\xb1\xe5\xbf\x15%\xd2\xbb\xbe\x90\xee\x9a\x90\x11*\xf0V3N\xa92j\xe2\xee\xf4\x85\xa7\x9d Ag\xc3\x90_\x98\xa5\x96[\xadJ\x04\xc4\xbdKN\x10P|\x0e0\xe7jk\x15\x08\xde)\\\xdf\x98\xf6ZC0\x98\x89\x82k\xe9BE* d \xfe0\xf2CRg,O\xe69\xb6b\x92:\xf9\xcd?w\xe05\xf5\x10\xa1\xa6\xa2&amp;\xa0u \x13\x83\xd57\xa0\x8d\xc0\xca\xe7\xfb\x17\xe0\xde\x96z$\xe2\xcb5\x7fY\xd4W1\xd9\x13]\xf9z\xc37H\x92\xe9\xd1\xc1\xd9\xa7\xca\xd1`L#\xd1Z\x1c(,\x00\x12\x9c\x06\xe3\x89\xed\xea\xc9\xa10\xb8\x84n\xc4}\x1esO\xdd\xf8\r}m\xf1\xac\xf5\xe9E\x0cx\xc3\x01\xba\xc0sR\xb0J\r\x8eC`\x83\xa0Me\xed\xb3\x03\xc0{\xd1\x87X\xa7ib\x03\x04\xb7\x00w7\xeaP6\xf2\xd9\xec\xfc\x9f1E\\1\xcd\x1f\xb3\x07s\xd5\xe75z&lt;\xe6\x9f\xbb\xf0\x1a\xfa\xf8}\x1e\xa4\xd5\xdbX|\xc9\xf1\xae\xee\xedN4\x13\x856\x8eW\x98\xae\xbc\x1f1G\x0c\xf1\xc8\x10{\xfaH2R\x8c\xb8\x83\xb8\xc3V\x7f\xe0\xc1\x8c\x13d\xb9\xb3\xd0b\xa3\x9f*\x86\x18\xbd\xfc\x1c:\xd7\xc7\xa7\xcej\xf4y\xcd?w\xe05\xf5\xc9\xf9\x8fP\x8bd\xf6 \xe37b\x9c\x19\x19+%_~\x964\x11\xa9\x1c\xc3\xc1\xca\xbb\xb0z\xef]\x1b?\x8c\xdd\xc9\xa5$c\xd1;\xa1\x97\x06J\x1bA\x8e\xe1|\x13sd\xf4\xf9\xcd^\x8f9\xa7\xee\xfc\x06\xbe\xbe?G\xa4b\xc6\xb5+wI\xa1\xdf\x88\x87\x0e\xb4\xb3\x85\x18\xd3&gt;\xb6\xe4\x1bKUn\xf4\x08\x14\x00\x80\x16\x03\x8fXcd2\x10\xd3\xcc\x99\xf5{\x97\'\xcc\xd3SQw\xf4\x1a-\xab\xd9\xd9\xda\x82!!-\xe8\xf3\x9a\xbd\x1esO\xdd\xf8\r}|\xce\x8fL\x8e\xd3\x08a\x12\xd7\x07\x1dR\x9a\xb7\xc77^\x8c\x88\x15X\x03:\xc2\xe1\xaa]%\xce\x0fu\xfa\r\xf1\xa1E\x1a\xc1|Q\xee\xb3i\xacV\xe82\xe9P*@\xae\x07\xe7\x08w7\xa3\xaf\x9c\xd5\xe8\xf3\x9a~\xef\xc0k\xeb\xe7tz\x11\xad*\x84\x01uv\xa4"\xbf\x9bA\xc9\xaa\xbfn\xa1\x11rCW\xbf\x18\xb85\xa4\xa2\xe2\xb2\xfd\x10\xce\x88R\x06\xc8\xd3\x12\xa4q\x99\xf2Rv\xa7\x17\xa4\xc0\x17\xc2\x04\xc4\xdc\xac*#A\xa4On\xbesW\xa3\xcei\xfb\xbf\x01\xaf\xaf\x97\xd4\xeb&amp;\x8a\x15q%\xf3\xfb\xad\xc0\xd2\x9d1t\x99\x08\x80\xefG&amp;\xa2G\xe2\xc8\xd8&gt;\x9cs\x0f2F-p0\xd4=\x00;8,\x7f\xd6W6](\xc3\xa7\x9c\xd5\xe8\xf3\x9a~\xef\xc0k\xeb\xe0\xb4W\xe8t\r+\xa7!\xfe\xe4n\xd4\x80\x90\x19\x90\xed\xed\x9f=\x02J\x0b\xc4$2mp\xb1\xba\xe9G\xd3\x94\x90\xc2aW\x99\xf0\xdf\xe1n\xc9\xb3\xb7T\xc8nQLGQ,\x9a5\x14$\xa9\xe6+&gt;\xe3\xd3\xcej\xf4y\xcd?w\xe05\xf5\xf1\xda\x95\x89\xed\xfa\xa9\x8a`\x01"\x0b\x9eR\xf6\xa5\xe8C\xc9f\x96\xc6]\x82Z\x8b\x91\xda\xbc1[\xac\xbe\xf4X\xfa\x87\x05\x9d\nf\xc8qsO\x99\xa0B\x0c#\xc3\xd0b\xadP\x13\x88\xc18\x05\x9d\xcaB0\xd9\xcc\xac\x9f\x82\xf4y\xcd?w\xe05\xf5\xf2\x9a\xd6\'\xb7\xea\xa3N\xea1=\xbd\xf7\xe2\x9b\xabg\x9a\x7f]\x05\xef\x86t6\\H`7\x1b\xa3\xb1\xbd\x1fV/\xf3O\n\xb4#\x08\xf8\x0f\x91\xd6\x92:"B\x10\x84L\x11\xa2N\xc1\x9eI\x81\xa0\xbf3M\xb1\x07g:\x90\x8bfZ\xff\x00\x98\xf6J\xc5n\x9esO\xdd\xf8\r}|\x86\xa5c{~\xa9Q\x12\x81"\xc2a\x81 n\xd4\xb5\xcf\xe6j\x17"\x90s\\\x99D\xebC\xec,\x80\x90\x07\xb7\xd7\x1eB"2\x8d\xc7q\x86\xb4\xb5\x88I\x99\xb3\x89\xb3M\x9a1\xa3\x06\x8f/&amp;\xd1\xd5_\xb9\x9d !\x05$K\x89\xedH\xc4*,\x84\xcd\xa0\xb7jSj\x02\x111\x1e\x9esO\xdd\xf8\r}P\xf0\x03.\x97\xa4\xa8\xcb\xed}\xa4\xd1E\x94QE\x10\x10A\x04\x10A\x04\x10@\x06\x0fZ\xde\xc2c\x0c\x1aL\x10\x08c\xfe,^\xd4!\xe9\x19\xbd\x03\x8c\xb2\xaf\xa7\xcb\xb7\tD\xe2Y\x1ahm\x96,7\x1e\xce\xe3\xa3\xcei\xfb\xbf\x01\xaf\xac\xfd\xab\',l\xd3&amp;\xaa\xfd\xe8\xe7i\x0b!1\x1e\x11=\xaakp;\x1a\xfe\xe1\xf3M\x0cRym3\x02YvI*&gt;]\xad,V\xe3#\xc5@6&amp;&amp;;\xfbo\xc5+\x94\xc7 \xc3^sO\xdd\xf8\r\x7fqsz) \x12R\xbe\x1e\xea\xdc%\x00\x1aV/\x9b\xdd~\x16\x86yt\x9aK\xfb*Z.\xc8\xbf&amp;\xf5\x15\x89\xaa!\x86\x0f{\x17\x06\xb5\xe14\xfd\xda\xa0&gt;\x12\xaa\xe0&gt;\xc2\x13\xabV\xadZ\xb5j\xd5\xabV\xadZt\x96?GF\x95*T\xa9R\xadV]J\x85\xac\xfb\x89\xa1\xca\x14\xd8+\xab\x06\x14J\xc6\x98&gt;l\xc1:\xa9\x1e:\xb5\xc6\xa2\x10dN\x1a}\x05\x8d\x96\x13\xec\xd8sQ\x03\xc1\x98&amp;&amp;\xe6\'\x14\xeb+\x8aC\x00O\xc7\xdd\xf1A\xd2\xfe\xfd\x7f~\xbf\xbf_\xd7\xaf\xeb\xd7\xf5\xeb\xfa\xf5\xfdz\xfe\xbd\x7f^\xbf\xaf_\xd7\xaf\xeb\xd7\xf5\xfe\x92\x9c\xe79\xces\x82V\x0f\xc5g\x9e\xf9\xbbcVhq\x81!\xd7 e\xd0\xb5=e\x82 _\xf8%\xbb\xa2\xd3hY\xbe#\xf7\xb8oE0\x96`=\xeb\xe6\xdb\xd3\xff\x00\x7f]&gt;\xf2\xb6\xe8\xaeUq\x98\xe9\x99F\xda\xaa&gt;!\x94\x9e\xdf&amp;\xe5^nG\xd7\x96\x1c\x08\xba\xb8\x05K\xad0\xb8\xec\xe2\xdb\xba\x8e\xcc\xd3\xfe&amp;\x1c\xe3\xe8"\xea@%W\x003\xa9\xff\x000#o\x86\xc7v\xfbV!\xcc\x18\x88%]~\xfa\x08\x10B\x14H\x9a;U\xc2\xbdA\xd1\x18\xf7-\xb57MYn\x1a\xe0\xb5~\x93LH\xa5\x08\xd4L*\xd4^ 7\x06\x1f\x17v\x89\xe1\x94\xb0\xbab.hm\xf5/\xe1\x13\x1b\x90d\xdd\xa9\x1dT\x0b\x13\xdd\xe1cjZaS=\x02\xf7-F\\ tu\xd4\xf6*\x1fi`K\xda&lt;_z\xba\xca\xab\xbf\xe0r9\xf0\'SGr\xf5\xe7\xf8 \xfb\x1b\xee\xd2\x8f\x19\x0b\xb7\x1a\x87\xae\x07i\x81&amp;\x89\x82l\xd0cY\x13&gt;MnI\xb1C\xeddSl\x9fBMi\xd8T[KA\x8a\xd8\xaco7\xf8.;\xdd\xe2\xa51\xe7\'Un\xbdaj\xfc4B\xc7U\x80\xdd\xa8\xdcV7}\x8b\xecs@vB\x01\xa0\x16?\x08\x95\x00v\xc0\xe3f6d\xa1PD\xff\x00\xb5\'$\x9cSb\x8c\xf5\x16ir\xb2{\xf2[\xdf\x1a\xc1\x0bB\xe1\xbb\xf0\xee\xa9\xb0\xe4\x92%\xe7\x8fHk\x16\x08\x06j\xd8\xa3\xc0\xe5b{f\xf8\xb6\xf4\xd3\x08%\x80\xd3\x00qK/Uu0\xb2\x9a\x06u\x91&lt;`\xfa9\x0eo\xb5b\x87\x08\\\xd7\x11s\xf8\x84\x90GZ\x97\x05b\xfe\xd7\xec\xbf5&amp;\xab\x1f\xf6\xf7f\x1a\x10\xf4\x18\xe8,\']\x08w\xbf]\xa9$\xa9*$\xcex\x1e/\xb520\x89\xcd]`\xc7*p#c%\xed\x1eo\xb5^\x1dJ\xdd\x89b\xf9\xedJ@\xc8\xea\x14\rY\xba)\x9cq|[z\xb5\x90\x83\x9fg\x03\xc5\xf7\xa5VU\\[\xfe*4\xa1\xea\x90S\xee5\x9b\xad%|\xb8q\xddH9a\x10\xdf\x8d\xe9:M p\x91!\x1dJ\x81-\x1d\x83/\x8b\xde\x83%\xcc\xad\xbeL;\x17\xde\x9b\xb1I%]W\xacV)\x03\x04\x06\xb8\x03\x9a)V\xa0\x17w\xcd\xf3m\xa8\x02\xcf\x07\x01\xa0dTm\xf8\xe8~d\x1fw\x8eq\x85\x0e\x99\xac\x12\xd9\xf9v\x14\xa8\x08\xa8F\xc8\xfa\xa2\xa6D\x04#@.\xd3\x8chO\xb8\xc0\xf7x\xa4\xab\xd3\x06-V+w\xf2B\x8c\xa4u*b\xef\x80\xfe\x87\x95\x9d\xe9\xd4\xfe\x02t\x12\xe6\xd9\xab\x0e\xb2\x13\x85\x02\xa4n\xe0\x19\xe6?\x8d\xe8\x14\x86\x015\x1a\x0e\xc5^ee\xd7\xf2\x98\xd4 \xb0\x00\xe8\x8d\x92\xa7y\\\x977b\xf6\xb9\xc5\\2\x85\x81\xd5`\x9b\x95\x01\xde# uk\x0eig\x84\x0c\xbd\xcb\x1e\xed\xb6\xac\x84\x00@\x10\r\x03/\xcc\xb4\x01p.k\x8c\xb7(\xf9\xc5\xa2\x0b\xaa\xe2\xb7\x7f\xf2\xcb\xff\xd9\r\n--e586ad2b9c5851916827c2ece5a0dcaa--\r\n' 
 </msg>
<msg timestamp="20210915 17:25:06.051" level="INFO">POST Response : url=https://petstore.swagger.io/v2/pet/5/uploadImage 
 status=200, reason=OK 
 headers={'Date': 'Wed, 15 Sep 2021 14:25:05 GMT', 'Content-Type': 'application/json', 'Transfer-Encoding': 'chunked', 'Connection': 'keep-alive', 'Access-Control-Allow-Origin': '*', 'Access-Control-Allow-Methods': 'GET, POST, DELETE, PUT', 'Access-Control-Allow-Headers': 'Content-Type, api_key, Authorization', 'Server': 'Jetty(9.2.9.v20150224)'} 
 body={"code":200,"type":"unknown","message":"additionalMetadata: null\nFile uploaded to ./f2637562392edd24809a100a0211e6f8-symbols-design-logo-icon-design.jpg, 12580 bytes"} 
 </msg>
<msg timestamp="20210915 17:25:06.051" level="TRACE">Return: &lt;Response [200]&gt;</msg>
<msg timestamp="20210915 17:25:06.052" level="INFO">${response} = &lt;Response [200]&gt;</msg>
<status status="PASS" starttime="20210915 17:25:04.819" endtime="20210915 17:25:06.052"/>
</kw>
<kw name="Status Should Be" library="RequestsLibrary">
<arg>OK</arg>
<arg>${response}</arg>
<doc>Fails if response status code is different than the expected.</doc>
<msg timestamp="20210915 17:25:06.053" level="TRACE">Arguments: [ 'OK' | &lt;Response [200]&gt; ]</msg>
<msg timestamp="20210915 17:25:06.053" level="TRACE">Return: None</msg>
<status status="PASS" starttime="20210915 17:25:06.052" endtime="20210915 17:25:06.053"/>
</kw>
<status status="PASS" starttime="20210915 17:25:04.817" endtime="20210915 17:25:06.054"/>
</test>
<doc>Example using the space separated format.
Checking the information provided in the
Robot Framework documentation.</doc>
<status status="PASS" starttime="20210915 17:24:57.534" endtime="20210915 17:25:06.056"/>
</suite>
<statistics>
<total>
<stat pass="7" fail="0" skip="0">All Tests</stat>
</total>
<tag>
</tag>
<suite>
<stat pass="7" fail="0" skip="0" id="s1" name="Pet Tests">Pet Tests</stat>
</suite>
</statistics>
<errors>
</errors>
</robot>
