<?xml version="1.0" encoding="UTF-8"?>
<robot generator="Robot 4.1 (Python 3.8.10 on linux)" generated="20210910 09:14:37.950" rpa="false" schemaversion="2">
<suite id="s1" name="Example" source="/home/andrew/Рабочий стол/Andrei_Che/swagger/Robot_Framework/example.robot">
<test id="s1-t1" name="Swagger user get username Test">
<kw name="GET" library="RequestsLibrary">
<var>${response}</var>
<arg>https://petstore.swagger.io/v2/user/string</arg>
<doc>Sends a GET request.</doc>
<msg timestamp="20210910 09:14:38.730" level="INFO">GET Request : url=https://petstore.swagger.io/v2/user/string 
 path_url=/v2/user/string 
 headers={'User-Agent': 'python-requests/2.22.0', 'Accept-Encoding': 'gzip, deflate', 'Accept': '*/*', 'Connection': 'keep-alive'} 
 body=None 
 </msg>
<msg timestamp="20210910 09:14:38.731" level="INFO">GET Response : url=https://petstore.swagger.io/v2/user/string 
 status=200, reason=OK 
 headers={'Date': 'Fri, 10 Sep 2021 06:14:38 GMT', 'Content-Type': 'application/json', 'Transfer-Encoding': 'chunked', 'Connection': 'keep-alive', 'Access-Control-Allow-Origin': '*', 'Access-Control-Allow-Methods': 'GET, POST, DELETE, PUT', 'Access-Control-Allow-Headers': 'Content-Type, api_key, Authorization', 'Server': 'Jetty(9.2.9.v20150224)'} 
 body={"id":9223372000666090360,"username":"string","firstName":"string","lastName":"string","email":"string","password":"string","phone":"string","userStatus":0} 
 </msg>
<msg timestamp="20210910 09:14:38.731" level="INFO">${response} = &lt;Response [200]&gt;</msg>
<status status="PASS" starttime="20210910 09:14:38.077" endtime="20210910 09:14:38.731"/>
</kw>
<status status="PASS" starttime="20210910 09:14:38.076" endtime="20210910 09:14:38.732"/>
</test>
<doc>Example using the space separated format.
Checking the information provided in the
Robot Framework documentation.</doc>
<status status="PASS" starttime="20210910 09:14:37.952" endtime="20210910 09:14:38.735"/>
</suite>
<statistics>
<total>
<stat pass="1" fail="0" skip="0">All Tests</stat>
</total>
<tag>
</tag>
<suite>
<stat pass="1" fail="0" skip="0" id="s1" name="Example">Example</stat>
</suite>
</statistics>
<errors>
</errors>
</robot>
