<?xml version="1.0" encoding="UTF-8"?>
<robot generator="Robot 4.1 (Python 3.8.10 on linux)" generated="20210911 10:16:10.692" rpa="false" schemaversion="2">
<suite id="s1" name="Pet Tests" source="/home/andrew/Рабочий стол/Andrei_Che/swagger/Robot_Framework/pet_tests.robot">
<test id="s1-t1" name="Swagger add new pet Test">
<kw name="POST" library="RequestsLibrary">
<var>${response}</var>
<arg>https://petstore.swagger.io/v2/pet</arg>
<arg>data= ${data_pet}</arg>
<arg>headers=${headers}</arg>
<doc>Sends a POST request.</doc>
<msg timestamp="20210911 10:16:10.816" level="TRACE">Arguments: [ 'https://petstore.swagger.io/v2/pet' | data=' {"id": 0, "category": {"id": 0, "name": "string"}, "name": "doggie", "photoUrls": ["string"], "tags": [{"id": 0, "name": "string" }], "status": "available"}' | headers={'Content-Type': 'application/json'} ]</msg>
<msg timestamp="20210911 10:16:10.820" level="DEBUG">Starting new HTTPS connection (1): petstore.swagger.io:443</msg>
<msg timestamp="20210911 10:16:11.387" level="DEBUG">https://petstore.swagger.io:443 "POST /v2/pet HTTP/1.1" 200 None</msg>
<msg timestamp="20210911 10:16:11.390" level="INFO">POST Request : url=https://petstore.swagger.io/v2/pet 
 path_url=/v2/pet 
 headers={'User-Agent': 'python-requests/2.22.0', 'Accept-Encoding': 'gzip, deflate', 'Accept': '*/*', 'Connection': 'keep-alive', 'Content-Type': 'application/json', 'Content-Length': '157'} 
 body= {"id": 0, "category": {"id": 0, "name": "string"}, "name": "doggie", "photoUrls": ["string"], "tags": [{"id": 0, "name": "string" }], "status": "available"} 
 </msg>
<msg timestamp="20210911 10:16:11.391" level="INFO">POST Response : url=https://petstore.swagger.io/v2/pet 
 status=200, reason=OK 
 headers={'Date': 'Sat, 11 Sep 2021 07:16:11 GMT', 'Content-Type': 'application/json', 'Transfer-Encoding': 'chunked', 'Connection': 'keep-alive', 'Access-Control-Allow-Origin': '*', 'Access-Control-Allow-Methods': 'GET, POST, DELETE, PUT', 'Access-Control-Allow-Headers': 'Content-Type, api_key, Authorization', 'Server': 'Jetty(9.2.9.v20150224)'} 
 body={"id":9223372036854775807,"category":{"id":0,"name":"string"},"name":"doggie","photoUrls":["string"],"tags":[{"id":0,"name":"string"}],"status":"available"} 
 </msg>
<msg timestamp="20210911 10:16:11.391" level="TRACE">Return: &lt;Response [200]&gt;</msg>
<msg timestamp="20210911 10:16:11.391" level="INFO">${response} = &lt;Response [200]&gt;</msg>
<status status="PASS" starttime="20210911 10:16:10.815" endtime="20210911 10:16:11.392"/>
</kw>
<status status="PASS" starttime="20210911 10:16:10.814" endtime="20210911 10:16:11.392"/>
</test>
<test id="s1-t2" name="Swagger update pet Test">
<kw name="PUT" library="RequestsLibrary">
<var>${response}</var>
<arg>https://petstore.swagger.io/v2/pet</arg>
<arg>data= ${data_pet}</arg>
<arg>headers=${headers}</arg>
<doc>Sends a PUT request.</doc>
<msg timestamp="20210911 10:16:11.395" level="TRACE">Arguments: [ 'https://petstore.swagger.io/v2/pet' | data=' {"id": 0, "category": {"id": 0, "name": "string"}, "name": "doggie", "photoUrls": ["string"], "tags": [{"id": 0, "name": "string" }], "status": "available"}' | headers={'Content-Type': 'application/json'} ]</msg>
<msg timestamp="20210911 10:16:11.397" level="DEBUG">Starting new HTTPS connection (1): petstore.swagger.io:443</msg>
<msg timestamp="20210911 10:16:11.982" level="DEBUG">https://petstore.swagger.io:443 "PUT /v2/pet HTTP/1.1" 200 None</msg>
<msg timestamp="20210911 10:16:11.985" level="INFO">PUT Request : url=https://petstore.swagger.io/v2/pet 
 path_url=/v2/pet 
 headers={'User-Agent': 'python-requests/2.22.0', 'Accept-Encoding': 'gzip, deflate', 'Accept': '*/*', 'Connection': 'keep-alive', 'Content-Type': 'application/json', 'Content-Length': '157'} 
 body= {"id": 0, "category": {"id": 0, "name": "string"}, "name": "doggie", "photoUrls": ["string"], "tags": [{"id": 0, "name": "string" }], "status": "available"} 
 </msg>
<msg timestamp="20210911 10:16:11.985" level="INFO">PUT Response : url=https://petstore.swagger.io/v2/pet 
 status=200, reason=OK 
 headers={'Date': 'Sat, 11 Sep 2021 07:16:11 GMT', 'Content-Type': 'application/json', 'Transfer-Encoding': 'chunked', 'Connection': 'keep-alive', 'Access-Control-Allow-Origin': '*', 'Access-Control-Allow-Methods': 'GET, POST, DELETE, PUT', 'Access-Control-Allow-Headers': 'Content-Type, api_key, Authorization', 'Server': 'Jetty(9.2.9.v20150224)'} 
 body={"id":9223372036854775807,"category":{"id":0,"name":"string"},"name":"doggie","photoUrls":["string"],"tags":[{"id":0,"name":"string"}],"status":"available"} 
 </msg>
<msg timestamp="20210911 10:16:11.986" level="TRACE">Return: &lt;Response [200]&gt;</msg>
<msg timestamp="20210911 10:16:11.986" level="INFO">${response} = &lt;Response [200]&gt;</msg>
<status status="PASS" starttime="20210911 10:16:11.394" endtime="20210911 10:16:11.986"/>
</kw>
<status status="PASS" starttime="20210911 10:16:11.393" endtime="20210911 10:16:11.987"/>
</test>
<test id="s1-t3" name="Swagger find pet Test">
<kw name="GET" library="RequestsLibrary">
<var>${response}</var>
<arg>https://petstore.swagger.io/v2/pet/findByStatus</arg>
<doc>Sends a GET request.</doc>
<msg timestamp="20210911 10:16:11.989" level="TRACE">Arguments: [ 'https://petstore.swagger.io/v2/pet/findByStatus' ]</msg>
<msg timestamp="20210911 10:16:11.992" level="DEBUG">Starting new HTTPS connection (1): petstore.swagger.io:443</msg>
<msg timestamp="20210911 10:16:12.583" level="DEBUG">https://petstore.swagger.io:443 "GET /v2/pet/findByStatus HTTP/1.1" 200 None</msg>
<msg timestamp="20210911 10:16:12.585" level="INFO">GET Request : url=https://petstore.swagger.io/v2/pet/findByStatus 
 path_url=/v2/pet/findByStatus 
 headers={'User-Agent': 'python-requests/2.22.0', 'Accept-Encoding': 'gzip, deflate', 'Accept': '*/*', 'Connection': 'keep-alive'} 
 body=None 
 </msg>
<msg timestamp="20210911 10:16:12.585" level="INFO">GET Response : url=https://petstore.swagger.io/v2/pet/findByStatus 
 status=200, reason=OK 
 headers={'Date': 'Sat, 11 Sep 2021 07:16:12 GMT', 'Content-Type': 'application/json', 'Transfer-Encoding': 'chunked', 'Connection': 'keep-alive', 'Access-Control-Allow-Origin': '*', 'Access-Control-Allow-Methods': 'GET, POST, DELETE, PUT', 'Access-Control-Allow-Headers': 'Content-Type, api_key, Authorization', 'Server': 'Jetty(9.2.9.v20150224)'} 
 body=[] 
 </msg>
<msg timestamp="20210911 10:16:12.585" level="TRACE">Return: &lt;Response [200]&gt;</msg>
<msg timestamp="20210911 10:16:12.585" level="INFO">${response} = &lt;Response [200]&gt;</msg>
<status status="PASS" starttime="20210911 10:16:11.989" endtime="20210911 10:16:12.585"/>
</kw>
<status status="PASS" starttime="20210911 10:16:11.987" endtime="20210911 10:16:12.586"/>
</test>
<test id="s1-t4" name="Swagger find pet by id Test">
<kw name="Pass Execution" library="BuiltIn">
<arg>This test may fail due to a small number of requests to the server</arg>
<doc>Skips rest of the current test, setup, or teardown with PASS status.</doc>
<msg timestamp="20210911 10:16:12.587" level="TRACE">Arguments: [ 'This test may fail due to a small number of requests to the server' ]</msg>
<msg timestamp="20210911 10:16:12.587" level="INFO">Execution passed with message:
This test may fail due to a small number of requests to the server</msg>
<status status="PASS" starttime="20210911 10:16:12.587" endtime="20210911 10:16:12.588"/>
</kw>
<status status="PASS" starttime="20210911 10:16:12.586" endtime="20210911 10:16:12.588">This test may fail due to a small number of requests to the server</status>
</test>
<test id="s1-t5" name="Swagger update pet by form Test">
<kw name="Pass Execution" library="BuiltIn">
<arg>This test may fail due to a small number of requests to the server</arg>
<doc>Skips rest of the current test, setup, or teardown with PASS status.</doc>
<msg timestamp="20210911 10:16:12.589" level="TRACE">Arguments: [ 'This test may fail due to a small number of requests to the server' ]</msg>
<msg timestamp="20210911 10:16:12.589" level="INFO">Execution passed with message:
This test may fail due to a small number of requests to the server</msg>
<status status="PASS" starttime="20210911 10:16:12.589" endtime="20210911 10:16:12.590"/>
</kw>
<status status="PASS" starttime="20210911 10:16:12.589" endtime="20210911 10:16:12.590">This test may fail due to a small number of requests to the server</status>
</test>
<test id="s1-t6" name="Swagger delete pet Test">
<kw name="Pass Execution" library="BuiltIn">
<arg>This test may fail due to a small number of requests to the server</arg>
<doc>Skips rest of the current test, setup, or teardown with PASS status.</doc>
<msg timestamp="20210911 10:16:12.592" level="TRACE">Arguments: [ 'This test may fail due to a small number of requests to the server' ]</msg>
<msg timestamp="20210911 10:16:12.592" level="INFO">Execution passed with message:
This test may fail due to a small number of requests to the server</msg>
<status status="PASS" starttime="20210911 10:16:12.591" endtime="20210911 10:16:12.592"/>
</kw>
<status status="PASS" starttime="20210911 10:16:12.590" endtime="20210911 10:16:12.592">This test may fail due to a small number of requests to the server</status>
</test>
<test id="s1-t7" name="Swagger update image Test">
<kw name="Pass Execution" library="BuiltIn">
<arg>This test may fail due to a small number of requests to the server</arg>
<doc>Skips rest of the current test, setup, or teardown with PASS status.</doc>
<msg timestamp="20210911 10:16:12.593" level="TRACE">Arguments: [ 'This test may fail due to a small number of requests to the server' ]</msg>
<msg timestamp="20210911 10:16:12.594" level="INFO">Execution passed with message:
This test may fail due to a small number of requests to the server</msg>
<status status="PASS" starttime="20210911 10:16:12.593" endtime="20210911 10:16:12.594"/>
</kw>
<status status="PASS" starttime="20210911 10:16:12.593" endtime="20210911 10:16:12.594">This test may fail due to a small number of requests to the server</status>
</test>
<doc>Example using the space separated format.
Checking the information provided in the
Robot Framework documentation.</doc>
<status status="PASS" starttime="20210911 10:16:10.694" endtime="20210911 10:16:12.595"/>
</suite>
<statistics>
<total>
<stat pass="7" fail="0" skip="0">All Tests</stat>
</total>
<tag>
</tag>
<suite>
<stat pass="7" fail="0" skip="0" id="s1" name="Pet Tests">Pet Tests</stat>
</suite>
</statistics>
<errors>
</errors>
</robot>
