<?xml version="1.0" encoding="UTF-8"?>
<robot generator="Robot 4.1.1 (Python 3.8.10 on linux)" generated="20210914 19:38:17.184" rpa="false" schemaversion="2">
<suite id="s1" name="Users Tests" source="/home/chernomorov/Desktop/projects/swagger/Robot_Framework/users_tests.robot">
<test id="s1-t1" name="Swagger user get username Test">
<kw name="GET" library="RequestsLibrary">
<var>${response}</var>
<arg>https://petstore.swagger.io/v2/user/string</arg>
<doc>Sends a GET request.</doc>
<msg timestamp="20210914 19:38:17.259" level="TRACE">Arguments: [ 'https://petstore.swagger.io/v2/user/string' ]</msg>
<msg timestamp="20210914 19:38:17.262" level="DEBUG">Starting new HTTPS connection (1): petstore.swagger.io:443</msg>
<msg timestamp="20210914 19:38:20.980" level="DEBUG">https://petstore.swagger.io:443 "GET /v2/user/string HTTP/1.1" 200 None</msg>
<msg timestamp="20210914 19:38:20.982" level="INFO">GET Request : url=https://petstore.swagger.io/v2/user/string 
 path_url=/v2/user/string 
 headers={'User-Agent': 'python-requests/2.26.0', 'Accept-Encoding': 'gzip, deflate', 'Accept': '*/*', 'Connection': 'keep-alive'} 
 body=None 
 </msg>
<msg timestamp="20210914 19:38:20.983" level="INFO">GET Response : url=https://petstore.swagger.io/v2/user/string 
 status=200, reason=OK 
 headers={'Date': 'Tue, 14 Sep 2021 16:38:20 GMT', 'Content-Type': 'application/json', 'Transfer-Encoding': 'chunked', 'Connection': 'keep-alive', 'Access-Control-Allow-Origin': '*', 'Access-Control-Allow-Methods': 'GET, POST, DELETE, PUT', 'Access-Control-Allow-Headers': 'Content-Type, api_key, Authorization', 'Server': 'Jetty(9.2.9.v20150224)'} 
 body={"id":9223372000666119409,"username":"string","firstName":"string","lastName":"string","email":"string","password":"string","phone":"string","userStatus":0} 
 </msg>
<msg timestamp="20210914 19:38:20.983" level="TRACE">Return: &lt;Response [200]&gt;</msg>
<msg timestamp="20210914 19:38:20.983" level="INFO">${response} = &lt;Response [200]&gt;</msg>
<status status="PASS" starttime="20210914 19:38:17.259" endtime="20210914 19:38:20.983"/>
</kw>
<kw name="Status Should Be" library="RequestsLibrary">
<arg>OK</arg>
<arg>${response}</arg>
<doc>Fails if response status code is different than the expected.</doc>
<msg timestamp="20210914 19:38:20.985" level="TRACE">Arguments: [ 'OK' | &lt;Response [200]&gt; ]</msg>
<msg timestamp="20210914 19:38:20.986" level="TRACE">Return: None</msg>
<status status="PASS" starttime="20210914 19:38:20.984" endtime="20210914 19:38:20.986"/>
</kw>
<status status="PASS" starttime="20210914 19:38:17.258" endtime="20210914 19:38:20.986"/>
</test>
<test id="s1-t2" name="Swagger user post createWithList Test">
<kw name="POST" library="RequestsLibrary">
<var>${response}</var>
<arg>https://petstore.swagger.io/v2/user/createWithList</arg>
<arg>data= ${data_list}</arg>
<arg>headers=&amp;{headers}</arg>
<doc>Sends a POST request.</doc>
<msg timestamp="20210914 19:38:20.989" level="TRACE">Arguments: [ 'https://petstore.swagger.io/v2/user/createWithList' | data=' [{"id": 0, "username": "string", "firstName": "string", "lastName": "string", "email": "string", "password": "string", "phone": "string", "userStatus": 0}]' | headers={'Content-Type': 'application/json'} ]</msg>
<msg timestamp="20210914 19:38:20.994" level="DEBUG">Starting new HTTPS connection (1): petstore.swagger.io:443</msg>
<msg timestamp="20210914 19:38:22.022" level="DEBUG">https://petstore.swagger.io:443 "POST /v2/user/createWithList HTTP/1.1" 200 None</msg>
<msg timestamp="20210914 19:38:22.024" level="INFO">POST Request : url=https://petstore.swagger.io/v2/user/createWithList 
 path_url=/v2/user/createWithList 
 headers={'User-Agent': 'python-requests/2.26.0', 'Accept-Encoding': 'gzip, deflate', 'Accept': '*/*', 'Connection': 'keep-alive', 'Content-Type': 'application/json', 'Content-Length': '156'} 
 body= [{"id": 0, "username": "string", "firstName": "string", "lastName": "string", "email": "string", "password": "string", "phone": "string", "userStatus": 0}] 
 </msg>
<msg timestamp="20210914 19:38:22.024" level="INFO">POST Response : url=https://petstore.swagger.io/v2/user/createWithList 
 status=200, reason=OK 
 headers={'Date': 'Tue, 14 Sep 2021 16:38:21 GMT', 'Content-Type': 'application/json', 'Transfer-Encoding': 'chunked', 'Connection': 'keep-alive', 'Access-Control-Allow-Origin': '*', 'Access-Control-Allow-Methods': 'GET, POST, DELETE, PUT', 'Access-Control-Allow-Headers': 'Content-Type, api_key, Authorization', 'Server': 'Jetty(9.2.9.v20150224)'} 
 body={"code":200,"type":"unknown","message":"ok"} 
 </msg>
<msg timestamp="20210914 19:38:22.024" level="TRACE">Return: &lt;Response [200]&gt;</msg>
<msg timestamp="20210914 19:38:22.025" level="INFO">${response} = &lt;Response [200]&gt;</msg>
<status status="PASS" starttime="20210914 19:38:20.988" endtime="20210914 19:38:22.025"/>
</kw>
<kw name="Status Should Be" library="RequestsLibrary">
<arg>OK</arg>
<arg>${response}</arg>
<doc>Fails if response status code is different than the expected.</doc>
<msg timestamp="20210914 19:38:22.026" level="TRACE">Arguments: [ 'OK' | &lt;Response [200]&gt; ]</msg>
<msg timestamp="20210914 19:38:22.026" level="TRACE">Return: None</msg>
<status status="PASS" starttime="20210914 19:38:22.025" endtime="20210914 19:38:22.026"/>
</kw>
<status status="PASS" starttime="20210914 19:38:20.987" endtime="20210914 19:38:22.027"/>
</test>
<test id="s1-t3" name="Swagger user put username Test">
<kw name="PUT" library="RequestsLibrary">
<var>${response}</var>
<arg>https://petstore.swagger.io/v2/user/string</arg>
<arg>data=${data}</arg>
<arg>headers=&amp;{headers}</arg>
<doc>Sends a PUT request.</doc>
<msg timestamp="20210914 19:38:22.029" level="TRACE">Arguments: [ 'https://petstore.swagger.io/v2/user/string' | data='{"id": 0, "username": "string", "firstName": "string", "lastName": "string", "email": "string", "password": "string", "phone": "string", "userStatus": 0}' | headers={'Content-Type': 'application/json'} ]</msg>
<msg timestamp="20210914 19:38:22.034" level="DEBUG">Starting new HTTPS connection (1): petstore.swagger.io:443</msg>
<msg timestamp="20210914 19:38:23.053" level="DEBUG">https://petstore.swagger.io:443 "PUT /v2/user/string HTTP/1.1" 200 None</msg>
<msg timestamp="20210914 19:38:23.056" level="INFO">PUT Request : url=https://petstore.swagger.io/v2/user/string 
 path_url=/v2/user/string 
 headers={'User-Agent': 'python-requests/2.26.0', 'Accept-Encoding': 'gzip, deflate', 'Accept': '*/*', 'Connection': 'keep-alive', 'Content-Type': 'application/json', 'Content-Length': '153'} 
 body={"id": 0, "username": "string", "firstName": "string", "lastName": "string", "email": "string", "password": "string", "phone": "string", "userStatus": 0} 
 </msg>
<msg timestamp="20210914 19:38:23.057" level="INFO">PUT Response : url=https://petstore.swagger.io/v2/user/string 
 status=200, reason=OK 
 headers={'Date': 'Tue, 14 Sep 2021 16:38:22 GMT', 'Content-Type': 'application/json', 'Transfer-Encoding': 'chunked', 'Connection': 'keep-alive', 'Access-Control-Allow-Origin': '*', 'Access-Control-Allow-Methods': 'GET, POST, DELETE, PUT', 'Access-Control-Allow-Headers': 'Content-Type, api_key, Authorization', 'Server': 'Jetty(9.2.9.v20150224)'} 
 body={"code":200,"type":"unknown","message":"9223372000666120259"} 
 </msg>
<msg timestamp="20210914 19:38:23.057" level="TRACE">Return: &lt;Response [200]&gt;</msg>
<msg timestamp="20210914 19:38:23.057" level="INFO">${response} = &lt;Response [200]&gt;</msg>
<status status="PASS" starttime="20210914 19:38:22.029" endtime="20210914 19:38:23.057"/>
</kw>
<kw name="Status Should Be" library="RequestsLibrary">
<arg>OK</arg>
<arg>${response}</arg>
<doc>Fails if response status code is different than the expected.</doc>
<msg timestamp="20210914 19:38:23.058" level="TRACE">Arguments: [ 'OK' | &lt;Response [200]&gt; ]</msg>
<msg timestamp="20210914 19:38:23.058" level="TRACE">Return: None</msg>
<status status="PASS" starttime="20210914 19:38:23.058" endtime="20210914 19:38:23.059"/>
</kw>
<status status="PASS" starttime="20210914 19:38:22.028" endtime="20210914 19:38:23.059"/>
</test>
<test id="s1-t4" name="Swagger user del username Test">
<kw name="DELETE" library="RequestsLibrary">
<var>${response}</var>
<arg>https://petstore.swagger.io/v2/user/string</arg>
<arg>headers=${headers}</arg>
<doc>Sends a DELETE request.</doc>
<msg timestamp="20210914 19:38:23.060" level="TRACE">Arguments: [ 'https://petstore.swagger.io/v2/user/string' | headers={'Content-Type': 'application/json'} ]</msg>
<msg timestamp="20210914 19:38:23.061" level="DEBUG">Starting new HTTPS connection (1): petstore.swagger.io:443</msg>
<msg timestamp="20210914 19:38:24.074" level="DEBUG">https://petstore.swagger.io:443 "DELETE /v2/user/string HTTP/1.1" 200 None</msg>
<msg timestamp="20210914 19:38:24.077" level="INFO">DELETE Request : url=https://petstore.swagger.io/v2/user/string 
 path_url=/v2/user/string 
 headers={'User-Agent': 'python-requests/2.26.0', 'Accept-Encoding': 'gzip, deflate', 'Accept': '*/*', 'Connection': 'keep-alive', 'Content-Type': 'application/json', 'Content-Length': '0'} 
 body=None 
 </msg>
<msg timestamp="20210914 19:38:24.077" level="INFO">DELETE Response : url=https://petstore.swagger.io/v2/user/string 
 status=200, reason=OK 
 headers={'Date': 'Tue, 14 Sep 2021 16:38:24 GMT', 'Content-Type': 'application/json', 'Transfer-Encoding': 'chunked', 'Connection': 'keep-alive', 'Access-Control-Allow-Origin': '*', 'Access-Control-Allow-Methods': 'GET, POST, DELETE, PUT', 'Access-Control-Allow-Headers': 'Content-Type, api_key, Authorization', 'Server': 'Jetty(9.2.9.v20150224)'} 
 body={"code":200,"type":"unknown","message":"string"} 
 </msg>
<msg timestamp="20210914 19:38:24.077" level="TRACE">Return: &lt;Response [200]&gt;</msg>
<msg timestamp="20210914 19:38:24.077" level="INFO">${response} = &lt;Response [200]&gt;</msg>
<status status="PASS" starttime="20210914 19:38:23.059" endtime="20210914 19:38:24.077"/>
</kw>
<kw name="Status Should Be" library="RequestsLibrary">
<arg>OK</arg>
<arg>${response}</arg>
<doc>Fails if response status code is different than the expected.</doc>
<msg timestamp="20210914 19:38:24.079" level="TRACE">Arguments: [ 'OK' | &lt;Response [200]&gt; ]</msg>
<msg timestamp="20210914 19:38:24.079" level="TRACE">Return: None</msg>
<status status="PASS" starttime="20210914 19:38:24.078" endtime="20210914 19:38:24.079"/>
</kw>
<status status="PASS" starttime="20210914 19:38:23.059" endtime="20210914 19:38:24.080"/>
</test>
<test id="s1-t5" name="Swagger user login Test">
<kw name="GET" library="RequestsLibrary">
<var>${response}</var>
<arg>https://petstore.swagger.io/v2/user/login</arg>
<arg>headers=${headers}</arg>
<arg>data=${data_to_login}</arg>
<doc>Sends a GET request.</doc>
<msg timestamp="20210914 19:38:24.081" level="TRACE">Arguments: [ 'https://petstore.swagger.io/v2/user/login' | headers={'Content-Type': 'application/json'} | data='[{"username": "string", "password": "string"}]' ]</msg>
<msg timestamp="20210914 19:38:24.082" level="DEBUG">Starting new HTTPS connection (1): petstore.swagger.io:443</msg>
<msg timestamp="20210914 19:38:25.108" level="DEBUG">https://petstore.swagger.io:443 "GET /v2/user/login HTTP/1.1" 200 None</msg>
<msg timestamp="20210914 19:38:25.111" level="INFO">GET Request : url=https://petstore.swagger.io/v2/user/login 
 path_url=/v2/user/login 
 headers={'User-Agent': 'python-requests/2.26.0', 'Accept-Encoding': 'gzip, deflate', 'Accept': '*/*', 'Connection': 'keep-alive', 'Content-Type': 'application/json', 'Content-Length': '46'} 
 body=[{"username": "string", "password": "string"}] 
 </msg>
<msg timestamp="20210914 19:38:25.111" level="INFO">GET Response : url=https://petstore.swagger.io/v2/user/login 
 status=200, reason=OK 
 headers={'Date': 'Tue, 14 Sep 2021 16:38:25 GMT', 'Content-Type': 'application/json', 'Transfer-Encoding': 'chunked', 'Connection': 'close', 'Access-Control-Allow-Origin': '*', 'Access-Control-Allow-Methods': 'GET, POST, DELETE, PUT', 'Access-Control-Allow-Headers': 'Content-Type, api_key, Authorization', 'X-Expires-After': 'Tue Sep 14 17:38:25 UTC 2021', 'X-Rate-Limit': '5000', 'Server': 'Jetty(9.2.9.v20150224)'} 
 body={"code":200,"type":"unknown","message":"logged in user session:1631637505038"} 
 </msg>
<msg timestamp="20210914 19:38:25.111" level="TRACE">Return: &lt;Response [200]&gt;</msg>
<msg timestamp="20210914 19:38:25.112" level="INFO">${response} = &lt;Response [200]&gt;</msg>
<status status="PASS" starttime="20210914 19:38:24.080" endtime="20210914 19:38:25.112"/>
</kw>
<kw name="Status Should Be" library="RequestsLibrary">
<arg>OK</arg>
<arg>${response}</arg>
<doc>Fails if response status code is different than the expected.</doc>
<msg timestamp="20210914 19:38:25.113" level="TRACE">Arguments: [ 'OK' | &lt;Response [200]&gt; ]</msg>
<msg timestamp="20210914 19:38:25.113" level="TRACE">Return: None</msg>
<status status="PASS" starttime="20210914 19:38:25.112" endtime="20210914 19:38:25.113"/>
</kw>
<status status="PASS" starttime="20210914 19:38:24.080" endtime="20210914 19:38:25.114"/>
</test>
<test id="s1-t6" name="Swagger user logout Test">
<kw name="GET" library="RequestsLibrary">
<var>${response}</var>
<arg>https://petstore.swagger.io/v2/user/logout</arg>
<arg>headers=${headers}</arg>
<arg>data=${data_to_login}</arg>
<doc>Sends a GET request.</doc>
<msg timestamp="20210914 19:38:25.115" level="TRACE">Arguments: [ 'https://petstore.swagger.io/v2/user/logout' | headers={'Content-Type': 'application/json'} | data='[{"username": "string", "password": "string"}]' ]</msg>
<msg timestamp="20210914 19:38:25.116" level="DEBUG">Starting new HTTPS connection (1): petstore.swagger.io:443</msg>
<msg timestamp="20210914 19:38:26.134" level="DEBUG">https://petstore.swagger.io:443 "GET /v2/user/logout HTTP/1.1" 200 None</msg>
<msg timestamp="20210914 19:38:26.137" level="INFO">GET Request : url=https://petstore.swagger.io/v2/user/logout 
 path_url=/v2/user/logout 
 headers={'User-Agent': 'python-requests/2.26.0', 'Accept-Encoding': 'gzip, deflate', 'Accept': '*/*', 'Connection': 'keep-alive', 'Content-Type': 'application/json', 'Content-Length': '46'} 
 body=[{"username": "string", "password": "string"}] 
 </msg>
<msg timestamp="20210914 19:38:26.137" level="INFO">GET Response : url=https://petstore.swagger.io/v2/user/logout 
 status=200, reason=OK 
 headers={'Date': 'Tue, 14 Sep 2021 16:38:26 GMT', 'Content-Type': 'application/json', 'Transfer-Encoding': 'chunked', 'Connection': 'close', 'Access-Control-Allow-Origin': '*', 'Access-Control-Allow-Methods': 'GET, POST, DELETE, PUT', 'Access-Control-Allow-Headers': 'Content-Type, api_key, Authorization', 'Server': 'Jetty(9.2.9.v20150224)'} 
 body={"code":200,"type":"unknown","message":"ok"} 
 </msg>
<msg timestamp="20210914 19:38:26.137" level="TRACE">Return: &lt;Response [200]&gt;</msg>
<msg timestamp="20210914 19:38:26.137" level="INFO">${response} = &lt;Response [200]&gt;</msg>
<status status="PASS" starttime="20210914 19:38:25.114" endtime="20210914 19:38:26.137"/>
</kw>
<kw name="Status Should Be" library="RequestsLibrary">
<arg>OK</arg>
<arg>${response}</arg>
<doc>Fails if response status code is different than the expected.</doc>
<msg timestamp="20210914 19:38:26.139" level="TRACE">Arguments: [ 'OK' | &lt;Response [200]&gt; ]</msg>
<msg timestamp="20210914 19:38:26.139" level="TRACE">Return: None</msg>
<status status="PASS" starttime="20210914 19:38:26.138" endtime="20210914 19:38:26.139"/>
</kw>
<status status="PASS" starttime="20210914 19:38:25.114" endtime="20210914 19:38:26.140"/>
</test>
<test id="s1-t7" name="Swagger list user Test">
<kw name="POST" library="RequestsLibrary">
<var>${response}</var>
<arg>https://petstore.swagger.io/v2/user/createWithArray</arg>
<arg>headers=${headers}</arg>
<arg>data=${data_list}</arg>
<doc>Sends a POST request.</doc>
<msg timestamp="20210914 19:38:26.143" level="TRACE">Arguments: [ 'https://petstore.swagger.io/v2/user/createWithArray' | headers={'Content-Type': 'application/json'} | data='[{"id": 0, "username": "string", "firstName": "string", "lastName": "string", "email": "string", "password": "string", "phone": "string", "userStatus": 0}]' ]</msg>
<msg timestamp="20210914 19:38:26.148" level="DEBUG">Starting new HTTPS connection (1): petstore.swagger.io:443</msg>
<msg timestamp="20210914 19:38:27.193" level="DEBUG">https://petstore.swagger.io:443 "POST /v2/user/createWithArray HTTP/1.1" 200 None</msg>
<msg timestamp="20210914 19:38:27.195" level="INFO">POST Request : url=https://petstore.swagger.io/v2/user/createWithArray 
 path_url=/v2/user/createWithArray 
 headers={'User-Agent': 'python-requests/2.26.0', 'Accept-Encoding': 'gzip, deflate', 'Accept': '*/*', 'Connection': 'keep-alive', 'Content-Type': 'application/json', 'Content-Length': '155'} 
 body=[{"id": 0, "username": "string", "firstName": "string", "lastName": "string", "email": "string", "password": "string", "phone": "string", "userStatus": 0}] 
 </msg>
<msg timestamp="20210914 19:38:27.196" level="INFO">POST Response : url=https://petstore.swagger.io/v2/user/createWithArray 
 status=200, reason=OK 
 headers={'Date': 'Tue, 14 Sep 2021 16:38:27 GMT', 'Content-Type': 'application/json', 'Transfer-Encoding': 'chunked', 'Connection': 'keep-alive', 'Access-Control-Allow-Origin': '*', 'Access-Control-Allow-Methods': 'GET, POST, DELETE, PUT', 'Access-Control-Allow-Headers': 'Content-Type, api_key, Authorization', 'Server': 'Jetty(9.2.9.v20150224)'} 
 body={"code":200,"type":"unknown","message":"ok"} 
 </msg>
<msg timestamp="20210914 19:38:27.196" level="TRACE">Return: &lt;Response [200]&gt;</msg>
<msg timestamp="20210914 19:38:27.196" level="INFO">${response} = &lt;Response [200]&gt;</msg>
<status status="PASS" starttime="20210914 19:38:26.142" endtime="20210914 19:38:27.196"/>
</kw>
<kw name="Status Should Be" library="RequestsLibrary">
<arg>OK</arg>
<arg>${response}</arg>
<doc>Fails if response status code is different than the expected.</doc>
<msg timestamp="20210914 19:38:27.198" level="TRACE">Arguments: [ 'OK' | &lt;Response [200]&gt; ]</msg>
<msg timestamp="20210914 19:38:27.198" level="TRACE">Return: None</msg>
<status status="PASS" starttime="20210914 19:38:27.197" endtime="20210914 19:38:27.199"/>
</kw>
<status status="PASS" starttime="20210914 19:38:26.141" endtime="20210914 19:38:27.199"/>
</test>
<test id="s1-t8" name="Swagger create user Test">
<kw name="POST" library="RequestsLibrary">
<var>${response}</var>
<arg>https://petstore.swagger.io/v2/user</arg>
<arg>headers=${headers}</arg>
<arg>data=${data}</arg>
<doc>Sends a POST request.</doc>
<msg timestamp="20210914 19:38:27.202" level="TRACE">Arguments: [ 'https://petstore.swagger.io/v2/user' | headers={'Content-Type': 'application/json'} | data='{"id": 0, "username": "string", "firstName": "string", "lastName": "string", "email": "string", "password": "string", "phone": "string", "userStatus": 0}' ]</msg>
<msg timestamp="20210914 19:38:27.207" level="DEBUG">Starting new HTTPS connection (1): petstore.swagger.io:443</msg>
<msg timestamp="20210914 19:38:28.235" level="DEBUG">https://petstore.swagger.io:443 "POST /v2/user HTTP/1.1" 200 None</msg>
<msg timestamp="20210914 19:38:28.238" level="INFO">POST Request : url=https://petstore.swagger.io/v2/user 
 path_url=/v2/user 
 headers={'User-Agent': 'python-requests/2.26.0', 'Accept-Encoding': 'gzip, deflate', 'Accept': '*/*', 'Connection': 'keep-alive', 'Content-Type': 'application/json', 'Content-Length': '153'} 
 body={"id": 0, "username": "string", "firstName": "string", "lastName": "string", "email": "string", "password": "string", "phone": "string", "userStatus": 0} 
 </msg>
<msg timestamp="20210914 19:38:28.238" level="INFO">POST Response : url=https://petstore.swagger.io/v2/user 
 status=200, reason=OK 
 headers={'Date': 'Tue, 14 Sep 2021 16:38:28 GMT', 'Content-Type': 'application/json', 'Transfer-Encoding': 'chunked', 'Connection': 'keep-alive', 'Access-Control-Allow-Origin': '*', 'Access-Control-Allow-Methods': 'GET, POST, DELETE, PUT', 'Access-Control-Allow-Headers': 'Content-Type, api_key, Authorization', 'Server': 'Jetty(9.2.9.v20150224)'} 
 body={"code":200,"type":"unknown","message":"9223372000666120260"} 
 </msg>
<msg timestamp="20210914 19:38:28.238" level="TRACE">Return: &lt;Response [200]&gt;</msg>
<msg timestamp="20210914 19:38:28.238" level="INFO">${response} = &lt;Response [200]&gt;</msg>
<status status="PASS" starttime="20210914 19:38:27.201" endtime="20210914 19:38:28.238"/>
</kw>
<kw name="Status Should Be" library="RequestsLibrary">
<arg>OK</arg>
<arg>${response}</arg>
<doc>Fails if response status code is different than the expected.</doc>
<msg timestamp="20210914 19:38:28.240" level="TRACE">Arguments: [ 'OK' | &lt;Response [200]&gt; ]</msg>
<msg timestamp="20210914 19:38:28.240" level="TRACE">Return: None</msg>
<status status="PASS" starttime="20210914 19:38:28.239" endtime="20210914 19:38:28.240"/>
</kw>
<status status="PASS" starttime="20210914 19:38:27.200" endtime="20210914 19:38:28.241"/>
</test>
<doc>Example using the space separated format.
Checking the information provided in the
Robot Framework documentation.</doc>
<status status="PASS" starttime="20210914 19:38:17.185" endtime="20210914 19:38:28.242"/>
</suite>
<statistics>
<total>
<stat pass="8" fail="0" skip="0">All Tests</stat>
</total>
<tag>
</tag>
<suite>
<stat pass="8" fail="0" skip="0" id="s1" name="Users Tests">Users Tests</stat>
</suite>
</statistics>
<errors>
</errors>
</robot>
